[0.046s] Invoking command in '/home/julien/Documents/ros/robot_arm/ros2_ws_robot/build/prog_robot_cpp': CMAKE_PREFIX_PATH=${CMAKE_PREFIX_PATH}:/home/julien/Documents/ros/ws_ros2/install/simple_pub_sub:/home/julien/Documents/ros/ws_ros2/install/py_pubsub:/home/julien/Documents/ros/microros_ws/install/sensor_msgs_py:/home/julien/Documents/ros/ws_moveit2/install/moveit_configs_utils:/home/julien/Documents/ros/ws_moveit2/install/launch_param_builder:/home/julien/Documents/ros/robot_arm/ros2_ws_robot/install/tictactoe:/home/julien/Documents/ros/robot_arm/ros2_ws_robot/install/prog_robot:/opt/ros/humble /usr/bin/cmake --build /home/julien/Documents/ros/robot_arm/ros2_ws_robot/build/prog_robot_cpp -- -j4 -l4
[0.263s] [35m[1mConsolidate compiler generated dependencies of target move[0m
[0.346s] [ 16%] [32mBuilding CXX object CMakeFiles/hello_moveit.dir/src/hello_moveit.cpp.o[0m
[0.380s] [ 33%] [32mBuilding CXX object CMakeFiles/move.dir/src/move.cpp.o[0m
[13.321s] /home/julien/Documents/ros/robot_arm/ros2_ws_robot/src/prog_robot_cpp/src/move.cpp: In instantiation of â€˜[01m[KMove::pose_callback(std_msgs::msg::Float32MultiArray)::<lambda(auto:41)> [with auto:41 = const char*][m[Kâ€™:
[13.322s] [01m[K/home/julien/Documents/ros/robot_arm/ros2_ws_robot/src/prog_robot_cpp/src/move.cpp:92:15:[m[K   required from here
[13.323s] [01m[K/home/julien/Documents/ros/robot_arm/ros2_ws_robot/src/prog_robot_cpp/src/move.cpp:68:29:[m[K [01;31m[Kerror: [m[Kpassing â€˜[01m[Kconst moveit_visual_tools::MoveItVisualTools[m[Kâ€™ as â€˜[01m[Kthis[m[Kâ€™ argument discards qualifiers [[01;31m[K]8;;https://gcc.gnu.org/onlinedocs/gcc/Warning-Options.html#index-fpermissive-fpermissive]8;;[m[K]
[13.324s]    68 |         [01;31m[Kvisual_tools_.prompt(text)[m[K;
[13.325s]       |         [01;31m[K~~~~~~~~~~~~~~~~~~~~^~~~~~[m[K
[13.326s] In file included from [01m[K/home/julien/Documents/ros/ws_moveit2/install/moveit_visual_tools/include/moveit_visual_tools/moveit_visual_tools.h:38[m[K,
[13.326s]                  from [01m[K/home/julien/Documents/ros/robot_arm/ros2_ws_robot/src/prog_robot_cpp/src/move.cpp:5[m[K:
[13.327s] [01m[K/opt/ros/humble/include/rviz_visual_tools/rviz_visual_tools.hpp:1243:8:[m[K [01;36m[Knote: [m[K  in call to â€˜[01m[Kbool rviz_visual_tools::RvizVisualTools::prompt(const string&)[m[Kâ€™
[13.328s]  1243 |   bool [01;36m[Kprompt[m[K(const std::string& msg);
[13.329s]       |        [01;36m[K^~~~~~[m[K
[13.330s] /home/julien/Documents/ros/robot_arm/ros2_ws_robot/src/prog_robot_cpp/src/move.cpp: In instantiation of â€˜[01m[KMove::pose_callback(std_msgs::msg::Float32MultiArray)::<lambda(auto:40)> [with auto:40 = const char*][m[Kâ€™:
[13.331s] [01m[K/home/julien/Documents/ros/robot_arm/ros2_ws_robot/src/prog_robot_cpp/src/move.cpp:93:19:[m[K   required from here
[13.332s] [01m[K/home/julien/Documents/ros/robot_arm/ros2_ws_robot/src/prog_robot_cpp/src/move.cpp:64:34:[m[K [01;31m[Kerror: [m[Kpassing â€˜[01m[Kconst moveit_visual_tools::MoveItVisualTools[m[Kâ€™ as â€˜[01m[Kthis[m[Kâ€™ argument discards qualifiers [[01;31m[K]8;;https://gcc.gnu.org/onlinedocs/gcc/Warning-Options.html#index-fpermissive-fpermissive]8;;[m[K]
[13.333s]    64 |         [01;31m[Kvisual_tools_.publishText(text_pose, text, rviz_visual_tools::WHITE,[m[K
[13.333s]       |         [01;31m[K~~~~~~~~~~~~~~~~~~~~~~~~~^~~~~~~~~~~~~~~~~~~~~~~~~~~~~~~~~~~~~~~~~~~[m[K
[13.334s]    65 | [01;31m[K                                        rviz_visual_tools::XLARGE)[m[K;
[13.336s]       |                                         [01;31m[K~~~~~~~~~~~~~~~~~~~~~~~~~~[m[K
[13.338s] In file included from [01m[K/home/julien/Documents/ros/ws_moveit2/install/moveit_visual_tools/include/moveit_visual_tools/moveit_visual_tools.h:38[m[K,
[13.340s]                  from [01m[K/home/julien/Documents/ros/robot_arm/ros2_ws_robot/src/prog_robot_cpp/src/move.cpp:5[m[K:
[13.341s] [01m[K/opt/ros/humble/include/rviz_visual_tools/rviz_visual_tools.hpp:1039:8:[m[K [01;36m[Knote: [m[K  in call to â€˜[01m[Kbool rviz_visual_tools::RvizVisualTools::publishText(const Isometry3d&, const string&, rviz_visual_tools::Colors, rviz_visual_tools::Scales, bool)[m[Kâ€™
[13.342s]  1039 |   bool [01;36m[KpublishText[m[K(const Eigen::Isometry3d& pose, const std::string& text, Colors color = WHITE,
[13.342s]       |        [01;36m[K^~~~~~~~~~~[m[K
[13.343s] [01m[K/home/julien/Documents/ros/robot_arm/ros2_ws_robot/src/prog_robot_cpp/src/move.cpp:[m[K In member function â€˜[01m[Kvoid Move::pose_callback(std_msgs::msg::Float32MultiArray)[m[Kâ€™:
[13.344s] [01m[K/home/julien/Documents/ros/robot_arm/ros2_ws_robot/src/prog_robot_cpp/src/move.cpp:95:40:[m[K [01;31m[Kerror: [m[Kcapture of non-variable â€˜[01m[KMove::move_group_[m[Kâ€™
[13.346s]    95 |         auto const [success, plan] = [&[01;31m[Kmove_group_[m[K] {
[13.348s]       |                                        [01;31m[K^~~~~~~~~~~[m[K
[13.350s] [01m[K/home/julien/Documents/ros/robot_arm/ros2_ws_robot/src/prog_robot_cpp/src/move.cpp:20:52:[m[K [01;36m[Knote: [m[Kâ€˜[01m[Kmoveit::planning_interface::MoveGroupInterface Move::move_group_[m[Kâ€™ declared here
[13.350s]    20 |     moveit::planning_interface::MoveGroupInterface [01;36m[Kmove_group_[m[K;
[13.351s]       |                                                    [01;36m[K^~~~~~~~~~~[m[K
[13.352s] [01m[K/home/julien/Documents/ros/robot_arm/ros2_ws_robot/src/prog_robot_cpp/src/move.cpp:[m[K In lambda function:
[13.353s] [01m[K/home/julien/Documents/ros/robot_arm/ros2_ws_robot/src/prog_robot_cpp/src/move.cpp:97:43:[m[K [01;31m[Kerror: [m[Kâ€˜[01m[Kthis[m[Kâ€™ was not captured for this lambda function
[13.354s]    97 |         auto const ok = static_cast<bool>([01;31m[Kmove_group_[m[K.plan(msg));
[13.354s]       |                                           [01;31m[K^~~~~~~~~~~[m[K
[13.356s] [01m[K/home/julien/Documents/ros/robot_arm/ros2_ws_robot/src/prog_robot_cpp/src/move.cpp:97:43:[m[K [01;31m[Kerror: [m[Kinvalid use of non-static data member â€˜[01m[KMove::move_group_[m[Kâ€™
[13.356s] [01m[K/home/julien/Documents/ros/robot_arm/ros2_ws_robot/src/prog_robot_cpp/src/move.cpp:20:52:[m[K [01;36m[Knote: [m[Kdeclared here
[13.357s]    20 |     moveit::planning_interface::MoveGroupInterface [01;36m[Kmove_group_[m[K;
[13.358s]       |                                                    [01;36m[K^~~~~~~~~~~[m[K
[17.790s] [ 50%] [32m[1mLinking CXX executable hello_moveit[0m
[19.192s] [ 50%] Built target hello_moveit
[19.289s] gmake[2]: *** [CMakeFiles/move.dir/build.make:76: CMakeFiles/move.dir/src/move.cpp.o] Error 1
[19.289s] gmake[1]: *** [CMakeFiles/Makefile2:167: CMakeFiles/move.dir/all] Error 2
[19.289s] gmake: *** [Makefile:146: all] Error 2
[19.294s] Invoked command in '/home/julien/Documents/ros/robot_arm/ros2_ws_robot/build/prog_robot_cpp' returned '2': CMAKE_PREFIX_PATH=${CMAKE_PREFIX_PATH}:/home/julien/Documents/ros/ws_ros2/install/simple_pub_sub:/home/julien/Documents/ros/ws_ros2/install/py_pubsub:/home/julien/Documents/ros/microros_ws/install/sensor_msgs_py:/home/julien/Documents/ros/ws_moveit2/install/moveit_configs_utils:/home/julien/Documents/ros/ws_moveit2/install/launch_param_builder:/home/julien/Documents/ros/robot_arm/ros2_ws_robot/install/tictactoe:/home/julien/Documents/ros/robot_arm/ros2_ws_robot/install/prog_robot:/opt/ros/humble /usr/bin/cmake --build /home/julien/Documents/ros/robot_arm/ros2_ws_robot/build/prog_robot_cpp -- -j4 -l4
