[35m[1mConsolidate compiler generated dependencies of target move[0m
[ 20%] Built target transformation_matrix_calculator
[ 40%] Built target scene
[ 60%] Built target hello_moveit
[ 70%] [32mBuilding CXX object CMakeFiles/move.dir/src/move.cpp.o[0m
[ 90%] Built target frame_effector
[01m[K/home/julien/Documents/ros/robot_arm/ros2_ws_robot/src/prog_robot_cpp/src/move.cpp:[m[K In member function â€˜[01m[Kvoid Move::timer_callback()[m[Kâ€™:
[01m[K/home/julien/Documents/ros/robot_arm/ros2_ws_robot/src/prog_robot_cpp/src/move.cpp:177:7:[m[K [01;31m[Kerror: [m[Kexpected â€˜[01m[K([m[Kâ€™ before â€˜[01m[K{[m[Kâ€™ token
  177 |     if[01;31m[K{[m[K!all_poses.empty()}{
      |       [01;31m[K^[m[K
      |       [32m[K([m[K
gmake[2]: *** [CMakeFiles/move.dir/build.make:76: CMakeFiles/move.dir/src/move.cpp.o] Error 1
gmake[1]: *** [CMakeFiles/Makefile2:171: CMakeFiles/move.dir/all] Error 2
gmake: *** [Makefile:146: all] Error 2
