[0.043s] Invoking command in '/home/julien/Documents/ros/robot_arm/ros2_ws_robot/build/prog_robot_cpp': CMAKE_PREFIX_PATH=${CMAKE_PREFIX_PATH}:/home/julien/Documents/ros/ws_ros2/install/simple_pub_sub:/home/julien/Documents/ros/ws_ros2/install/py_pubsub:/home/julien/Documents/ros/microros_ws/install/sensor_msgs_py:/home/julien/Documents/ros/ws_moveit2/install/moveit_configs_utils:/home/julien/Documents/ros/ws_moveit2/install/launch_param_builder:/home/julien/Documents/ros/robot_arm/ros2_ws_robot/install/tictactoe:/home/julien/Documents/ros/robot_arm/ros2_ws_robot/install/prog_robot:/opt/ros/humble /usr/bin/cmake --build /home/julien/Documents/ros/robot_arm/ros2_ws_robot/build/prog_robot_cpp -- -j4 -l4
[0.323s] [35m[1mConsolidate compiler generated dependencies of target move[0m
[0.390s] [ 33%] Built target hello_moveit
[0.397s] [ 66%] Built target scene
[0.422s] [ 83%] [32mBuilding CXX object CMakeFiles/move.dir/src/move.cpp.o[0m
[11.426s] [01m[K/home/julien/Documents/ros/robot_arm/ros2_ws_robot/src/prog_robot_cpp/src/move.cpp:[m[K In member function â€˜[01m[Kvoid Move::pose_callback(std_msgs::msg::Float32MultiArray)[m[Kâ€™:
[11.427s] [01m[K/home/julien/Documents/ros/robot_arm/ros2_ws_robot/src/prog_robot_cpp/src/move.cpp:50:9:[m[K [01;31m[Kerror: [m[Kâ€˜[01m[Kostringstream[m[Kâ€™ was not declared in this scope; did you mean â€˜[01m[Kstd::ostringstream[m[Kâ€™?
[11.427s]    50 |         [01;31m[Kostringstream[m[K stream;
[11.427s]       |         [01;31m[K^~~~~~~~~~~~~[m[K
[11.427s]       |         [32m[Kstd::ostringstream[m[K
[11.427s] In file included from [01m[K/usr/include/c++/11/bits/shared_ptr.h:52[m[K,
[11.428s]                  from [01m[K/usr/include/c++/11/memory:77[m[K,
[11.428s]                  from [01m[K/home/julien/Documents/ros/robot_arm/ros2_ws_robot/src/prog_robot_cpp/src/move.cpp:1[m[K:
[11.428s] [01m[K/usr/include/c++/11/iosfwd:153:41:[m[K [01;36m[Knote: [m[Kâ€˜[01m[Kstd::ostringstream[m[Kâ€™ declared here
[11.428s]   153 |   typedef basic_ostringstream<char>     [01;36m[Kostringstream[m[K;
[11.428s]       |                                         [01;36m[K^~~~~~~~~~~~~[m[K
[11.428s] [01m[K/home/julien/Documents/ros/robot_arm/ros2_ws_robot/src/prog_robot_cpp/src/move.cpp:52:50:[m[K [01;31m[Kerror: [m[Kâ€˜[01m[Kostream_iterator[m[Kâ€™ was not declared in this scope; did you mean â€˜[01m[Kstd::ostream_iterator[m[Kâ€™?
[11.428s]    52 |         copy(msg.data.begin(), msg.data.end()-1, [01;31m[Kostream_iterator[m[K<int>(stream,", "));
[11.428s]       |                                                  [01;31m[K^~~~~~~~~~~~~~~~[m[K
[11.428s]       |                                                  [32m[Kstd::ostream_iterator[m[K
[11.428s] In file included from [01m[K/usr/include/c++/11/iterator:65[m[K,
[11.428s]                  from [01m[K/opt/ros/humble/include/rcpputils/rcpputils/join.hpp:23[m[K,
[11.428s]                  from [01m[K/opt/ros/humble/include/rclcpp/rclcpp/exceptions/exceptions.hpp:26[m[K,
[11.429s]                  from [01m[K/opt/ros/humble/include/rclcpp/rclcpp/exceptions.hpp:18[m[K,
[11.429s]                  from [01m[K/opt/ros/humble/include/rclcpp/rclcpp/client.hpp:37[m[K,
[11.429s]                  from [01m[K/opt/ros/humble/include/rclcpp/rclcpp/callback_group.hpp:24[m[K,
[11.429s]                  from [01m[K/opt/ros/humble/include/rclcpp/rclcpp/any_executable.hpp:20[m[K,
[11.429s]                  from [01m[K/opt/ros/humble/include/rclcpp/rclcpp/memory_strategy.hpp:25[m[K,
[11.429s]                  from [01m[K/opt/ros/humble/include/rclcpp/rclcpp/memory_strategies.hpp:18[m[K,
[11.429s]                  from [01m[K/opt/ros/humble/include/rclcpp/rclcpp/executor_options.hpp:20[m[K,
[11.429s]                  from [01m[K/opt/ros/humble/include/rclcpp/rclcpp/executor.hpp:37[m[K,
[11.429s]                  from [01m[K/opt/ros/humble/include/rclcpp/rclcpp/executors/multi_threaded_executor.hpp:25[m[K,
[11.429s]                  from [01m[K/opt/ros/humble/include/rclcpp/rclcpp/executors.hpp:21[m[K,
[11.429s]                  from [01m[K/opt/ros/humble/include/rclcpp/rclcpp/rclcpp.hpp:155[m[K,
[11.429s]                  from [01m[K/home/julien/Documents/ros/robot_arm/ros2_ws_robot/src/prog_robot_cpp/src/move.cpp:3[m[K:
[11.429s] [01m[K/usr/include/c++/11/bits/stream_iterator.h:176:11:[m[K [01;36m[Knote: [m[Kâ€˜[01m[Kstd::ostream_iterator[m[Kâ€™ declared here
[11.429s]   176 |     class [01;36m[Kostream_iterator[m[K
[11.430s]       |           [01;36m[K^~~~~~~~~~~~~~~~[m[K
[11.430s] [01m[K/home/julien/Documents/ros/robot_arm/ros2_ws_robot/src/prog_robot_cpp/src/move.cpp:52:67:[m[K [01;31m[Kerror: [m[Kexpected primary-expression before â€˜[01m[Kint[m[Kâ€™
[11.430s]    52 |         copy(msg.data.begin(), msg.data.end()-1, ostream_iterator<[01;31m[Kint[m[K>(stream,", "));
[11.430s]       |                                                                   [01;31m[K^~~[m[K
[11.430s] [01m[K/home/julien/Documents/ros/robot_arm/ros2_ws_robot/src/prog_robot_cpp/src/move.cpp:53:9:[m[K [01;31m[Kerror: [m[Kâ€˜[01m[Kstream[m[Kâ€™ was not declared in this scope; did you mean â€˜[01m[Kstd::io_errc::stream[m[Kâ€™?
[11.430s]    53 |         [01;31m[Kstream[m[K << msg.data.back();
[11.430s]       |         [01;31m[K^~~~~~[m[K
[11.430s]       |         [32m[Kstd::io_errc::stream[m[K
[11.430s] In file included from [01m[K/usr/include/c++/11/ios:42[m[K,
[11.431s]                  from [01m[K/usr/include/c++/11/ostream:38[m[K,
[11.431s]                  from [01m[K/usr/include/c++/11/iostream:39[m[K,
[11.431s]                  from [01m[K/opt/ros/humble/include/rclcpp/rclcpp/executor.hpp:22[m[K,
[11.431s]                  from [01m[K/opt/ros/humble/include/rclcpp/rclcpp/executors/multi_threaded_executor.hpp:25[m[K,
[11.431s]                  from [01m[K/opt/ros/humble/include/rclcpp/rclcpp/executors.hpp:21[m[K,
[11.431s]                  from [01m[K/opt/ros/humble/include/rclcpp/rclcpp/rclcpp.hpp:155[m[K,
[11.431s]                  from [01m[K/home/julien/Documents/ros/robot_arm/ros2_ws_robot/src/prog_robot_cpp/src/move.cpp:3[m[K:
[11.431s] [01m[K/usr/include/c++/11/bits/ios_base.h:203:24:[m[K [01;36m[Knote: [m[Kâ€˜[01m[Kstd::io_errc::stream[m[Kâ€™ declared here
[11.432s]   203 |   enum class io_errc { [01;36m[Kstream[m[K = 1 };
[11.432s]       |                        [01;36m[K^~~~~~[m[K
[11.432s] In file included from [01m[K/opt/ros/humble/include/rclcpp/rclcpp/logging.hpp:24[m[K,
[11.432s]                  from [01m[K/opt/ros/humble/include/rclcpp/rclcpp/client.hpp:40[m[K,
[11.432s]                  from [01m[K/opt/ros/humble/include/rclcpp/rclcpp/callback_group.hpp:24[m[K,
[11.432s]                  from [01m[K/opt/ros/humble/include/rclcpp/rclcpp/any_executable.hpp:20[m[K,
[11.432s]                  from [01m[K/opt/ros/humble/include/rclcpp/rclcpp/memory_strategy.hpp:25[m[K,
[11.432s]                  from [01m[K/opt/ros/humble/include/rclcpp/rclcpp/memory_strategies.hpp:18[m[K,
[11.432s]                  from [01m[K/opt/ros/humble/include/rclcpp/rclcpp/executor_options.hpp:20[m[K,
[11.432s]                  from [01m[K/opt/ros/humble/include/rclcpp/rclcpp/executor.hpp:37[m[K,
[11.432s]                  from [01m[K/opt/ros/humble/include/rclcpp/rclcpp/executors/multi_threaded_executor.hpp:25[m[K,
[11.432s]                  from [01m[K/opt/ros/humble/include/rclcpp/rclcpp/executors.hpp:21[m[K,
[11.432s]                  from [01m[K/opt/ros/humble/include/rclcpp/rclcpp/rclcpp.hpp:155[m[K,
[11.432s]                  from [01m[K/home/julien/Documents/ros/robot_arm/ros2_ws_robot/src/prog_robot_cpp/src/move.cpp:3[m[K:
[11.433s] [01m[K/home/julien/Documents/ros/robot_arm/ros2_ws_robot/src/prog_robot_cpp/src/move.cpp:55:58:[m[K [01;31m[Kerror: [m[Kâ€˜[01m[Kstream[m[Kâ€™ was not declared in this scope; did you mean â€˜[01m[Kstd::io_errc::stream[m[Kâ€™?
[11.433s]    55 |         RCLCPP_INFO(this->get_logger(), "I heard: '%s'", [01;31m[Kstream[m[K.str());
[11.433s]       |                                                          [01;31m[K^~~~~~[m[K
[11.433s] In file included from [01m[K/usr/include/c++/11/ios:42[m[K,
[11.433s]                  from [01m[K/usr/include/c++/11/ostream:38[m[K,
[11.433s]                  from [01m[K/usr/include/c++/11/iostream:39[m[K,
[11.433s]                  from [01m[K/opt/ros/humble/include/rclcpp/rclcpp/executor.hpp:22[m[K,
[11.433s]                  from [01m[K/opt/ros/humble/include/rclcpp/rclcpp/executors/multi_threaded_executor.hpp:25[m[K,
[11.433s]                  from [01m[K/opt/ros/humble/include/rclcpp/rclcpp/executors.hpp:21[m[K,
[11.433s]                  from [01m[K/opt/ros/humble/include/rclcpp/rclcpp/rclcpp.hpp:155[m[K,
[11.433s]                  from [01m[K/home/julien/Documents/ros/robot_arm/ros2_ws_robot/src/prog_robot_cpp/src/move.cpp:3[m[K:
[11.433s] [01m[K/usr/include/c++/11/bits/ios_base.h:203:24:[m[K [01;36m[Knote: [m[Kâ€˜[01m[Kstd::io_errc::stream[m[Kâ€™ declared here
[11.433s]   203 |   enum class io_errc { [01;36m[Kstream[m[K = 1 };
[11.433s]       |                        [01;36m[K^~~~~~[m[K
[16.707s] gmake[2]: *** [CMakeFiles/move.dir/build.make:76: CMakeFiles/move.dir/src/move.cpp.o] Error 1
[16.707s] gmake[1]: *** [CMakeFiles/Makefile2:167: CMakeFiles/move.dir/all] Error 2
[16.707s] gmake: *** [Makefile:146: all] Error 2
[16.730s] Invoked command in '/home/julien/Documents/ros/robot_arm/ros2_ws_robot/build/prog_robot_cpp' returned '2': CMAKE_PREFIX_PATH=${CMAKE_PREFIX_PATH}:/home/julien/Documents/ros/ws_ros2/install/simple_pub_sub:/home/julien/Documents/ros/ws_ros2/install/py_pubsub:/home/julien/Documents/ros/microros_ws/install/sensor_msgs_py:/home/julien/Documents/ros/ws_moveit2/install/moveit_configs_utils:/home/julien/Documents/ros/ws_moveit2/install/launch_param_builder:/home/julien/Documents/ros/robot_arm/ros2_ws_robot/install/tictactoe:/home/julien/Documents/ros/robot_arm/ros2_ws_robot/install/prog_robot:/opt/ros/humble /usr/bin/cmake --build /home/julien/Documents/ros/robot_arm/ros2_ws_robot/build/prog_robot_cpp -- -j4 -l4
