[01m[K/home/julien/Documents/ros/robot_arm/ros2_ws_robot/src/prog_robot_cpp/src/move.cpp:[m[K In lambda function:
[01m[K/home/julien/Documents/ros/robot_arm/ros2_ws_robot/src/prog_robot_cpp/src/move.cpp:158:79:[m[K [01;31m[Kerror: [m[Kâ€˜[01m[Kthis[m[Kâ€™ was not captured for this lambda function
  158 |             Eigen::Matrix4d TF_base_effector_final = [01;31m[Kget_transformation_matrix(t)[m[K;
      |                                                      [01;31m[K~~~~~~~~~~~~~~~~~~~~~~~~~^~~[m[K
[01m[K/home/julien/Documents/ros/robot_arm/ros2_ws_robot/src/prog_robot_cpp/src/move.cpp:158:79:[m[K [01;31m[Kerror: [m[Kcannot call member function â€˜[01m[KEigen::Matrix4d Move::get_transformation_matrix(geometry_msgs::msg::TransformStamped)[m[Kâ€™ without object
gmake[2]: *** [CMakeFiles/move.dir/build.make:76: CMakeFiles/move.dir/src/move.cpp.o] Error 1
gmake[1]: *** [CMakeFiles/Makefile2:171: CMakeFiles/move.dir/all] Error 2
gmake: *** [Makefile:146: all] Error 2
