[35m[1mConsolidate compiler generated dependencies of target transformation_matrix_calculator[0m
[ 10%] [32mBuilding CXX object CMakeFiles/move.dir/src/move.cpp.o[0m
[ 30%] Built target scene
[ 50%] Built target hello_moveit
[ 60%] [32mBuilding CXX object CMakeFiles/transformation_matrix_calculator.dir/src/test.cpp.o[0m
[ 80%] Built target frame_effector
[01m[K/home/julien/Documents/ros/robot_arm/ros2_ws_robot/src/prog_robot_cpp/src/test.cpp:2:10:[m[K [01;31m[Kfatal error: [m[Ktf2_ros: No such file or directory
    2 | #include [01;31m[K<tf2_ros>[m[K
      |          [01;31m[K^~~~~~~~~[m[K
compilation terminated.
gmake[2]: *** [CMakeFiles/transformation_matrix_calculator.dir/build.make:76: CMakeFiles/transformation_matrix_calculator.dir/src/test.cpp.o] Error 1
gmake[1]: *** [CMakeFiles/Makefile2:197: CMakeFiles/transformation_matrix_calculator.dir/all] Error 2
gmake[1]: *** Waiting for unfinished jobs....
[ 90%] [32m[1mLinking CXX executable move[0m
[ 90%] Built target move
gmake: *** [Makefile:146: all] Error 2
