[0.039s] Invoking command in '/home/julien/Documents/ros/robot_arm/ros2_ws_robot/build/prog_robot_cpp': CMAKE_PREFIX_PATH=${CMAKE_PREFIX_PATH}:/home/julien/Documents/ros/ws_ros2/install/simple_pub_sub:/home/julien/Documents/ros/ws_ros2/install/py_pubsub:/home/julien/Documents/ros/microros_ws/install/sensor_msgs_py:/home/julien/Documents/ros/ws_moveit2/install/moveit_configs_utils:/home/julien/Documents/ros/ws_moveit2/install/launch_param_builder:/home/julien/Documents/ros/robot_arm/ros2_ws_robot/install/tictactoe:/home/julien/Documents/ros/robot_arm/ros2_ws_robot/install/prog_robot:/opt/ros/humble /usr/bin/cmake --build /home/julien/Documents/ros/robot_arm/ros2_ws_robot/build/prog_robot_cpp -- -j4 -l4
[0.174s] [35m[1mConsolidate compiler generated dependencies of target transformation_matrix_calculator[0m
[0.221s] [ 10%] [32mBuilding CXX object CMakeFiles/move.dir/src/move.cpp.o[0m
[0.229s] [ 30%] Built target scene
[0.233s] [ 50%] Built target hello_moveit
[0.245s] [ 60%] [32mBuilding CXX object CMakeFiles/transformation_matrix_calculator.dir/src/test.cpp.o[0m
[0.294s] [ 80%] Built target frame_effector
[0.840s] [01m[K/home/julien/Documents/ros/robot_arm/ros2_ws_robot/src/prog_robot_cpp/src/test.cpp:2:10:[m[K [01;31m[Kfatal error: [m[Ktf2_ros: No such file or directory
[0.840s]     2 | #include [01;31m[K<tf2_ros>[m[K
[0.840s]       |          [01;31m[K^~~~~~~~~[m[K
[0.840s] compilation terminated.
[0.846s] gmake[2]: *** [CMakeFiles/transformation_matrix_calculator.dir/build.make:76: CMakeFiles/transformation_matrix_calculator.dir/src/test.cpp.o] Error 1
[0.846s] gmake[1]: *** [CMakeFiles/Makefile2:197: CMakeFiles/transformation_matrix_calculator.dir/all] Error 2
[0.846s] gmake[1]: *** Waiting for unfinished jobs....
[17.303s] [ 90%] [32m[1mLinking CXX executable move[0m
[18.728s] [ 90%] Built target move
[18.729s] gmake: *** [Makefile:146: all] Error 2
[18.732s] Invoked command in '/home/julien/Documents/ros/robot_arm/ros2_ws_robot/build/prog_robot_cpp' returned '2': CMAKE_PREFIX_PATH=${CMAKE_PREFIX_PATH}:/home/julien/Documents/ros/ws_ros2/install/simple_pub_sub:/home/julien/Documents/ros/ws_ros2/install/py_pubsub:/home/julien/Documents/ros/microros_ws/install/sensor_msgs_py:/home/julien/Documents/ros/ws_moveit2/install/moveit_configs_utils:/home/julien/Documents/ros/ws_moveit2/install/launch_param_builder:/home/julien/Documents/ros/robot_arm/ros2_ws_robot/install/tictactoe:/home/julien/Documents/ros/robot_arm/ros2_ws_robot/install/prog_robot:/opt/ros/humble /usr/bin/cmake --build /home/julien/Documents/ros/robot_arm/ros2_ws_robot/build/prog_robot_cpp -- -j4 -l4
