[01m[K/home/julien/Documents/ros/robot_arm/ros2_ws_robot/src/prog_robot_cpp/src/move.cpp:[m[K In member function â€˜[01m[Kvoid Move::pose_callback(std_msgs::msg::Float32MultiArray)[m[Kâ€™:
[01m[K/home/julien/Documents/ros/robot_arm/ros2_ws_robot/src/prog_robot_cpp/src/move.cpp:52:50:[m[K [01;31m[Kerror: [m[Kâ€˜[01m[Kostream_iterator[m[Kâ€™ was not declared in this scope; did you mean â€˜[01m[Kstd::ostream_iterator[m[Kâ€™?
   52 |         copy(msg.data.begin(), msg.data.end()-1, [01;31m[Kostream_iterator[m[K<float>(stream,", "));
      |                                                  [01;31m[K^~~~~~~~~~~~~~~~[m[K
      |                                                  [32m[Kstd::ostream_iterator[m[K
In file included from [01m[K/usr/include/c++/11/iterator:65[m[K,
                 from [01m[K/opt/ros/humble/include/rcpputils/rcpputils/join.hpp:23[m[K,
                 from [01m[K/opt/ros/humble/include/rclcpp/rclcpp/exceptions/exceptions.hpp:26[m[K,
                 from [01m[K/opt/ros/humble/include/rclcpp/rclcpp/exceptions.hpp:18[m[K,
                 from [01m[K/opt/ros/humble/include/rclcpp/rclcpp/client.hpp:37[m[K,
                 from [01m[K/opt/ros/humble/include/rclcpp/rclcpp/callback_group.hpp:24[m[K,
                 from [01m[K/opt/ros/humble/include/rclcpp/rclcpp/any_executable.hpp:20[m[K,
                 from [01m[K/opt/ros/humble/include/rclcpp/rclcpp/memory_strategy.hpp:25[m[K,
                 from [01m[K/opt/ros/humble/include/rclcpp/rclcpp/memory_strategies.hpp:18[m[K,
                 from [01m[K/opt/ros/humble/include/rclcpp/rclcpp/executor_options.hpp:20[m[K,
                 from [01m[K/opt/ros/humble/include/rclcpp/rclcpp/executor.hpp:37[m[K,
                 from [01m[K/opt/ros/humble/include/rclcpp/rclcpp/executors/multi_threaded_executor.hpp:25[m[K,
                 from [01m[K/opt/ros/humble/include/rclcpp/rclcpp/executors.hpp:21[m[K,
                 from [01m[K/opt/ros/humble/include/rclcpp/rclcpp/rclcpp.hpp:155[m[K,
                 from [01m[K/home/julien/Documents/ros/robot_arm/ros2_ws_robot/src/prog_robot_cpp/src/move.cpp:3[m[K:
[01m[K/usr/include/c++/11/bits/stream_iterator.h:176:11:[m[K [01;36m[Knote: [m[Kâ€˜[01m[Kstd::ostream_iterator[m[Kâ€™ declared here
  176 |     class [01;36m[Kostream_iterator[m[K
      |           [01;36m[K^~~~~~~~~~~~~~~~[m[K
[01m[K/home/julien/Documents/ros/robot_arm/ros2_ws_robot/src/prog_robot_cpp/src/move.cpp:52:67:[m[K [01;31m[Kerror: [m[Kexpected primary-expression before â€˜[01m[Kfloat[m[Kâ€™
   52 |         copy(msg.data.begin(), msg.data.end()-1, ostream_iterator<[01;31m[Kfloat[m[K>(stream,", "));
      |                                                                   [01;31m[K^~~~~[m[K
gmake[2]: *** [CMakeFiles/move.dir/build.make:76: CMakeFiles/move.dir/src/move.cpp.o] Error 1
gmake[1]: *** [CMakeFiles/Makefile2:167: CMakeFiles/move.dir/all] Error 2
gmake: *** [Makefile:146: all] Error 2
