[0.042s] Invoking command in '/home/julien/Documents/ros/robot_arm/ros2_ws_robot/build/prog_robot_cpp': CMAKE_PREFIX_PATH=${CMAKE_PREFIX_PATH}:/home/julien/Documents/ros/ws_ros2/install/simple_pub_sub:/home/julien/Documents/ros/ws_ros2/install/py_pubsub:/home/julien/Documents/ros/microros_ws/install/sensor_msgs_py:/home/julien/Documents/ros/ws_moveit2/install/moveit_configs_utils:/home/julien/Documents/ros/ws_moveit2/install/launch_param_builder:/home/julien/Documents/ros/robot_arm/ros2_ws_robot/install/tictactoe:/home/julien/Documents/ros/robot_arm/ros2_ws_robot/install/prog_robot:/opt/ros/humble /usr/bin/cmake --build /home/julien/Documents/ros/robot_arm/ros2_ws_robot/build/prog_robot_cpp -- -j4 -l4
[0.208s] [35m[1mConsolidate compiler generated dependencies of target move[0m
[0.246s] [ 33%] Built target scene
[0.262s] [ 66%] Built target hello_moveit
[0.295s] [ 83%] [32mBuilding CXX object CMakeFiles/move.dir/src/move.cpp.o[0m
[10.607s] /home/julien/Documents/ros/robot_arm/ros2_ws_robot/src/prog_robot_cpp/src/move.cpp: In instantiation of â€˜[01m[KMove::pose_callback(std_msgs::msg::Float32MultiArray)::<lambda(auto:41)> [with auto:41 = const char*][m[Kâ€™:
[10.607s] [01m[K/home/julien/Documents/ros/robot_arm/ros2_ws_robot/src/prog_robot_cpp/src/move.cpp:91:15:[m[K   required from here
[10.607s] [01m[K/home/julien/Documents/ros/robot_arm/ros2_ws_robot/src/prog_robot_cpp/src/move.cpp:67:33:[m[K [01;31m[Kerror: [m[Kpassing â€˜[01m[Kconst moveit_visual_tools::MoveItVisualTools[m[Kâ€™ as â€˜[01m[Kthis[m[Kâ€™ argument discards qualifiers [[01;31m[K]8;;https://gcc.gnu.org/onlinedocs/gcc/Warning-Options.html#index-fpermissive-fpermissive]8;;[m[K]
[10.607s]    67 |             [01;31m[Kvisual_tools_.prompt(text)[m[K;
[10.608s]       |             [01;31m[K~~~~~~~~~~~~~~~~~~~~^~~~~~[m[K
[10.609s] In file included from [01m[K/home/julien/Documents/ros/ws_moveit2/install/moveit_visual_tools/include/moveit_visual_tools/moveit_visual_tools.h:38[m[K,
[10.609s]                  from [01m[K/home/julien/Documents/ros/robot_arm/ros2_ws_robot/src/prog_robot_cpp/src/move.cpp:5[m[K:
[10.609s] [01m[K/opt/ros/humble/include/rviz_visual_tools/rviz_visual_tools.hpp:1243:8:[m[K [01;36m[Knote: [m[K  in call to â€˜[01m[Kbool rviz_visual_tools::RvizVisualTools::prompt(const string&)[m[Kâ€™
[10.609s]  1243 |   bool [01;36m[Kprompt[m[K(const std::string& msg);
[10.609s]       |        [01;36m[K^~~~~~[m[K
[10.609s] /home/julien/Documents/ros/robot_arm/ros2_ws_robot/src/prog_robot_cpp/src/move.cpp: In instantiation of â€˜[01m[KMove::pose_callback(std_msgs::msg::Float32MultiArray)::<lambda(auto:40)> [with auto:40 = const char*][m[Kâ€™:
[10.609s] [01m[K/home/julien/Documents/ros/robot_arm/ros2_ws_robot/src/prog_robot_cpp/src/move.cpp:92:19:[m[K   required from here
[10.609s] [01m[K/home/julien/Documents/ros/robot_arm/ros2_ws_robot/src/prog_robot_cpp/src/move.cpp:64:34:[m[K [01;31m[Kerror: [m[Kpassing â€˜[01m[Kconst moveit_visual_tools::MoveItVisualTools[m[Kâ€™ as â€˜[01m[Kthis[m[Kâ€™ argument discards qualifiers [[01;31m[K]8;;https://gcc.gnu.org/onlinedocs/gcc/Warning-Options.html#index-fpermissive-fpermissive]8;;[m[K]
[10.609s]    64 |         [01;31m[Kvisual_tools_.publishText(text_pose, text, rviz_visual_tools::WHITE, rviz_visual_tools::XLARGE)[m[K;
[10.609s]       |         [01;31m[K~~~~~~~~~~~~~~~~~~~~~~~~~^~~~~~~~~~~~~~~~~~~~~~~~~~~~~~~~~~~~~~~~~~~~~~~~~~~~~~~~~~~~~~~~~~~~~~[m[K
[10.609s] In file included from [01m[K/home/julien/Documents/ros/ws_moveit2/install/moveit_visual_tools/include/moveit_visual_tools/moveit_visual_tools.h:38[m[K,
[10.609s]                  from [01m[K/home/julien/Documents/ros/robot_arm/ros2_ws_robot/src/prog_robot_cpp/src/move.cpp:5[m[K:
[10.609s] [01m[K/opt/ros/humble/include/rviz_visual_tools/rviz_visual_tools.hpp:1039:8:[m[K [01;36m[Knote: [m[K  in call to â€˜[01m[Kbool rviz_visual_tools::RvizVisualTools::publishText(const Isometry3d&, const string&, rviz_visual_tools::Colors, rviz_visual_tools::Scales, bool)[m[Kâ€™
[10.610s]  1039 |   bool [01;36m[KpublishText[m[K(const Eigen::Isometry3d& pose, const std::string& text, Colors color = WHITE,
[10.610s]       |        [01;36m[K^~~~~~~~~~~[m[K
[10.616s] /home/julien/Documents/ros/robot_arm/ros2_ws_robot/src/prog_robot_cpp/src/move.cpp: In instantiation of â€˜[01m[KMove::pose_callback(std_msgs::msg::Float32MultiArray)::<lambda(auto:42)> [with auto:42 = moveit_msgs::msg::RobotTrajectory_<std::allocator<void> >][m[Kâ€™:
[10.616s] [01m[K/home/julien/Documents/ros/robot_arm/ros2_ws_robot/src/prog_robot_cpp/src/move.cpp:106:38:[m[K   required from here
[10.616s] [01m[K/home/julien/Documents/ros/robot_arm/ros2_ws_robot/src/prog_robot_cpp/src/move.cpp:71:48:[m[K [01;31m[Kerror: [m[Kpassing â€˜[01m[Kconst moveit_visual_tools::MoveItVisualTools[m[Kâ€™ as â€˜[01m[Kthis[m[Kâ€™ argument discards qualifiers [[01;31m[K]8;;https://gcc.gnu.org/onlinedocs/gcc/Warning-Options.html#index-fpermissive-fpermissive]8;;[m[K]
[10.616s]    71 |             [01;31m[Kvisual_tools_.publishTrajectoryLine(trajectory, jmg)[m[K;
[10.616s]       |             [01;31m[K~~~~~~~~~~~~~~~~~~~~~~~~~~~~~~~~~~~^~~~~~~~~~~~~~~~~[m[K
[10.616s] In file included from [01m[K/home/julien/Documents/ros/robot_arm/ros2_ws_robot/src/prog_robot_cpp/src/move.cpp:5[m[K:
[10.616s] [01m[K/home/julien/Documents/ros/ws_moveit2/install/moveit_visual_tools/include/moveit_visual_tools/moveit_visual_tools.h:606:8:[m[K [01;36m[Knote: [m[K  in call to â€˜[01m[Kbool moveit_visual_tools::MoveItVisualTools::publishTrajectoryLine(const RobotTrajectory&, const moveit::core::JointModelGroup*, const rviz_visual_tools::Colors&)[m[Kâ€™
[10.616s]   606 |   bool [01;36m[KpublishTrajectoryLine[m[K(const moveit_msgs::msg::RobotTrajectory& trajectory_msg,
[10.616s]       |        [01;36m[K^~~~~~~~~~~~~~~~~~~~~[m[K
[15.728s] gmake[2]: *** [CMakeFiles/move.dir/build.make:76: CMakeFiles/move.dir/src/move.cpp.o] Error 1
[15.729s] gmake[1]: *** [CMakeFiles/Makefile2:167: CMakeFiles/move.dir/all] Error 2
[15.729s] gmake: *** [Makefile:146: all] Error 2
[15.733s] Invoked command in '/home/julien/Documents/ros/robot_arm/ros2_ws_robot/build/prog_robot_cpp' returned '2': CMAKE_PREFIX_PATH=${CMAKE_PREFIX_PATH}:/home/julien/Documents/ros/ws_ros2/install/simple_pub_sub:/home/julien/Documents/ros/ws_ros2/install/py_pubsub:/home/julien/Documents/ros/microros_ws/install/sensor_msgs_py:/home/julien/Documents/ros/ws_moveit2/install/moveit_configs_utils:/home/julien/Documents/ros/ws_moveit2/install/launch_param_builder:/home/julien/Documents/ros/robot_arm/ros2_ws_robot/install/tictactoe:/home/julien/Documents/ros/robot_arm/ros2_ws_robot/install/prog_robot:/opt/ros/humble /usr/bin/cmake --build /home/julien/Documents/ros/robot_arm/ros2_ws_robot/build/prog_robot_cpp -- -j4 -l4
