[01m[K/home/julien/Documents/ros/robot_arm/ros2_ws_robot/src/prog_robot_cpp/src/test.cpp:[m[K In function â€˜[01m[Kint main(int, char**)[m[Kâ€™:
[01m[K/home/julien/Documents/ros/robot_arm/ros2_ws_robot/src/prog_robot_cpp/src/test.cpp:12:14:[m[K [01;31m[Kerror: [m[Kâ€˜[01m[KBuffer[m[Kâ€™ is not a member of â€˜[01m[Ktf2_ros[m[Kâ€™
   12 |     tf2_ros::[01;31m[KBuffer[m[K tf_buffer(node->get_clock());
      |              [01;31m[K^~~~~~[m[K
[01m[K/home/julien/Documents/ros/robot_arm/ros2_ws_robot/src/prog_robot_cpp/src/test.cpp:13:44:[m[K [01;31m[Kerror: [m[Kâ€˜[01m[Ktf_buffer[m[Kâ€™ was not declared in this scope; did you mean â€˜[01m[Ksetbuffer[m[Kâ€™?
   13 |     tf2_ros::TransformListener tf_listener([01;31m[Ktf_buffer[m[K);
      |                                            [01;31m[K^~~~~~~~~[m[K
      |                                            [32m[Ksetbuffer[m[K
In file included from [01m[K/opt/ros/humble/include/tf2/tf2/convert.h:41[m[K,
                 from [01m[K/home/julien/Documents/ros/robot_arm/ros2_ws_robot/src/prog_robot_cpp/src/test.cpp:3[m[K:
/opt/ros/humble/include/tf2/tf2/impl/convert.h: In instantiation of â€˜[01m[Kstatic void tf2::impl::Converter<IS_MESSAGE_A, IS_MESSAGE_B>::convert(const A&, B&) [with A = geometry_msgs::msg::TransformStamped_<std::allocator<void> >; B = Eigen::Transform<double, 3, 1>; bool IS_MESSAGE_A = true; bool IS_MESSAGE_B = false][m[Kâ€™:
[01m[K/opt/ros/humble/include/tf2/tf2/convert.h:151:60:[m[K   required from â€˜[01m[Kvoid tf2::convert(const A&, B&) [with A = geometry_msgs::msg::TransformStamped_<std::allocator<void> >; B = Eigen::Transform<double, 3, 1>][m[Kâ€™
[01m[K/home/julien/Documents/ros/robot_arm/ros2_ws_robot/src/prog_robot_cpp/src/test.cpp:36:17:[m[K   required from here
[01m[K/opt/ros/humble/include/tf2/tf2/impl/convert.h:60:10:[m[K [01;31m[Kerror: [m[Kâ€˜[01m[KfromMsg[m[Kâ€™ was not declared in this scope, and no declarations were found by argument-dependent lookup at the point of instantiation [[01;31m[K]8;;https://gcc.gnu.org/onlinedocs/gcc/Warning-Options.html#index-fpermissive-fpermissive]8;;[m[K]
   60 |   [01;31m[KfromMsg(a, b)[m[K;
      |   [01;31m[K~~~~~~~^~~~~~[m[K
In file included from [01m[K/home/julien/Documents/ros/robot_arm/ros2_ws_robot/src/prog_robot_cpp/src/test.cpp:3[m[K:
[01m[K/opt/ros/humble/include/tf2/tf2/convert.h:138:6:[m[K [01;36m[Knote: [m[Kâ€˜[01m[Ktemplate<class A, class B> void tf2::fromMsg(const A&, B&)[m[Kâ€™ declared here, later in the translation unit
  138 | void [01;36m[KfromMsg[m[K(const A &, B & b);
      |      [01;36m[K^~~~~~~[m[K
gmake[2]: *** [CMakeFiles/transformation_matrix_calculator.dir/build.make:76: CMakeFiles/transformation_matrix_calculator.dir/src/test.cpp.o] Error 1
gmake[1]: *** [CMakeFiles/Makefile2:197: CMakeFiles/transformation_matrix_calculator.dir/all] Error 2
gmake: *** [Makefile:146: all] Error 2
