[ 20%] [32mBuilding CXX object CMakeFiles/move.dir/src/move.cpp.o[0m
[ 30%] Built target hello_moveit
[ 50%] Built target scene
[ 70%] Built target frame_effector
[ 90%] Built target transformation_matrix_calculator
In file included from [01m[K/opt/ros/humble/include/rclcpp/rclcpp/logging.hpp:24[m[K,
                 from [01m[K/opt/ros/humble/include/rclcpp/rclcpp/client.hpp:40[m[K,
                 from [01m[K/opt/ros/humble/include/rclcpp/rclcpp/callback_group.hpp:24[m[K,
                 from [01m[K/opt/ros/humble/include/rclcpp/rclcpp/any_executable.hpp:20[m[K,
                 from [01m[K/opt/ros/humble/include/rclcpp/rclcpp/memory_strategy.hpp:25[m[K,
                 from [01m[K/opt/ros/humble/include/rclcpp/rclcpp/memory_strategies.hpp:18[m[K,
                 from [01m[K/opt/ros/humble/include/rclcpp/rclcpp/executor_options.hpp:20[m[K,
                 from [01m[K/opt/ros/humble/include/rclcpp/rclcpp/executor.hpp:37[m[K,
                 from [01m[K/opt/ros/humble/include/rclcpp/rclcpp/executors/multi_threaded_executor.hpp:25[m[K,
                 from [01m[K/opt/ros/humble/include/rclcpp/rclcpp/executors.hpp:21[m[K,
                 from [01m[K/opt/ros/humble/include/rclcpp/rclcpp/rclcpp.hpp:155[m[K,
                 from [01m[K/home/julien/Documents/ros/robot_arm/ros2_ws_robot/src/prog_robot_cpp/src/move.cpp:3[m[K:
[01m[K/home/julien/Documents/ros/robot_arm/ros2_ws_robot/src/prog_robot_cpp/src/move.cpp:[m[K In member function â€˜[01m[Kvoid Move::gripper_callback(std_msgs::msg::Int32)[m[Kâ€™:
[01m[K/home/julien/Documents/ros/robot_arm/ros2_ws_robot/src/prog_robot_cpp/src/move.cpp:129:74:[m[K [01;31m[Kerror: [m[Krequest for member â€˜[01m[Kstr[m[Kâ€™ in â€˜[01m[Kdata.std_msgs::msg::Int32_<std::allocator<void> >::data[m[Kâ€™, which is of non-class type â€˜[01m[Kconst _data_type[m[Kâ€™ {aka â€˜[01m[Kconst int[m[Kâ€™}
  129 |     RCLCPP_INFO(this->get_logger(), "[GRIPPER] I heard: '%s'", data.data.[01;31m[Kstr[m[K());
      |                                                                          [01;31m[K^~~[m[K
gmake[2]: *** [CMakeFiles/move.dir/build.make:76: CMakeFiles/move.dir/src/move.cpp.o] Error 1
gmake[1]: *** [CMakeFiles/Makefile2:171: CMakeFiles/move.dir/all] Error 2
gmake: *** [Makefile:146: all] Error 2
