[0.044s] Invoking command in '/home/julien/Documents/ros/robot_arm/ros2_ws_robot/build/prog_robot_cpp': CMAKE_PREFIX_PATH=${CMAKE_PREFIX_PATH}:/home/julien/Documents/ros/ws_ros2/install/simple_pub_sub:/home/julien/Documents/ros/ws_ros2/install/py_pubsub:/home/julien/Documents/ros/microros_ws/install/sensor_msgs_py:/home/julien/Documents/ros/ws_moveit2/install/moveit_configs_utils:/home/julien/Documents/ros/ws_moveit2/install/launch_param_builder:/home/julien/Documents/ros/robot_arm/ros2_ws_robot/install/tictactoe:/home/julien/Documents/ros/robot_arm/ros2_ws_robot/install/prog_robot:/opt/ros/humble /usr/bin/cmake --build /home/julien/Documents/ros/robot_arm/ros2_ws_robot/build/prog_robot_cpp -- -j4 -l4
[0.205s] [35m[1mConsolidate compiler generated dependencies of target move[0m
[0.244s] [ 33%] Built target scene
[0.258s] [ 66%] Built target hello_moveit
[0.281s] [ 83%] [32mBuilding CXX object CMakeFiles/move.dir/src/move.cpp.o[0m
[10.826s] [01m[K/home/julien/Documents/ros/robot_arm/ros2_ws_robot/src/prog_robot_cpp/src/move.cpp:[m[K In lambda function:
[10.826s] [01m[K/home/julien/Documents/ros/robot_arm/ros2_ws_robot/src/prog_robot_cpp/src/move.cpp:81:48:[m[K [01;31m[Kerror: [m[Kâ€˜[01m[Kusing Quaternion = struct geometry_msgs::msg::Quaternion_<std::allocator<void> >[m[Kâ€™ {aka â€˜[01m[Kstruct geometry_msgs::msg::Quaternion_<std::allocator<void> >[m[Kâ€™} has no member named â€˜[01m[KgetX[m[Kâ€™
[10.827s]    81 |             msg.orientation.x = quaternion_msg.[01;31m[KgetX[m[K();
[10.827s]       |                                                [01;31m[K^~~~[m[K
[10.827s] [01m[K/home/julien/Documents/ros/robot_arm/ros2_ws_robot/src/prog_robot_cpp/src/move.cpp:82:48:[m[K [01;31m[Kerror: [m[Kâ€˜[01m[Kusing Quaternion = struct geometry_msgs::msg::Quaternion_<std::allocator<void> >[m[Kâ€™ {aka â€˜[01m[Kstruct geometry_msgs::msg::Quaternion_<std::allocator<void> >[m[Kâ€™} has no member named â€˜[01m[KgetY[m[Kâ€™
[10.827s]    82 |             msg.orientation.y = quaternion_msg.[01;31m[KgetY[m[K();
[10.827s]       |                                                [01;31m[K^~~~[m[K
[10.827s] [01m[K/home/julien/Documents/ros/robot_arm/ros2_ws_robot/src/prog_robot_cpp/src/move.cpp:83:48:[m[K [01;31m[Kerror: [m[Kâ€˜[01m[Kusing Quaternion = struct geometry_msgs::msg::Quaternion_<std::allocator<void> >[m[Kâ€™ {aka â€˜[01m[Kstruct geometry_msgs::msg::Quaternion_<std::allocator<void> >[m[Kâ€™} has no member named â€˜[01m[KgetZ[m[Kâ€™
[10.827s]    83 |             msg.orientation.z = quaternion_msg.[01;31m[KgetZ[m[K();
[10.827s]       |                                                [01;31m[K^~~~[m[K
[10.827s] [01m[K/home/julien/Documents/ros/robot_arm/ros2_ws_robot/src/prog_robot_cpp/src/move.cpp:84:48:[m[K [01;31m[Kerror: [m[Kâ€˜[01m[Kusing Quaternion = struct geometry_msgs::msg::Quaternion_<std::allocator<void> >[m[Kâ€™ {aka â€˜[01m[Kstruct geometry_msgs::msg::Quaternion_<std::allocator<void> >[m[Kâ€™} has no member named â€˜[01m[KgetW[m[Kâ€™
[10.827s]    84 |             msg.orientation.w = quaternion_msg.[01;31m[KgetW[m[K();
[10.827s]       |                                                [01;31m[K^~~~[m[K
[11.763s] In file included from [01m[K/opt/ros/humble/include/tf2/tf2/convert.h:41[m[K,
[11.763s]                  from [01m[K/opt/ros/humble/include/tf2_ros/tf2_ros/buffer_interface.h:43[m[K,
[11.763s]                  from [01m[K/opt/ros/humble/include/tf2_ros/tf2_ros/buffer.h:42[m[K,
[11.763s]                  from [01m[K/home/julien/Documents/ros/ws_moveit2/install/moveit_ros_planning_interface/include/moveit/move_group_interface/move_group_interface.h:62[m[K,
[11.763s]                  from [01m[K/home/julien/Documents/ros/robot_arm/ros2_ws_robot/src/prog_robot_cpp/src/move.cpp:4[m[K:
[11.763s] /opt/ros/humble/include/tf2/tf2/impl/convert.h: In instantiation of â€˜[01m[Kstatic void tf2::impl::Converter<IS_MESSAGE_A, IS_MESSAGE_B>::convert(const A&, B&) [with A = tf2::Quaternion; B = geometry_msgs::msg::Quaternion_<std::allocator<void> >; bool IS_MESSAGE_A = false; bool IS_MESSAGE_B = true][m[Kâ€™:
[11.763s] [01m[K/opt/ros/humble/include/tf2/tf2/convert.h:151:60:[m[K   required from â€˜[01m[Kvoid tf2::convert(const A&, B&) [with A = tf2::Quaternion; B = geometry_msgs::msg::Quaternion_<std::allocator<void> >][m[Kâ€™
[11.763s] [01m[K/home/julien/Documents/ros/robot_arm/ros2_ws_robot/src/prog_robot_cpp/src/move.cpp:80:25:[m[K   required from here
[11.763s] [01m[K/opt/ros/humble/include/tf2/tf2/impl/convert.h:67:12:[m[K [01;31m[Kerror: [m[Kno matching function for call to â€˜[01m[KtoMsg(const tf2::Quaternion&)[m[Kâ€™
[11.764s]    67 |   b = [01;31m[KtoMsg(a)[m[K;
[11.764s]       |       [01;31m[K~~~~~^~~[m[K
[11.764s] In file included from [01m[K/opt/ros/humble/include/tf2_ros/tf2_ros/buffer_interface.h:43[m[K,
[11.764s]                  from [01m[K/opt/ros/humble/include/tf2_ros/tf2_ros/buffer.h:42[m[K,
[11.764s]                  from [01m[K/home/julien/Documents/ros/ws_moveit2/install/moveit_ros_planning_interface/include/moveit/move_group_interface/move_group_interface.h:62[m[K,
[11.764s]                  from [01m[K/home/julien/Documents/ros/robot_arm/ros2_ws_robot/src/prog_robot_cpp/src/move.cpp:4[m[K:
[11.764s] [01m[K/opt/ros/humble/include/tf2/tf2/convert.h:129:3:[m[K [01;36m[Knote: [m[Kcandidate: â€˜[01m[Ktemplate<class A, class B> B tf2::toMsg(const A&)[m[Kâ€™
[11.764s]   129 | B [01;36m[KtoMsg[m[K(const A & a);
[11.764s]       |   [01;36m[K^~~~~[m[K
[11.764s] [01m[K/opt/ros/humble/include/tf2/tf2/convert.h:129:3:[m[K [01;36m[Knote: [m[K  template argument deduction/substitution failed:
[11.764s] In file included from [01m[K/opt/ros/humble/include/tf2/tf2/convert.h:41[m[K,
[11.764s]                  from [01m[K/opt/ros/humble/include/tf2_ros/tf2_ros/buffer_interface.h:43[m[K,
[11.765s]                  from [01m[K/opt/ros/humble/include/tf2_ros/tf2_ros/buffer.h:42[m[K,
[11.765s]                  from [01m[K/home/julien/Documents/ros/ws_moveit2/install/moveit_ros_planning_interface/include/moveit/move_group_interface/move_group_interface.h:62[m[K,
[11.765s]                  from [01m[K/home/julien/Documents/ros/robot_arm/ros2_ws_robot/src/prog_robot_cpp/src/move.cpp:4[m[K:
[11.765s] [01m[K/opt/ros/humble/include/tf2/tf2/impl/convert.h:67:12:[m[K [01;36m[Knote: [m[K  couldnâ€™t deduce template parameter â€˜[01m[KB[m[Kâ€™
[11.765s]    67 |   b = [01;36m[KtoMsg(a)[m[K;
[11.765s]       |       [01;36m[K~~~~~^~~[m[K
[16.048s] gmake[2]: *** [CMakeFiles/move.dir/build.make:76: CMakeFiles/move.dir/src/move.cpp.o] Error 1
[16.048s] gmake[1]: *** [CMakeFiles/Makefile2:167: CMakeFiles/move.dir/all] Error 2
[16.049s] gmake: *** [Makefile:146: all] Error 2
[16.052s] Invoked command in '/home/julien/Documents/ros/robot_arm/ros2_ws_robot/build/prog_robot_cpp' returned '2': CMAKE_PREFIX_PATH=${CMAKE_PREFIX_PATH}:/home/julien/Documents/ros/ws_ros2/install/simple_pub_sub:/home/julien/Documents/ros/ws_ros2/install/py_pubsub:/home/julien/Documents/ros/microros_ws/install/sensor_msgs_py:/home/julien/Documents/ros/ws_moveit2/install/moveit_configs_utils:/home/julien/Documents/ros/ws_moveit2/install/launch_param_builder:/home/julien/Documents/ros/robot_arm/ros2_ws_robot/install/tictactoe:/home/julien/Documents/ros/robot_arm/ros2_ws_robot/install/prog_robot:/opt/ros/humble /usr/bin/cmake --build /home/julien/Documents/ros/robot_arm/ros2_ws_robot/build/prog_robot_cpp -- -j4 -l4
