[0.043s] Invoking command in '/home/julien/Documents/ros/robot_arm/ros2_ws_robot/build/prog_robot_cpp': CMAKE_PREFIX_PATH=${CMAKE_PREFIX_PATH}:/home/julien/Documents/ros/ws_ros2/install/simple_pub_sub:/home/julien/Documents/ros/ws_ros2/install/py_pubsub:/home/julien/Documents/ros/microros_ws/install/sensor_msgs_py:/home/julien/Documents/ros/ws_moveit2/install/moveit_configs_utils:/home/julien/Documents/ros/ws_moveit2/install/launch_param_builder:/home/julien/Documents/ros/robot_arm/ros2_ws_robot/install/tictactoe:/home/julien/Documents/ros/robot_arm/ros2_ws_robot/install/prog_robot:/opt/ros/humble /usr/bin/cmake --build /home/julien/Documents/ros/robot_arm/ros2_ws_robot/build/prog_robot_cpp -- -j4 -l4
[0.196s] [35m[1mConsolidate compiler generated dependencies of target hello_moveit[0m
[0.209s] [35m[1mConsolidate compiler generated dependencies of target move[0m
[0.293s] [ 33%] Built target scene
[0.308s] [ 66%] Built target hello_moveit
[0.338s] [ 83%] [32mBuilding CXX object CMakeFiles/move.dir/src/move.cpp.o[0m
[11.681s] /home/julien/Documents/ros/robot_arm/ros2_ws_robot/src/prog_robot_cpp/src/move.cpp: In instantiation of â€˜[01m[KMove::pose_callback(std_msgs::msg::Float32MultiArray)::<lambda(auto:41)> [with auto:41 = const char*][m[Kâ€™:
[11.681s] [01m[K/home/julien/Documents/ros/robot_arm/ros2_ws_robot/src/prog_robot_cpp/src/move.cpp:92:15:[m[K   required from here
[11.681s] [01m[K/home/julien/Documents/ros/robot_arm/ros2_ws_robot/src/prog_robot_cpp/src/move.cpp:68:29:[m[K [01;31m[Kerror: [m[Kpassing â€˜[01m[Kconst moveit_visual_tools::MoveItVisualTools[m[Kâ€™ as â€˜[01m[Kthis[m[Kâ€™ argument discards qualifiers [[01;31m[K]8;;https://gcc.gnu.org/onlinedocs/gcc/Warning-Options.html#index-fpermissive-fpermissive]8;;[m[K]
[11.681s]    68 |         [01;31m[Kvisual_tools_.prompt(text)[m[K;
[11.682s]       |         [01;31m[K~~~~~~~~~~~~~~~~~~~~^~~~~~[m[K
[11.682s] In file included from [01m[K/home/julien/Documents/ros/ws_moveit2/install/moveit_visual_tools/include/moveit_visual_tools/moveit_visual_tools.h:38[m[K,
[11.682s]                  from [01m[K/home/julien/Documents/ros/robot_arm/ros2_ws_robot/src/prog_robot_cpp/src/move.cpp:5[m[K:
[11.682s] [01m[K/opt/ros/humble/include/rviz_visual_tools/rviz_visual_tools.hpp:1243:8:[m[K [01;36m[Knote: [m[K  in call to â€˜[01m[Kbool rviz_visual_tools::RvizVisualTools::prompt(const string&)[m[Kâ€™
[11.682s]  1243 |   bool [01;36m[Kprompt[m[K(const std::string& msg);
[11.682s]       |        [01;36m[K^~~~~~[m[K
[11.682s] /home/julien/Documents/ros/robot_arm/ros2_ws_robot/src/prog_robot_cpp/src/move.cpp: In instantiation of â€˜[01m[KMove::pose_callback(std_msgs::msg::Float32MultiArray)::<lambda(auto:40)> [with auto:40 = const char*][m[Kâ€™:
[11.682s] [01m[K/home/julien/Documents/ros/robot_arm/ros2_ws_robot/src/prog_robot_cpp/src/move.cpp:93:19:[m[K   required from here
[11.682s] [01m[K/home/julien/Documents/ros/robot_arm/ros2_ws_robot/src/prog_robot_cpp/src/move.cpp:64:34:[m[K [01;31m[Kerror: [m[Kpassing â€˜[01m[Kconst moveit_visual_tools::MoveItVisualTools[m[Kâ€™ as â€˜[01m[Kthis[m[Kâ€™ argument discards qualifiers [[01;31m[K]8;;https://gcc.gnu.org/onlinedocs/gcc/Warning-Options.html#index-fpermissive-fpermissive]8;;[m[K]
[11.682s]    64 |         [01;31m[Kvisual_tools_.publishText(text_pose, text, rviz_visual_tools::WHITE,[m[K
[11.682s]       |         [01;31m[K~~~~~~~~~~~~~~~~~~~~~~~~~^~~~~~~~~~~~~~~~~~~~~~~~~~~~~~~~~~~~~~~~~~~[m[K
[11.682s]    65 | [01;31m[K                                        rviz_visual_tools::XLARGE)[m[K;
[11.682s]       |                                         [01;31m[K~~~~~~~~~~~~~~~~~~~~~~~~~~[m[K
[11.682s] In file included from [01m[K/home/julien/Documents/ros/ws_moveit2/install/moveit_visual_tools/include/moveit_visual_tools/moveit_visual_tools.h:38[m[K,
[11.683s]                  from [01m[K/home/julien/Documents/ros/robot_arm/ros2_ws_robot/src/prog_robot_cpp/src/move.cpp:5[m[K:
[11.683s] [01m[K/opt/ros/humble/include/rviz_visual_tools/rviz_visual_tools.hpp:1039:8:[m[K [01;36m[Knote: [m[K  in call to â€˜[01m[Kbool rviz_visual_tools::RvizVisualTools::publishText(const Isometry3d&, const string&, rviz_visual_tools::Colors, rviz_visual_tools::Scales, bool)[m[Kâ€™
[11.683s]  1039 |   bool [01;36m[KpublishText[m[K(const Eigen::Isometry3d& pose, const std::string& text, Colors color = WHITE,
[11.683s]       |        [01;36m[K^~~~~~~~~~~[m[K
[11.683s] [01m[K/home/julien/Documents/ros/robot_arm/ros2_ws_robot/src/prog_robot_cpp/src/move.cpp:[m[K In lambda function:
[11.683s] [01m[K/home/julien/Documents/ros/robot_arm/ros2_ws_robot/src/prog_robot_cpp/src/move.cpp:97:59:[m[K [01;31m[Kerror: [m[Kpassing â€˜[01m[Kconst moveit::planning_interface::MoveGroupInterface[m[Kâ€™ as â€˜[01m[Kthis[m[Kâ€™ argument discards qualifiers [[01;31m[K]8;;https://gcc.gnu.org/onlinedocs/gcc/Warning-Options.html#index-fpermissive-fpermissive]8;;[m[K]
[11.683s]    97 |         auto const ok = static_cast<bool>([01;31m[Kmove_group_.plan(msg)[m[K);
[11.683s]       |                                           [01;31m[K~~~~~~~~~~~~~~~~^~~~~[m[K
[11.683s] In file included from [01m[K/home/julien/Documents/ros/robot_arm/ros2_ws_robot/src/prog_robot_cpp/src/move.cpp:4[m[K:
[11.683s] [01m[K/home/julien/Documents/ros/ws_moveit2/install/moveit_ros_planning_interface/include/moveit/move_group_interface/move_group_interface.h:720:33:[m[K [01;36m[Knote: [m[K  in call to â€˜[01m[Kmoveit::core::MoveItErrorCode moveit::planning_interface::MoveGroupInterface::plan(moveit::planning_interface::MoveGroupInterface::Plan&)[m[Kâ€™
[11.684s]   720 |   moveit::core::MoveItErrorCode [01;36m[Kplan[m[K(Plan& plan);
[11.684s]       |                                 [01;36m[K^~~~[m[K
[11.685s] [01m[K/home/julien/Documents/ros/robot_arm/ros2_ws_robot/src/prog_robot_cpp/src/move.cpp:[m[K In member function â€˜[01m[Kvoid Move::pose_callback(std_msgs::msg::Float32MultiArray)[m[Kâ€™:
[11.685s] [01m[K/home/julien/Documents/ros/robot_arm/ros2_ws_robot/src/prog_robot_cpp/src/move.cpp:95:38:[m[K [01;31m[Kerror: [m[Kuse of deleted function â€˜[01m[Kmoveit::planning_interface::MoveGroupInterface::MoveGroupInterface(const moveit::planning_interface::MoveGroupInterface&)[m[Kâ€™
[11.685s]    95 |         auto const [success, plan] = [01;31m[K[move_group_ = this->move_group_] {[m[K
[11.685s]       |                                      [01;31m[K^~~~~~~~~~~~~~~~~~~~~~~~~~~~~~~~~~~[m[K
[11.685s]    96 | [01;31m[K        moveit::planning_interface::MoveGroupInterface::Plan msg;[m[K
[11.685s]       |         [01;31m[K~~~~~~~~~~~~~~~~~~~~~~~~~~~~~~~~~~~~~~~~~~~~~~~~~~~~~~~~~[m[K
[11.685s]    97 | [01;31m[K        auto const ok = static_cast<bool>(move_group_.plan(msg));[m[K
[11.685s]       |         [01;31m[K~~~~~~~~~~~~~~~~~~~~~~~~~~~~~~~~~~~~~~~~~~~~~~~~~~~~~~~~~[m[K
[11.685s]    98 | [01;31m[K        return std::make_pair(ok, msg);[m[K
[11.685s]       |         [01;31m[K~~~~~~~~~~~~~~~~~~~~~~~~~~~~~~~[m[K
[11.685s]    99 | [01;31m[K        }[m[K();
[11.686s]       |         [01;31m[K~[m[K                             
[11.686s] In file included from [01m[K/home/julien/Documents/ros/robot_arm/ros2_ws_robot/src/prog_robot_cpp/src/move.cpp:4[m[K:
[11.686s] [01m[K/home/julien/Documents/ros/ws_moveit2/install/moveit_ros_planning_interface/include/moveit/move_group_interface/move_group_interface.h:156:3:[m[K [01;36m[Knote: [m[Kdeclared here
[11.686s]   156 |   [01;36m[KMoveGroupInterface[m[K(const MoveGroupInterface&) = delete;
[11.686s]       |   [01;36m[K^~~~~~~~~~~~~~~~~~[m[K
[17.042s] gmake[2]: *** [CMakeFiles/move.dir/build.make:76: CMakeFiles/move.dir/src/move.cpp.o] Error 1
[17.042s] gmake[1]: *** [CMakeFiles/Makefile2:167: CMakeFiles/move.dir/all] Error 2
[17.043s] gmake: *** [Makefile:146: all] Error 2
[17.047s] Invoked command in '/home/julien/Documents/ros/robot_arm/ros2_ws_robot/build/prog_robot_cpp' returned '2': CMAKE_PREFIX_PATH=${CMAKE_PREFIX_PATH}:/home/julien/Documents/ros/ws_ros2/install/simple_pub_sub:/home/julien/Documents/ros/ws_ros2/install/py_pubsub:/home/julien/Documents/ros/microros_ws/install/sensor_msgs_py:/home/julien/Documents/ros/ws_moveit2/install/moveit_configs_utils:/home/julien/Documents/ros/ws_moveit2/install/launch_param_builder:/home/julien/Documents/ros/robot_arm/ros2_ws_robot/install/tictactoe:/home/julien/Documents/ros/robot_arm/ros2_ws_robot/install/prog_robot:/opt/ros/humble /usr/bin/cmake --build /home/julien/Documents/ros/robot_arm/ros2_ws_robot/build/prog_robot_cpp -- -j4 -l4
