[0.056s] Invoking command in '/home/julien/Documents/ros/robot_arm/ros2_ws_robot/build/prog_robot_cpp': CMAKE_PREFIX_PATH=${CMAKE_PREFIX_PATH}:/home/julien/Documents/ros/ws_ros2/install/simple_pub_sub:/home/julien/Documents/ros/ws_ros2/install/py_pubsub:/home/julien/Documents/ros/microros_ws/install/sensor_msgs_py:/home/julien/Documents/ros/ws_moveit2/install/moveit_configs_utils:/home/julien/Documents/ros/ws_moveit2/install/launch_param_builder:/home/julien/Documents/ros/robot_arm/ros2_ws_robot/install/prog_robot:/opt/ros/humble /usr/bin/cmake --build /home/julien/Documents/ros/robot_arm/ros2_ws_robot/build/prog_robot_cpp -- -j4 -l4
[0.197s] [35m[1mConsolidate compiler generated dependencies of target hello_moveit[0m
[0.255s] [ 50%] [32mBuilding CXX object CMakeFiles/hello_moveit.dir/src/hello_moveit.cpp.o[0m
[10.940s] [01m[K/home/julien/Documents/ros/robot_arm/ros2_ws_robot/src/prog_robot_cpp/src/hello_moveit.cpp:[m[K In function â€˜[01m[Kint main(int, char**)[m[Kâ€™:
[10.940s] [01m[K/home/julien/Documents/ros/robot_arm/ros2_ws_robot/src/prog_robot_cpp/src/hello_moveit.cpp:78:34:[m[K [01;31m[Kerror: [m[Kâ€˜[01m[Kstd::tuple_element<1, const std::pair<bool, moveit::planning_interface::MoveGroupInterface::Plan> >::type[m[Kâ€™ {aka â€˜[01m[Kconst struct moveit::planning_interface::MoveGroupInterface::Plan[m[Kâ€™} has no member named â€˜[01m[Ktrajectory[m[Kâ€™; did you mean â€˜[01m[Ktrajectory_[m[Kâ€™?
[10.940s]    78 | draw_trajectory_tool_path(plan.[01;31m[Ktrajectory[m[K);
[10.940s]       |                                [01;31m[K^~~~~~~~~~[m[K
[10.940s]       |                                [32m[Ktrajectory_[m[K
[14.024s] gmake[2]: *** [CMakeFiles/hello_moveit.dir/build.make:76: CMakeFiles/hello_moveit.dir/src/hello_moveit.cpp.o] Error 1
[14.024s] gmake[1]: *** [CMakeFiles/Makefile2:137: CMakeFiles/hello_moveit.dir/all] Error 2
[14.024s] gmake: *** [Makefile:146: all] Error 2
[14.031s] Invoked command in '/home/julien/Documents/ros/robot_arm/ros2_ws_robot/build/prog_robot_cpp' returned '2': CMAKE_PREFIX_PATH=${CMAKE_PREFIX_PATH}:/home/julien/Documents/ros/ws_ros2/install/simple_pub_sub:/home/julien/Documents/ros/ws_ros2/install/py_pubsub:/home/julien/Documents/ros/microros_ws/install/sensor_msgs_py:/home/julien/Documents/ros/ws_moveit2/install/moveit_configs_utils:/home/julien/Documents/ros/ws_moveit2/install/launch_param_builder:/home/julien/Documents/ros/robot_arm/ros2_ws_robot/install/prog_robot:/opt/ros/humble /usr/bin/cmake --build /home/julien/Documents/ros/robot_arm/ros2_ws_robot/build/prog_robot_cpp -- -j4 -l4
