[0.036s] Invoking command in '/home/julien/Documents/ros/robot_arm/ros2_ws_robot/build/prog_robot_cpp': CMAKE_PREFIX_PATH=${CMAKE_PREFIX_PATH}:/home/julien/Documents/ros/ws_ros2/install/simple_pub_sub:/home/julien/Documents/ros/ws_ros2/install/py_pubsub:/home/julien/Documents/ros/microros_ws/install/sensor_msgs_py:/home/julien/Documents/ros/ws_moveit2/install/moveit_configs_utils:/home/julien/Documents/ros/ws_moveit2/install/launch_param_builder:/home/julien/Documents/ros/robot_arm/ros2_ws_robot/install/tictactoe:/home/julien/Documents/ros/robot_arm/ros2_ws_robot/install/prog_robot:/opt/ros/humble /usr/bin/cmake --build /home/julien/Documents/ros/robot_arm/ros2_ws_robot/build/prog_robot_cpp -- -j4 -l4
[0.203s] [35m[1mConsolidate compiler generated dependencies of target move[0m
[0.259s] [ 20%] Built target transformation_matrix_calculator
[0.263s] [ 40%] Built target hello_moveit
[0.277s] [ 60%] Built target scene
[0.298s] [ 70%] [32mBuilding CXX object CMakeFiles/move.dir/src/move.cpp.o[0m
[0.334s] [ 90%] Built target frame_effector
[21.344s] [100%] [32m[1mLinking CXX executable move[0m
[23.163s] /usr/bin/ld: CMakeFiles/move.dir/src/move.cpp.o: in function `Move::pose_callback(std_msgs::msg::Float32MultiArray_<std::allocator<void> >)::{lambda()#3}::operator()() const':
[23.163s] move.cpp:(.text+0xfe8): undefined reference to `Move::get_transformation_matrix(geometry_msgs::msg::TransformStamped_<std::allocator<void> >)'
[23.164s] /usr/bin/ld: CMakeFiles/move.dir/src/move.cpp.o: in function `Move::pose_callback(std_msgs::msg::Float32MultiArray_<std::allocator<void> >)':
[23.164s] move.cpp:(.text+0x1bfd): undefined reference to `Move::get_transformation_matrix(geometry_msgs::msg::TransformStamped_<std::allocator<void> >)'
[23.263s] collect2: error: ld returned 1 exit status
[23.265s] gmake[2]: *** [CMakeFiles/move.dir/build.make:419: move] Error 1
[23.265s] gmake[1]: *** [CMakeFiles/Makefile2:171: CMakeFiles/move.dir/all] Error 2
[23.266s] gmake: *** [Makefile:146: all] Error 2
[23.272s] Invoked command in '/home/julien/Documents/ros/robot_arm/ros2_ws_robot/build/prog_robot_cpp' returned '2': CMAKE_PREFIX_PATH=${CMAKE_PREFIX_PATH}:/home/julien/Documents/ros/ws_ros2/install/simple_pub_sub:/home/julien/Documents/ros/ws_ros2/install/py_pubsub:/home/julien/Documents/ros/microros_ws/install/sensor_msgs_py:/home/julien/Documents/ros/ws_moveit2/install/moveit_configs_utils:/home/julien/Documents/ros/ws_moveit2/install/launch_param_builder:/home/julien/Documents/ros/robot_arm/ros2_ws_robot/install/tictactoe:/home/julien/Documents/ros/robot_arm/ros2_ws_robot/install/prog_robot:/opt/ros/humble /usr/bin/cmake --build /home/julien/Documents/ros/robot_arm/ros2_ws_robot/build/prog_robot_cpp -- -j4 -l4
