[0.045s] Invoking command in '/home/julien/Documents/ros/robot_arm/ros2_ws_robot/build/prog_robot_cpp': CMAKE_PREFIX_PATH=${CMAKE_PREFIX_PATH}:/home/julien/Documents/ros/ws_ros2/install/simple_pub_sub:/home/julien/Documents/ros/ws_ros2/install/py_pubsub:/home/julien/Documents/ros/microros_ws/install/sensor_msgs_py:/home/julien/Documents/ros/ws_moveit2/install/moveit_configs_utils:/home/julien/Documents/ros/ws_moveit2/install/launch_param_builder:/home/julien/Documents/ros/robot_arm/ros2_ws_robot/install/tictactoe:/home/julien/Documents/ros/robot_arm/ros2_ws_robot/install/prog_robot:/opt/ros/humble /usr/bin/cmake --build /home/julien/Documents/ros/robot_arm/ros2_ws_robot/build/prog_robot_cpp -- -j4 -l4
[0.197s] [35m[1mConsolidate compiler generated dependencies of target move[0m
[0.260s] [ 33%] Built target hello_moveit
[0.263s] [ 66%] Built target scene
[0.266s] [ 83%] [32mBuilding CXX object CMakeFiles/move.dir/src/move.cpp.o[0m
[10.630s] [01m[K/home/julien/Documents/ros/robot_arm/ros2_ws_robot/src/prog_robot_cpp/src/move.cpp:[m[K In member function â€˜[01m[Kvoid Move::pose_callback(std_msgs::msg::Float32MultiArray)[m[Kâ€™:
[10.631s] [01m[K/home/julien/Documents/ros/robot_arm/ros2_ws_robot/src/prog_robot_cpp/src/move.cpp:58:34:[m[K [01;31m[Kerror: [m[Kcapture of non-variable â€˜[01m[KMove::visual_tools_[m[Kâ€™
[10.631s]    58 |         auto const draw_title = [[01;31m[Kvisual_tools_[m[K](auto text) {
[10.631s]       |                                  [01;31m[K^~~~~~~~~~~~~[m[K
[10.631s] [01m[K/home/julien/Documents/ros/robot_arm/ros2_ws_robot/src/prog_robot_cpp/src/move.cpp:22:44:[m[K [01;36m[Knote: [m[Kâ€˜[01m[Kmoveit_visual_tools::MoveItVisualTools Move::visual_tools_[m[Kâ€™ declared here
[10.631s]    22 |     moveit_visual_tools::MoveItVisualTools [01;36m[Kvisual_tools_[m[K;
[10.631s]       |                                            [01;36m[K^~~~~~~~~~~~~[m[K
[10.643s] [01m[K/home/julien/Documents/ros/robot_arm/ros2_ws_robot/src/prog_robot_cpp/src/move.cpp:[m[K In lambda function:
[10.643s] [01m[K/home/julien/Documents/ros/robot_arm/ros2_ws_robot/src/prog_robot_cpp/src/move.cpp:64:9:[m[K [01;31m[Kerror: [m[Kâ€˜[01m[Kthis[m[Kâ€™ was not captured for this lambda function
[10.643s]    64 |         [01;31m[Kvisual_tools_[m[K.publishText(text_pose, text, rviz_visual_tools::WHITE,
[10.643s]       |         [01;31m[K^~~~~~~~~~~~~[m[K
[10.643s] [01m[K/home/julien/Documents/ros/robot_arm/ros2_ws_robot/src/prog_robot_cpp/src/move.cpp:[m[K In member function â€˜[01m[Kvoid Move::pose_callback(std_msgs::msg::Float32MultiArray)[m[Kâ€™:
[10.643s] [01m[K/home/julien/Documents/ros/robot_arm/ros2_ws_robot/src/prog_robot_cpp/src/move.cpp:67:30:[m[K [01;31m[Kerror: [m[Kcapture of non-variable â€˜[01m[KMove::visual_tools_[m[Kâ€™
[10.643s]    67 |         auto const prompt = [[01;31m[Kvisual_tools_[m[K](auto text) {
[10.643s]       |                              [01;31m[K^~~~~~~~~~~~~[m[K
[10.644s] [01m[K/home/julien/Documents/ros/robot_arm/ros2_ws_robot/src/prog_robot_cpp/src/move.cpp:22:44:[m[K [01;36m[Knote: [m[Kâ€˜[01m[Kmoveit_visual_tools::MoveItVisualTools Move::visual_tools_[m[Kâ€™ declared here
[10.644s]    22 |     moveit_visual_tools::MoveItVisualTools [01;36m[Kvisual_tools_[m[K;
[10.644s]       |                                            [01;36m[K^~~~~~~~~~~~~[m[K
[10.644s] [01m[K/home/julien/Documents/ros/robot_arm/ros2_ws_robot/src/prog_robot_cpp/src/move.cpp:[m[K In lambda function:
[10.644s] [01m[K/home/julien/Documents/ros/robot_arm/ros2_ws_robot/src/prog_robot_cpp/src/move.cpp:68:9:[m[K [01;31m[Kerror: [m[Kâ€˜[01m[Kthis[m[Kâ€™ was not captured for this lambda function
[10.644s]    68 |         [01;31m[Kvisual_tools_[m[K.prompt(text);
[10.644s]       |         [01;31m[K^~~~~~~~~~~~~[m[K
[10.644s] [01m[K/home/julien/Documents/ros/robot_arm/ros2_ws_robot/src/prog_robot_cpp/src/move.cpp:[m[K In member function â€˜[01m[Kvoid Move::pose_callback(std_msgs::msg::Float32MultiArray)[m[Kâ€™:
[10.644s] [01m[K/home/julien/Documents/ros/robot_arm/ros2_ws_robot/src/prog_robot_cpp/src/move.cpp:71:14:[m[K [01;31m[Kerror: [m[Kcapture of non-variable â€˜[01m[KMove::visual_tools_[m[Kâ€™
[10.644s]    71 |             [[01;31m[Kvisual_tools_[m[K, jmg = move_group_.getRobotModel()->getJointModelGroup("robot_arm")](auto const trajectory) {
[10.644s]       |              [01;31m[K^~~~~~~~~~~~~[m[K
[10.644s] [01m[K/home/julien/Documents/ros/robot_arm/ros2_ws_robot/src/prog_robot_cpp/src/move.cpp:22:44:[m[K [01;36m[Knote: [m[Kâ€˜[01m[Kmoveit_visual_tools::MoveItVisualTools Move::visual_tools_[m[Kâ€™ declared here
[10.644s]    22 |     moveit_visual_tools::MoveItVisualTools [01;36m[Kvisual_tools_[m[K;
[10.644s]       |                                            [01;36m[K^~~~~~~~~~~~~[m[K
[10.645s] [01m[K/home/julien/Documents/ros/robot_arm/ros2_ws_robot/src/prog_robot_cpp/src/move.cpp:[m[K In lambda function:
[10.645s] [01m[K/home/julien/Documents/ros/robot_arm/ros2_ws_robot/src/prog_robot_cpp/src/move.cpp:72:13:[m[K [01;31m[Kerror: [m[Kâ€˜[01m[Kthis[m[Kâ€™ was not captured for this lambda function
[10.645s]    72 |             [01;31m[Kvisual_tools_[m[K.publishTrajectoryLine(trajectory, jmg);
[10.645s]       |             [01;31m[K^~~~~~~~~~~~~[m[K
[15.706s] gmake[2]: *** [CMakeFiles/move.dir/build.make:76: CMakeFiles/move.dir/src/move.cpp.o] Error 1
[15.706s] gmake[1]: *** [CMakeFiles/Makefile2:167: CMakeFiles/move.dir/all] Error 2
[15.707s] gmake: *** [Makefile:146: all] Error 2
[15.711s] Invoked command in '/home/julien/Documents/ros/robot_arm/ros2_ws_robot/build/prog_robot_cpp' returned '2': CMAKE_PREFIX_PATH=${CMAKE_PREFIX_PATH}:/home/julien/Documents/ros/ws_ros2/install/simple_pub_sub:/home/julien/Documents/ros/ws_ros2/install/py_pubsub:/home/julien/Documents/ros/microros_ws/install/sensor_msgs_py:/home/julien/Documents/ros/ws_moveit2/install/moveit_configs_utils:/home/julien/Documents/ros/ws_moveit2/install/launch_param_builder:/home/julien/Documents/ros/robot_arm/ros2_ws_robot/install/tictactoe:/home/julien/Documents/ros/robot_arm/ros2_ws_robot/install/prog_robot:/opt/ros/humble /usr/bin/cmake --build /home/julien/Documents/ros/robot_arm/ros2_ws_robot/build/prog_robot_cpp -- -j4 -l4
