[35m[1mConsolidate compiler generated dependencies of target move[0m
[ 33%] Built target scene
[ 66%] Built target hello_moveit
[ 83%] [32mBuilding CXX object CMakeFiles/move.dir/src/move.cpp.o[0m
[01m[K/home/julien/Documents/ros/robot_arm/ros2_ws_robot/src/prog_robot_cpp/src/move.cpp:[m[K In member function â€˜[01m[Kvoid Move::pose_callback(std_msgs::msg::Float32MultiArray)[m[Kâ€™:
[01m[K/home/julien/Documents/ros/robot_arm/ros2_ws_robot/src/prog_robot_cpp/src/move.cpp:58:35:[m[K [01;31m[Kerror: [m[Kcapture of non-variable â€˜[01m[KMove::visual_tools_[m[Kâ€™
   58 |         auto const draw_title = [&[01;31m[Kvisual_tools_[m[K](auto text) {
      |                                   [01;31m[K^~~~~~~~~~~~~[m[K
[01m[K/home/julien/Documents/ros/robot_arm/ros2_ws_robot/src/prog_robot_cpp/src/move.cpp:22:44:[m[K [01;36m[Knote: [m[Kâ€˜[01m[Kmoveit_visual_tools::MoveItVisualTools Move::visual_tools_[m[Kâ€™ declared here
   22 |     moveit_visual_tools::MoveItVisualTools [01;36m[Kvisual_tools_[m[K;
      |                                            [01;36m[K^~~~~~~~~~~~~[m[K
[01m[K/home/julien/Documents/ros/robot_arm/ros2_ws_robot/src/prog_robot_cpp/src/move.cpp:[m[K In lambda function:
[01m[K/home/julien/Documents/ros/robot_arm/ros2_ws_robot/src/prog_robot_cpp/src/move.cpp:64:9:[m[K [01;31m[Kerror: [m[Kâ€˜[01m[Kthis[m[Kâ€™ was not captured for this lambda function
   64 |         [01;31m[Kvisual_tools_[m[K.publishText(text_pose, text, rviz_visual_tools::WHITE,
      |         [01;31m[K^~~~~~~~~~~~~[m[K
[01m[K/home/julien/Documents/ros/robot_arm/ros2_ws_robot/src/prog_robot_cpp/src/move.cpp:[m[K In member function â€˜[01m[Kvoid Move::pose_callback(std_msgs::msg::Float32MultiArray)[m[Kâ€™:
[01m[K/home/julien/Documents/ros/robot_arm/ros2_ws_robot/src/prog_robot_cpp/src/move.cpp:67:31:[m[K [01;31m[Kerror: [m[Kcapture of non-variable â€˜[01m[KMove::visual_tools_[m[Kâ€™
   67 |         auto const prompt = [&[01;31m[Kvisual_tools_[m[K](auto text) {
      |                               [01;31m[K^~~~~~~~~~~~~[m[K
[01m[K/home/julien/Documents/ros/robot_arm/ros2_ws_robot/src/prog_robot_cpp/src/move.cpp:22:44:[m[K [01;36m[Knote: [m[Kâ€˜[01m[Kmoveit_visual_tools::MoveItVisualTools Move::visual_tools_[m[Kâ€™ declared here
   22 |     moveit_visual_tools::MoveItVisualTools [01;36m[Kvisual_tools_[m[K;
      |                                            [01;36m[K^~~~~~~~~~~~~[m[K
[01m[K/home/julien/Documents/ros/robot_arm/ros2_ws_robot/src/prog_robot_cpp/src/move.cpp:[m[K In lambda function:
[01m[K/home/julien/Documents/ros/robot_arm/ros2_ws_robot/src/prog_robot_cpp/src/move.cpp:68:9:[m[K [01;31m[Kerror: [m[Kâ€˜[01m[Kthis[m[Kâ€™ was not captured for this lambda function
   68 |         [01;31m[Kvisual_tools_[m[K.prompt(text);
      |         [01;31m[K^~~~~~~~~~~~~[m[K
[01m[K/home/julien/Documents/ros/robot_arm/ros2_ws_robot/src/prog_robot_cpp/src/move.cpp:[m[K In member function â€˜[01m[Kvoid Move::pose_callback(std_msgs::msg::Float32MultiArray)[m[Kâ€™:
[01m[K/home/julien/Documents/ros/robot_arm/ros2_ws_robot/src/prog_robot_cpp/src/move.cpp:71:15:[m[K [01;31m[Kerror: [m[Kcapture of non-variable â€˜[01m[KMove::visual_tools_[m[Kâ€™
   71 |             [&[01;31m[Kvisual_tools_[m[K,
      |               [01;31m[K^~~~~~~~~~~~~[m[K
[01m[K/home/julien/Documents/ros/robot_arm/ros2_ws_robot/src/prog_robot_cpp/src/move.cpp:22:44:[m[K [01;36m[Knote: [m[Kâ€˜[01m[Kmoveit_visual_tools::MoveItVisualTools Move::visual_tools_[m[Kâ€™ declared here
   22 |     moveit_visual_tools::MoveItVisualTools [01;36m[Kvisual_tools_[m[K;
      |                                            [01;36m[K^~~~~~~~~~~~~[m[K
[01m[K/home/julien/Documents/ros/robot_arm/ros2_ws_robot/src/prog_robot_cpp/src/move.cpp:[m[K In lambda function:
[01m[K/home/julien/Documents/ros/robot_arm/ros2_ws_robot/src/prog_robot_cpp/src/move.cpp:74:13:[m[K [01;31m[Kerror: [m[Kâ€˜[01m[Kthis[m[Kâ€™ was not captured for this lambda function
   74 |             [01;31m[Kvisual_tools_[m[K.publishTrajectoryLine(trajectory, jmg);
      |             [01;31m[K^~~~~~~~~~~~~[m[K
gmake[2]: *** [CMakeFiles/move.dir/build.make:76: CMakeFiles/move.dir/src/move.cpp.o] Error 1
gmake[1]: *** [CMakeFiles/Makefile2:167: CMakeFiles/move.dir/all] Error 2
gmake: *** [Makefile:146: all] Error 2
