[0.041s] Invoking command in '/home/julien/Documents/ros/robot_arm/ros2_ws_robot/build/prog_robot_cpp': CMAKE_PREFIX_PATH=${CMAKE_PREFIX_PATH}:/home/julien/Documents/ros/ws_ros2/install/simple_pub_sub:/home/julien/Documents/ros/ws_ros2/install/py_pubsub:/home/julien/Documents/ros/microros_ws/install/sensor_msgs_py:/home/julien/Documents/ros/ws_moveit2/install/moveit_configs_utils:/home/julien/Documents/ros/ws_moveit2/install/launch_param_builder:/home/julien/Documents/ros/robot_arm/ros2_ws_robot/install/tictactoe:/home/julien/Documents/ros/robot_arm/ros2_ws_robot/install/prog_robot:/opt/ros/humble /usr/bin/cmake --build /home/julien/Documents/ros/robot_arm/ros2_ws_robot/build/prog_robot_cpp -- -j4 -l4
[0.225s] [35m[1mConsolidate compiler generated dependencies of target move[0m
[0.274s] [ 33%] Built target scene
[0.281s] [ 66%] Built target hello_moveit
[0.306s] [ 83%] [32mBuilding CXX object CMakeFiles/move.dir/src/move.cpp.o[0m
[10.518s] [01m[K/home/julien/Documents/ros/robot_arm/ros2_ws_robot/src/prog_robot_cpp/src/move.cpp:[m[K In member function â€˜[01m[Kvoid Move::pose_callback(std_msgs::msg::Float32MultiArray)[m[Kâ€™:
[10.518s] [01m[K/home/julien/Documents/ros/robot_arm/ros2_ws_robot/src/prog_robot_cpp/src/move.cpp:58:35:[m[K [01;31m[Kerror: [m[Kcapture of non-variable â€˜[01m[KMove::visual_tools_[m[Kâ€™
[10.518s]    58 |         auto const draw_title = [&[01;31m[Kvisual_tools_[m[K](auto text) {
[10.518s]       |                                   [01;31m[K^~~~~~~~~~~~~[m[K
[10.518s] [01m[K/home/julien/Documents/ros/robot_arm/ros2_ws_robot/src/prog_robot_cpp/src/move.cpp:22:44:[m[K [01;36m[Knote: [m[Kâ€˜[01m[Kmoveit_visual_tools::MoveItVisualTools Move::visual_tools_[m[Kâ€™ declared here
[10.518s]    22 |     moveit_visual_tools::MoveItVisualTools [01;36m[Kvisual_tools_[m[K;
[10.518s]       |                                            [01;36m[K^~~~~~~~~~~~~[m[K
[10.532s] [01m[K/home/julien/Documents/ros/robot_arm/ros2_ws_robot/src/prog_robot_cpp/src/move.cpp:[m[K In lambda function:
[10.532s] [01m[K/home/julien/Documents/ros/robot_arm/ros2_ws_robot/src/prog_robot_cpp/src/move.cpp:64:9:[m[K [01;31m[Kerror: [m[Kâ€˜[01m[Kthis[m[Kâ€™ was not captured for this lambda function
[10.532s]    64 |         [01;31m[Kvisual_tools_[m[K.publishText(text_pose, text, rviz_visual_tools::WHITE,
[10.532s]       |         [01;31m[K^~~~~~~~~~~~~[m[K
[10.532s] [01m[K/home/julien/Documents/ros/robot_arm/ros2_ws_robot/src/prog_robot_cpp/src/move.cpp:[m[K In member function â€˜[01m[Kvoid Move::pose_callback(std_msgs::msg::Float32MultiArray)[m[Kâ€™:
[10.533s] [01m[K/home/julien/Documents/ros/robot_arm/ros2_ws_robot/src/prog_robot_cpp/src/move.cpp:67:31:[m[K [01;31m[Kerror: [m[Kcapture of non-variable â€˜[01m[KMove::visual_tools_[m[Kâ€™
[10.533s]    67 |         auto const prompt = [&[01;31m[Kvisual_tools_[m[K](auto text) {
[10.533s]       |                               [01;31m[K^~~~~~~~~~~~~[m[K
[10.533s] [01m[K/home/julien/Documents/ros/robot_arm/ros2_ws_robot/src/prog_robot_cpp/src/move.cpp:22:44:[m[K [01;36m[Knote: [m[Kâ€˜[01m[Kmoveit_visual_tools::MoveItVisualTools Move::visual_tools_[m[Kâ€™ declared here
[10.533s]    22 |     moveit_visual_tools::MoveItVisualTools [01;36m[Kvisual_tools_[m[K;
[10.533s]       |                                            [01;36m[K^~~~~~~~~~~~~[m[K
[10.533s] [01m[K/home/julien/Documents/ros/robot_arm/ros2_ws_robot/src/prog_robot_cpp/src/move.cpp:[m[K In lambda function:
[10.533s] [01m[K/home/julien/Documents/ros/robot_arm/ros2_ws_robot/src/prog_robot_cpp/src/move.cpp:68:9:[m[K [01;31m[Kerror: [m[Kâ€˜[01m[Kthis[m[Kâ€™ was not captured for this lambda function
[10.533s]    68 |         [01;31m[Kvisual_tools_[m[K.prompt(text);
[10.533s]       |         [01;31m[K^~~~~~~~~~~~~[m[K
[10.533s] [01m[K/home/julien/Documents/ros/robot_arm/ros2_ws_robot/src/prog_robot_cpp/src/move.cpp:[m[K In member function â€˜[01m[Kvoid Move::pose_callback(std_msgs::msg::Float32MultiArray)[m[Kâ€™:
[10.533s] [01m[K/home/julien/Documents/ros/robot_arm/ros2_ws_robot/src/prog_robot_cpp/src/move.cpp:71:15:[m[K [01;31m[Kerror: [m[Kcapture of non-variable â€˜[01m[KMove::visual_tools_[m[Kâ€™
[10.533s]    71 |             [&[01;31m[Kvisual_tools_[m[K,
[10.533s]       |               [01;31m[K^~~~~~~~~~~~~[m[K
[10.534s] [01m[K/home/julien/Documents/ros/robot_arm/ros2_ws_robot/src/prog_robot_cpp/src/move.cpp:22:44:[m[K [01;36m[Knote: [m[Kâ€˜[01m[Kmoveit_visual_tools::MoveItVisualTools Move::visual_tools_[m[Kâ€™ declared here
[10.534s]    22 |     moveit_visual_tools::MoveItVisualTools [01;36m[Kvisual_tools_[m[K;
[10.534s]       |                                            [01;36m[K^~~~~~~~~~~~~[m[K
[10.534s] [01m[K/home/julien/Documents/ros/robot_arm/ros2_ws_robot/src/prog_robot_cpp/src/move.cpp:[m[K In lambda function:
[10.534s] [01m[K/home/julien/Documents/ros/robot_arm/ros2_ws_robot/src/prog_robot_cpp/src/move.cpp:74:13:[m[K [01;31m[Kerror: [m[Kâ€˜[01m[Kthis[m[Kâ€™ was not captured for this lambda function
[10.534s]    74 |             [01;31m[Kvisual_tools_[m[K.publishTrajectoryLine(trajectory, jmg);
[10.534s]       |             [01;31m[K^~~~~~~~~~~~~[m[K
[15.582s] gmake[2]: *** [CMakeFiles/move.dir/build.make:76: CMakeFiles/move.dir/src/move.cpp.o] Error 1
[15.582s] gmake[1]: *** [CMakeFiles/Makefile2:167: CMakeFiles/move.dir/all] Error 2
[15.583s] gmake: *** [Makefile:146: all] Error 2
[15.588s] Invoked command in '/home/julien/Documents/ros/robot_arm/ros2_ws_robot/build/prog_robot_cpp' returned '2': CMAKE_PREFIX_PATH=${CMAKE_PREFIX_PATH}:/home/julien/Documents/ros/ws_ros2/install/simple_pub_sub:/home/julien/Documents/ros/ws_ros2/install/py_pubsub:/home/julien/Documents/ros/microros_ws/install/sensor_msgs_py:/home/julien/Documents/ros/ws_moveit2/install/moveit_configs_utils:/home/julien/Documents/ros/ws_moveit2/install/launch_param_builder:/home/julien/Documents/ros/robot_arm/ros2_ws_robot/install/tictactoe:/home/julien/Documents/ros/robot_arm/ros2_ws_robot/install/prog_robot:/opt/ros/humble /usr/bin/cmake --build /home/julien/Documents/ros/robot_arm/ros2_ws_robot/build/prog_robot_cpp -- -j4 -l4
