[0.041s] Invoking command in '/home/julien/Documents/ros/robot_arm/ros2_ws_robot/build/prog_robot_cpp': CMAKE_PREFIX_PATH=${CMAKE_PREFIX_PATH}:/home/julien/Documents/ros/ws_ros2/install/simple_pub_sub:/home/julien/Documents/ros/ws_ros2/install/py_pubsub:/home/julien/Documents/ros/microros_ws/install/sensor_msgs_py:/home/julien/Documents/ros/ws_moveit2/install/moveit_configs_utils:/home/julien/Documents/ros/ws_moveit2/install/launch_param_builder:/home/julien/Documents/ros/robot_arm/ros2_ws_robot/install/tictactoe:/home/julien/Documents/ros/robot_arm/ros2_ws_robot/install/prog_robot:/opt/ros/humble /usr/bin/cmake --build /home/julien/Documents/ros/robot_arm/ros2_ws_robot/build/prog_robot_cpp -- -j4 -l4
[0.222s] [35m[1mConsolidate compiler generated dependencies of target move[0m
[0.268s] [ 33%] Built target hello_moveit
[0.274s] [ 66%] Built target scene
[0.287s] [ 83%] [32mBuilding CXX object CMakeFiles/move.dir/src/move.cpp.o[0m
[10.722s] [01m[K/home/julien/Documents/ros/robot_arm/ros2_ws_robot/src/prog_robot_cpp/src/move.cpp:[m[K In lambda function:
[10.723s] [01m[K/home/julien/Documents/ros/robot_arm/ros2_ws_robot/src/prog_robot_cpp/src/move.cpp:64:23:[m[K [01;31m[Kerror: [m[Krequest for member â€˜[01m[KpublishText[m[Kâ€™ in â€˜[01m[Kvisual_tools_[m[Kâ€™, which is of pointer type â€˜[01m[Kmoveit_visual_tools::MoveItVisualTools* const[m[Kâ€™ (maybe you meant to use â€˜[01m[K->[m[Kâ€™ ?)
[10.723s]    64 |         visual_tools_.[01;31m[KpublishText[m[K(text_pose, text, rviz_visual_tools::WHITE, rviz_visual_tools::XLARGE);
[10.723s]       |                       [01;31m[K^~~~~~~~~~~[m[K
[10.724s] [01m[K/home/julien/Documents/ros/robot_arm/ros2_ws_robot/src/prog_robot_cpp/src/move.cpp:[m[K In lambda function:
[10.724s] [01m[K/home/julien/Documents/ros/robot_arm/ros2_ws_robot/src/prog_robot_cpp/src/move.cpp:67:27:[m[K [01;31m[Kerror: [m[Krequest for member â€˜[01m[Kprompt[m[Kâ€™ in â€˜[01m[Kvisual_tools_[m[Kâ€™, which is of pointer type â€˜[01m[Kmoveit_visual_tools::MoveItVisualTools* const[m[Kâ€™ (maybe you meant to use â€˜[01m[K->[m[Kâ€™ ?)
[10.725s]    67 |             visual_tools_.[01;31m[Kprompt[m[K(text);
[10.725s]       |                           [01;31m[K^~~~~~[m[K
[10.725s] [01m[K/home/julien/Documents/ros/robot_arm/ros2_ws_robot/src/prog_robot_cpp/src/move.cpp:[m[K In lambda function:
[10.725s] [01m[K/home/julien/Documents/ros/robot_arm/ros2_ws_robot/src/prog_robot_cpp/src/move.cpp:71:27:[m[K [01;31m[Kerror: [m[Krequest for member â€˜[01m[KpublishTrajectoryLine[m[Kâ€™ in â€˜[01m[Kvisual_tools_[m[Kâ€™, which is of pointer type â€˜[01m[Kmoveit_visual_tools::MoveItVisualTools* const[m[Kâ€™ (maybe you meant to use â€˜[01m[K->[m[Kâ€™ ?)
[10.725s]    71 |             visual_tools_.[01;31m[KpublishTrajectoryLine[m[K(trajectory, jmg);
[10.725s]       |                           [01;31m[K^~~~~~~~~~~~~~~~~~~~~[m[K
[15.864s] gmake[2]: *** [CMakeFiles/move.dir/build.make:76: CMakeFiles/move.dir/src/move.cpp.o] Error 1
[15.865s] gmake[1]: *** [CMakeFiles/Makefile2:167: CMakeFiles/move.dir/all] Error 2
[15.865s] gmake: *** [Makefile:146: all] Error 2
[15.867s] Invoked command in '/home/julien/Documents/ros/robot_arm/ros2_ws_robot/build/prog_robot_cpp' returned '2': CMAKE_PREFIX_PATH=${CMAKE_PREFIX_PATH}:/home/julien/Documents/ros/ws_ros2/install/simple_pub_sub:/home/julien/Documents/ros/ws_ros2/install/py_pubsub:/home/julien/Documents/ros/microros_ws/install/sensor_msgs_py:/home/julien/Documents/ros/ws_moveit2/install/moveit_configs_utils:/home/julien/Documents/ros/ws_moveit2/install/launch_param_builder:/home/julien/Documents/ros/robot_arm/ros2_ws_robot/install/tictactoe:/home/julien/Documents/ros/robot_arm/ros2_ws_robot/install/prog_robot:/opt/ros/humble /usr/bin/cmake --build /home/julien/Documents/ros/robot_arm/ros2_ws_robot/build/prog_robot_cpp -- -j4 -l4
