[0.033s] Invoking command in '/home/julien/Documents/ros/robot_arm/ros2_ws_robot/build/prog_robot_cpp': CMAKE_PREFIX_PATH=${CMAKE_PREFIX_PATH}:/home/julien/Documents/ros/ws_ros2/install/simple_pub_sub:/home/julien/Documents/ros/ws_ros2/install/py_pubsub:/home/julien/Documents/ros/microros_ws/install/sensor_msgs_py:/home/julien/Documents/ros/ws_moveit2/install/moveit_configs_utils:/home/julien/Documents/ros/ws_moveit2/install/launch_param_builder:/home/julien/Documents/ros/robot_arm/ros2_ws_robot/install/tictactoe:/home/julien/Documents/ros/robot_arm/ros2_ws_robot/install/prog_robot:/opt/ros/humble /usr/bin/cmake --build /home/julien/Documents/ros/robot_arm/ros2_ws_robot/build/prog_robot_cpp -- -j4 -l4
[0.205s] [ 20%] Built target move
[0.207s] [35m[1mConsolidate compiler generated dependencies of target transformation_matrix_calculator[0m
[0.210s] [ 40%] Built target hello_moveit
[0.224s] [ 60%] Built target scene
[0.252s] [ 70%] [32mBuilding CXX object CMakeFiles/transformation_matrix_calculator.dir/src/test.cpp.o[0m
[0.283s] [ 90%] Built target frame_effector
[3.678s] [01m[K/home/julien/Documents/ros/robot_arm/ros2_ws_robot/src/prog_robot_cpp/src/test.cpp:[m[K In function â€˜[01m[Kint main(int, char**)[m[Kâ€™:
[3.679s] [01m[K/home/julien/Documents/ros/robot_arm/ros2_ws_robot/src/prog_robot_cpp/src/test.cpp:42:50:[m[K [01;31m[Kerror: [m[Kexpected â€˜[01m[K;[m[Kâ€™ before â€˜[01m[Km[m[Kâ€™
[3.679s]    42 |     tf2::convert(q, transform.transform.rotation)
[3.679s]       |                                                  [01;31m[K^[m[K
[3.679s]       |                                                  [32m[K;[m[K
[3.679s]    43 |     [32m[Km[m[K.setRotation(q)
[3.679s]       |     [32m[K~[m[K                                             
[3.680s] [01m[K/home/julien/Documents/ros/robot_arm/ros2_ws_robot/src/prog_robot_cpp/src/test.cpp:47:15:[m[K [01;31m[Kerror: [m[Kno match for â€˜[01m[Koperator<<[m[Kâ€™ (operand types are â€˜[01m[Kstd::ostream[m[Kâ€™ {aka â€˜[01m[Kstd::basic_ostream<char>[m[Kâ€™} and â€˜[01m[Ktf2::Matrix3x3[m[Kâ€™)
[3.680s]    47 |     [32m[Kstd::cout[m[K [01;31m[K<<[m[K [34m[Km[m[K << std::endl;
[3.680s]       |     [32m[K~~~~~~~~~[m[K [01;31m[K^~[m[K [34m[K~[m[K
[3.680s]       |          [32m[K|[m[K       [34m[K|[m[K
[3.680s]       |          [32m[K|[m[K       [34m[Ktf2::Matrix3x3[m[K
[3.680s]       |          [32m[Kstd::ostream {aka std::basic_ostream<char>}[m[K
[3.680s] In file included from [01m[K/usr/include/c++/11/iostream:39[m[K,
[3.680s]                  from [01m[K/opt/ros/humble/include/rclcpp/rclcpp/executor.hpp:22[m[K,
[3.680s]                  from [01m[K/opt/ros/humble/include/rclcpp/rclcpp/executors/multi_threaded_executor.hpp:25[m[K,
[3.680s]                  from [01m[K/opt/ros/humble/include/rclcpp/rclcpp/executors.hpp:21[m[K,
[3.680s]                  from [01m[K/opt/ros/humble/include/rclcpp/rclcpp/rclcpp.hpp:155[m[K,
[3.680s]                  from [01m[K/home/julien/Documents/ros/robot_arm/ros2_ws_robot/src/prog_robot_cpp/src/test.cpp:1[m[K:
[3.680s] [01m[K/usr/include/c++/11/ostream:108:7:[m[K [01;36m[Knote: [m[Kcandidate: â€˜[01m[Kstd::basic_ostream<_CharT, _Traits>::__ostream_type& std::basic_ostream<_CharT, _Traits>::operator<<(std::basic_ostream<_CharT, _Traits>::__ostream_type& (*)(std::basic_ostream<_CharT, _Traits>::__ostream_type&)) [with _CharT = char; _Traits = std::char_traits<char>; std::basic_ostream<_CharT, _Traits>::__ostream_type = std::basic_ostream<char>][m[Kâ€™
[3.680s]   108 |       [01;36m[Koperator[m[K<<(__ostream_type& (*__pf)(__ostream_type&))
[3.681s]       |       [01;36m[K^~~~~~~~[m[K
[3.681s] [01m[K/usr/include/c++/11/ostream:108:36:[m[K [01;36m[Knote: [m[K  no known conversion for argument 1 from â€˜[01m[Ktf2::Matrix3x3[m[Kâ€™ to â€˜[01m[Kstd::basic_ostream<char>::__ostream_type& (*)(std::basic_ostream<char>::__ostream_type&)[m[Kâ€™ {aka â€˜[01m[Kstd::basic_ostream<char>& (*)(std::basic_ostream<char>&)[m[Kâ€™}
[3.681s]   108 |       operator<<([01;36m[K__ostream_type& (*__pf)(__ostream_type&)[m[K)
[3.681s]       |                  [01;36m[K~~~~~~~~~~~~~~~~~~^~~~~~~~~~~~~~~~~~~~~~[m[K
[3.681s] [01m[K/usr/include/c++/11/ostream:117:7:[m[K [01;36m[Knote: [m[Kcandidate: â€˜[01m[Kstd::basic_ostream<_CharT, _Traits>::__ostream_type& std::basic_ostream<_CharT, _Traits>::operator<<(std::basic_ostream<_CharT, _Traits>::__ios_type& (*)(std::basic_ostream<_CharT, _Traits>::__ios_type&)) [with _CharT = char; _Traits = std::char_traits<char>; std::basic_ostream<_CharT, _Traits>::__ostream_type = std::basic_ostream<char>; std::basic_ostream<_CharT, _Traits>::__ios_type = std::basic_ios<char>][m[Kâ€™
[3.681s]   117 |       [01;36m[Koperator[m[K<<(__ios_type& (*__pf)(__ios_type&))
[3.681s]       |       [01;36m[K^~~~~~~~[m[K
[3.681s] [01m[K/usr/include/c++/11/ostream:117:32:[m[K [01;36m[Knote: [m[K  no known conversion for argument 1 from â€˜[01m[Ktf2::Matrix3x3[m[Kâ€™ to â€˜[01m[Kstd::basic_ostream<char>::__ios_type& (*)(std::basic_ostream<char>::__ios_type&)[m[Kâ€™ {aka â€˜[01m[Kstd::basic_ios<char>& (*)(std::basic_ios<char>&)[m[Kâ€™}
[3.681s]   117 |       operator<<([01;36m[K__ios_type& (*__pf)(__ios_type&)[m[K)
[3.681s]       |                  [01;36m[K~~~~~~~~~~~~~~^~~~~~~~~~~~~~~~~~[m[K
[3.681s] [01m[K/usr/include/c++/11/ostream:127:7:[m[K [01;36m[Knote: [m[Kcandidate: â€˜[01m[Kstd::basic_ostream<_CharT, _Traits>::__ostream_type& std::basic_ostream<_CharT, _Traits>::operator<<(std::ios_base& (*)(std::ios_base&)) [with _CharT = char; _Traits = std::char_traits<char>; std::basic_ostream<_CharT, _Traits>::__ostream_type = std::basic_ostream<char>][m[Kâ€™
[3.681s]   127 |       [01;36m[Koperator[m[K<<(ios_base& (*__pf) (ios_base&))
[3.681s]       |       [01;36m[K^~~~~~~~[m[K
[3.681s] [01m[K/usr/include/c++/11/ostream:127:30:[m[K [01;36m[Knote: [m[K  no known conversion for argument 1 from â€˜[01m[Ktf2::Matrix3x3[m[Kâ€™ to â€˜[01m[Kstd::ios_base& (*)(std::ios_base&)[m[Kâ€™
[3.681s]   127 |       operator<<([01;36m[Kios_base& (*__pf) (ios_base&)[m[K)
[3.682s]       |                  [01;36m[K~~~~~~~~~~~~^~~~~~~~~~~~~~~~~[m[K
[3.682s] [01m[K/usr/include/c++/11/ostream:166:7:[m[K [01;36m[Knote: [m[Kcandidate: â€˜[01m[Kstd::basic_ostream<_CharT, _Traits>::__ostream_type& std::basic_ostream<_CharT, _Traits>::operator<<(long int) [with _CharT = char; _Traits = std::char_traits<char>; std::basic_ostream<_CharT, _Traits>::__ostream_type = std::basic_ostream<char>][m[Kâ€™
[3.682s]   166 |       [01;36m[Koperator[m[K<<(long __n)
[3.682s]       |       [01;36m[K^~~~~~~~[m[K
[3.682s] [01m[K/usr/include/c++/11/ostream:166:23:[m[K [01;36m[Knote: [m[K  no known conversion for argument 1 from â€˜[01m[Ktf2::Matrix3x3[m[Kâ€™ to â€˜[01m[Klong int[m[Kâ€™
[3.682s]   166 |       operator<<([01;36m[Klong __n[m[K)
[3.682s]       |                  [01;36m[K~~~~~^~~[m[K
[3.682s] [01m[K/usr/include/c++/11/ostream:170:7:[m[K [01;36m[Knote: [m[Kcandidate: â€˜[01m[Kstd::basic_ostream<_CharT, _Traits>::__ostream_type& std::basic_ostream<_CharT, _Traits>::operator<<(long unsigned int) [with _CharT = char; _Traits = std::char_traits<char>; std::basic_ostream<_CharT, _Traits>::__ostream_type = std::basic_ostream<char>][m[Kâ€™
[3.682s]   170 |       [01;36m[Koperator[m[K<<(unsigned long __n)
[3.682s]       |       [01;36m[K^~~~~~~~[m[K
[3.682s] [01m[K/usr/include/c++/11/ostream:170:32:[m[K [01;36m[Knote: [m[K  no known conversion for argument 1 from â€˜[01m[Ktf2::Matrix3x3[m[Kâ€™ to â€˜[01m[Klong unsigned int[m[Kâ€™
[3.682s]   170 |       operator<<([01;36m[Kunsigned long __n[m[K)
[3.682s]       |                  [01;36m[K~~~~~~~~~~~~~~^~~[m[K
[3.682s] [01m[K/usr/include/c++/11/ostream:174:7:[m[K [01;36m[Knote: [m[Kcandidate: â€˜[01m[Kstd::basic_ostream<_CharT, _Traits>::__ostream_type& std::basic_ostream<_CharT, _Traits>::operator<<(bool) [with _CharT = char; _Traits = std::char_traits<char>; std::basic_ostream<_CharT, _Traits>::__ostream_type = std::basic_ostream<char>][m[Kâ€™
[3.682s]   174 |       [01;36m[Koperator[m[K<<(bool __n)
[3.682s]       |       [01;36m[K^~~~~~~~[m[K
[3.683s] [01m[K/usr/include/c++/11/ostream:174:23:[m[K [01;36m[Knote: [m[K  no known conversion for argument 1 from â€˜[01m[Ktf2::Matrix3x3[m[Kâ€™ to â€˜[01m[Kbool[m[Kâ€™
[3.683s]   174 |       operator<<([01;36m[Kbool __n[m[K)
[3.683s]       |                  [01;36m[K~~~~~^~~[m[K
[3.683s] In file included from [01m[K/usr/include/c++/11/ostream:829[m[K,
[3.683s]                  from [01m[K/usr/include/c++/11/iostream:39[m[K,
[3.683s]                  from [01m[K/opt/ros/humble/include/rclcpp/rclcpp/executor.hpp:22[m[K,
[3.683s]                  from [01m[K/opt/ros/humble/include/rclcpp/rclcpp/executors/multi_threaded_executor.hpp:25[m[K,
[3.683s]                  from [01m[K/opt/ros/humble/include/rclcpp/rclcpp/executors.hpp:21[m[K,
[3.683s]                  from [01m[K/opt/ros/humble/include/rclcpp/rclcpp/rclcpp.hpp:155[m[K,
[3.683s]                  from [01m[K/home/julien/Documents/ros/robot_arm/ros2_ws_robot/src/prog_robot_cpp/src/test.cpp:1[m[K:
[3.683s] [01m[K/usr/include/c++/11/bits/ostream.tcc:91:5:[m[K [01;36m[Knote: [m[Kcandidate: â€˜[01m[Kstd::basic_ostream<_Ch, _Tr>& std::basic_ostream<_CharT, _Traits>::operator<<(short int) [with _CharT = char; _Traits = std::char_traits<char>][m[Kâ€™
[3.683s]    91 |     [01;36m[Kbasic_ostream<_CharT, _Traits>[m[K::
[3.683s]       |     [01;36m[K^~~~~~~~~~~~~~~~~~~~~~~~~~~~~~[m[K
[3.683s] [01m[K/usr/include/c++/11/bits/ostream.tcc:92:22:[m[K [01;36m[Knote: [m[K  no known conversion for argument 1 from â€˜[01m[Ktf2::Matrix3x3[m[Kâ€™ to â€˜[01m[Kshort int[m[Kâ€™
[3.683s]    92 |     operator<<([01;36m[Kshort __n[m[K)
[3.683s]       |                [01;36m[K~~~~~~^~~[m[K
[3.684s] In file included from [01m[K/usr/include/c++/11/iostream:39[m[K,
[3.684s]                  from [01m[K/opt/ros/humble/include/rclcpp/rclcpp/executor.hpp:22[m[K,
[3.684s]                  from [01m[K/opt/ros/humble/include/rclcpp/rclcpp/executors/multi_threaded_executor.hpp:25[m[K,
[3.684s]                  from [01m[K/opt/ros/humble/include/rclcpp/rclcpp/executors.hpp:21[m[K,
[3.684s]                  from [01m[K/opt/ros/humble/include/rclcpp/rclcpp/rclcpp.hpp:155[m[K,
[3.694s]                  from [01m[K/home/julien/Documents/ros/robot_arm/ros2_ws_robot/src/prog_robot_cpp/src/test.cpp:1[m[K:
[3.694s] [01m[K/usr/include/c++/11/ostream:181:7:[m[K [01;36m[Knote: [m[Kcandidate: â€˜[01m[Kstd::basic_ostream<_CharT, _Traits>::__ostream_type& std::basic_ostream<_CharT, _Traits>::operator<<(short unsigned int) [with _CharT = char; _Traits = std::char_traits<char>; std::basic_ostream<_CharT, _Traits>::__ostream_type = std::basic_ostream<char>][m[Kâ€™
[3.694s]   181 |       [01;36m[Koperator[m[K<<(unsigned short __n)
[3.694s]       |       [01;36m[K^~~~~~~~[m[K
[3.694s] [01m[K/usr/include/c++/11/ostream:181:33:[m[K [01;36m[Knote: [m[K  no known conversion for argument 1 from â€˜[01m[Ktf2::Matrix3x3[m[Kâ€™ to â€˜[01m[Kshort unsigned int[m[Kâ€™
[3.694s]   181 |       operator<<([01;36m[Kunsigned short __n[m[K)
[3.694s]       |                  [01;36m[K~~~~~~~~~~~~~~~^~~[m[K
[3.694s] In file included from [01m[K/usr/include/c++/11/ostream:829[m[K,
[3.695s]                  from [01m[K/usr/include/c++/11/iostream:39[m[K,
[3.695s]                  from [01m[K/opt/ros/humble/include/rclcpp/rclcpp/executor.hpp:22[m[K,
[3.695s]                  from [01m[K/opt/ros/humble/include/rclcpp/rclcpp/executors/multi_threaded_executor.hpp:25[m[K,
[3.695s]                  from [01m[K/opt/ros/humble/include/rclcpp/rclcpp/executors.hpp:21[m[K,
[3.695s]                  from [01m[K/opt/ros/humble/include/rclcpp/rclcpp/rclcpp.hpp:155[m[K,
[3.695s]                  from [01m[K/home/julien/Documents/ros/robot_arm/ros2_ws_robot/src/prog_robot_cpp/src/test.cpp:1[m[K:
[3.695s] [01m[K/usr/include/c++/11/bits/ostream.tcc:105:5:[m[K [01;36m[Knote: [m[Kcandidate: â€˜[01m[Kstd::basic_ostream<_Ch, _Tr>& std::basic_ostream<_CharT, _Traits>::operator<<(int) [with _CharT = char; _Traits = std::char_traits<char>][m[Kâ€™
[3.695s]   105 |     [01;36m[Kbasic_ostream<_CharT, _Traits>[m[K::
[3.695s]       |     [01;36m[K^~~~~~~~~~~~~~~~~~~~~~~~~~~~~~[m[K
[3.695s] [01m[K/usr/include/c++/11/bits/ostream.tcc:106:20:[m[K [01;36m[Knote: [m[K  no known conversion for argument 1 from â€˜[01m[Ktf2::Matrix3x3[m[Kâ€™ to â€˜[01m[Kint[m[Kâ€™
[3.695s]   106 |     operator<<([01;36m[Kint __n[m[K)
[3.695s]       |                [01;36m[K~~~~^~~[m[K
[3.695s] In file included from [01m[K/usr/include/c++/11/iostream:39[m[K,
[3.695s]                  from [01m[K/opt/ros/humble/include/rclcpp/rclcpp/executor.hpp:22[m[K,
[3.696s]                  from [01m[K/opt/ros/humble/include/rclcpp/rclcpp/executors/multi_threaded_executor.hpp:25[m[K,
[3.696s]                  from [01m[K/opt/ros/humble/include/rclcpp/rclcpp/executors.hpp:21[m[K,
[3.696s]                  from [01m[K/opt/ros/humble/include/rclcpp/rclcpp/rclcpp.hpp:155[m[K,
[3.696s]                  from [01m[K/home/julien/Documents/ros/robot_arm/ros2_ws_robot/src/prog_robot_cpp/src/test.cpp:1[m[K:
[3.697s] [01m[K/usr/include/c++/11/ostream:192:7:[m[K [01;36m[Knote: [m[Kcandidate: â€˜[01m[Kstd::basic_ostream<_CharT, _Traits>::__ostream_type& std::basic_ostream<_CharT, _Traits>::operator<<(unsigned int) [with _CharT = char; _Traits = std::char_traits<char>; std::basic_ostream<_CharT, _Traits>::__ostream_type = std::basic_ostream<char>][m[Kâ€™
[3.697s]   192 |       [01;36m[Koperator[m[K<<(unsigned int __n)
[3.697s]       |       [01;36m[K^~~~~~~~[m[K
[3.697s] [01m[K/usr/include/c++/11/ostream:192:31:[m[K [01;36m[Knote: [m[K  no known conversion for argument 1 from â€˜[01m[Ktf2::Matrix3x3[m[Kâ€™ to â€˜[01m[Kunsigned int[m[Kâ€™
[3.697s]   192 |       operator<<([01;36m[Kunsigned int __n[m[K)
[3.697s]       |                  [01;36m[K~~~~~~~~~~~~~^~~[m[K
[3.697s] [01m[K/usr/include/c++/11/ostream:201:7:[m[K [01;36m[Knote: [m[Kcandidate: â€˜[01m[Kstd::basic_ostream<_CharT, _Traits>::__ostream_type& std::basic_ostream<_CharT, _Traits>::operator<<(long long int) [with _CharT = char; _Traits = std::char_traits<char>; std::basic_ostream<_CharT, _Traits>::__ostream_type = std::basic_ostream<char>][m[Kâ€™
[3.697s]   201 |       [01;36m[Koperator[m[K<<(long long __n)
[3.697s]       |       [01;36m[K^~~~~~~~[m[K
[3.697s] [01m[K/usr/include/c++/11/ostream:201:28:[m[K [01;36m[Knote: [m[K  no known conversion for argument 1 from â€˜[01m[Ktf2::Matrix3x3[m[Kâ€™ to â€˜[01m[Klong long int[m[Kâ€™
[3.697s]   201 |       operator<<([01;36m[Klong long __n[m[K)
[3.697s]       |                  [01;36m[K~~~~~~~~~~^~~[m[K
[3.698s] [01m[K/usr/include/c++/11/ostream:205:7:[m[K [01;36m[Knote: [m[Kcandidate: â€˜[01m[Kstd::basic_ostream<_CharT, _Traits>::__ostream_type& std::basic_ostream<_CharT, _Traits>::operator<<(long long unsigned int) [with _CharT = char; _Traits = std::char_traits<char>; std::basic_ostream<_CharT, _Traits>::__ostream_type = std::basic_ostream<char>][m[Kâ€™
[3.698s]   205 |       [01;36m[Koperator[m[K<<(unsigned long long __n)
[3.698s]       |       [01;36m[K^~~~~~~~[m[K
[3.698s] [01m[K/usr/include/c++/11/ostream:205:37:[m[K [01;36m[Knote: [m[K  no known conversion for argument 1 from â€˜[01m[Ktf2::Matrix3x3[m[Kâ€™ to â€˜[01m[Klong long unsigned int[m[Kâ€™
[3.698s]   205 |       operator<<([01;36m[Kunsigned long long __n[m[K)
[3.698s]       |                  [01;36m[K~~~~~~~~~~~~~~~~~~~^~~[m[K
[3.698s] [01m[K/usr/include/c++/11/ostream:220:7:[m[K [01;36m[Knote: [m[Kcandidate: â€˜[01m[Kstd::basic_ostream<_CharT, _Traits>::__ostream_type& std::basic_ostream<_CharT, _Traits>::operator<<(double) [with _CharT = char; _Traits = std::char_traits<char>; std::basic_ostream<_CharT, _Traits>::__ostream_type = std::basic_ostream<char>][m[Kâ€™
[3.698s]   220 |       [01;36m[Koperator[m[K<<(double __f)
[3.698s]       |       [01;36m[K^~~~~~~~[m[K
[3.698s] [01m[K/usr/include/c++/11/ostream:220:25:[m[K [01;36m[Knote: [m[K  no known conversion for argument 1 from â€˜[01m[Ktf2::Matrix3x3[m[Kâ€™ to â€˜[01m[Kdouble[m[Kâ€™
[3.698s]   220 |       operator<<([01;36m[Kdouble __f[m[K)
[3.698s]       |                  [01;36m[K~~~~~~~^~~[m[K
[3.698s] [01m[K/usr/include/c++/11/ostream:224:7:[m[K [01;36m[Knote: [m[Kcandidate: â€˜[01m[Kstd::basic_ostream<_CharT, _Traits>::__ostream_type& std::basic_ostream<_CharT, _Traits>::operator<<(float) [with _CharT = char; _Traits = std::char_traits<char>; std::basic_ostream<_CharT, _Traits>::__ostream_type = std::basic_ostream<char>][m[Kâ€™
[3.698s]   224 |       [01;36m[Koperator[m[K<<(float __f)
[3.698s]       |       [01;36m[K^~~~~~~~[m[K
[3.699s] [01m[K/usr/include/c++/11/ostream:224:24:[m[K [01;36m[Knote: [m[K  no known conversion for argument 1 from â€˜[01m[Ktf2::Matrix3x3[m[Kâ€™ to â€˜[01m[Kfloat[m[Kâ€™
[3.699s]   224 |       operator<<([01;36m[Kfloat __f[m[K)
[3.699s]       |                  [01;36m[K~~~~~~^~~[m[K
[3.699s] [01m[K/usr/include/c++/11/ostream:232:7:[m[K [01;36m[Knote: [m[Kcandidate: â€˜[01m[Kstd::basic_ostream<_CharT, _Traits>::__ostream_type& std::basic_ostream<_CharT, _Traits>::operator<<(long double) [with _CharT = char; _Traits = std::char_traits<char>; std::basic_ostream<_CharT, _Traits>::__ostream_type = std::basic_ostream<char>][m[Kâ€™
[3.699s]   232 |       [01;36m[Koperator[m[K<<(long double __f)
[3.699s]       |       [01;36m[K^~~~~~~~[m[K
[3.699s] [01m[K/usr/include/c++/11/ostream:232:30:[m[K [01;36m[Knote: [m[K  no known conversion for argument 1 from â€˜[01m[Ktf2::Matrix3x3[m[Kâ€™ to â€˜[01m[Klong double[m[Kâ€™
[3.699s]   232 |       operator<<([01;36m[Klong double __f[m[K)
[3.699s]       |                  [01;36m[K~~~~~~~~~~~~^~~[m[K
[3.699s] [01m[K/usr/include/c++/11/ostream:245:7:[m[K [01;36m[Knote: [m[Kcandidate: â€˜[01m[Kstd::basic_ostream<_CharT, _Traits>::__ostream_type& std::basic_ostream<_CharT, _Traits>::operator<<(const void*) [with _CharT = char; _Traits = std::char_traits<char>; std::basic_ostream<_CharT, _Traits>::__ostream_type = std::basic_ostream<char>][m[Kâ€™
[3.699s]   245 |       [01;36m[Koperator[m[K<<(const void* __p)
[3.699s]       |       [01;36m[K^~~~~~~~[m[K
[3.699s] [01m[K/usr/include/c++/11/ostream:245:30:[m[K [01;36m[Knote: [m[K  no known conversion for argument 1 from â€˜[01m[Ktf2::Matrix3x3[m[Kâ€™ to â€˜[01m[Kconst void*[m[Kâ€™
[3.699s]   245 |       operator<<([01;36m[Kconst void* __p[m[K)
[3.700s]       |                  [01;36m[K~~~~~~~~~~~~^~~[m[K
[3.700s] [01m[K/usr/include/c++/11/ostream:250:7:[m[K [01;36m[Knote: [m[Kcandidate: â€˜[01m[Kstd::basic_ostream<_CharT, _Traits>::__ostream_type& std::basic_ostream<_CharT, _Traits>::operator<<(std::nullptr_t) [with _CharT = char; _Traits = std::char_traits<char>; std::basic_ostream<_CharT, _Traits>::__ostream_type = std::basic_ostream<char>; std::nullptr_t = std::nullptr_t][m[Kâ€™
[3.700s]   250 |       [01;36m[Koperator[m[K<<(nullptr_t)
[3.700s]       |       [01;36m[K^~~~~~~~[m[K
[3.701s] [01m[K/usr/include/c++/11/ostream:250:18:[m[K [01;36m[Knote: [m[K  no known conversion for argument 1 from â€˜[01m[Ktf2::Matrix3x3[m[Kâ€™ to â€˜[01m[Kstd::nullptr_t[m[Kâ€™
[3.702s]   250 |       operator<<([01;36m[Knullptr_t[m[K)
[3.702s]       |                  [01;36m[K^~~~~~~~~[m[K
[3.702s] In file included from [01m[K/usr/include/c++/11/ostream:829[m[K,
[3.702s]                  from [01m[K/usr/include/c++/11/iostream:39[m[K,
[3.702s]                  from [01m[K/opt/ros/humble/include/rclcpp/rclcpp/executor.hpp:22[m[K,
[3.702s]                  from [01m[K/opt/ros/humble/include/rclcpp/rclcpp/executors/multi_threaded_executor.hpp:25[m[K,
[3.702s]                  from [01m[K/opt/ros/humble/include/rclcpp/rclcpp/executors.hpp:21[m[K,
[3.703s]                  from [01m[K/opt/ros/humble/include/rclcpp/rclcpp/rclcpp.hpp:155[m[K,
[3.703s]                  from [01m[K/home/julien/Documents/ros/robot_arm/ros2_ws_robot/src/prog_robot_cpp/src/test.cpp:1[m[K:
[3.703s] [01m[K/usr/include/c++/11/bits/ostream.tcc:119:5:[m[K [01;36m[Knote: [m[Kcandidate: â€˜[01m[Kstd::basic_ostream<_Ch, _Tr>& std::basic_ostream<_CharT, _Traits>::operator<<(std::basic_ostream<_CharT, _Traits>::__streambuf_type*) [with _CharT = char; _Traits = std::char_traits<char>; std::basic_ostream<_CharT, _Traits>::__streambuf_type = std::basic_streambuf<char>][m[Kâ€™
[3.703s]   119 |     [01;36m[Kbasic_ostream<_CharT, _Traits>[m[K::
[3.703s]       |     [01;36m[K^~~~~~~~~~~~~~~~~~~~~~~~~~~~~~[m[K
[3.703s] [01m[K/usr/include/c++/11/bits/ostream.tcc:120:34:[m[K [01;36m[Knote: [m[K  no known conversion for argument 1 from â€˜[01m[Ktf2::Matrix3x3[m[Kâ€™ to â€˜[01m[Kstd::basic_ostream<char>::__streambuf_type*[m[Kâ€™ {aka â€˜[01m[Kstd::basic_streambuf<char>*[m[Kâ€™}
[3.703s]   120 |     operator<<([01;36m[K__streambuf_type* __sbin[m[K)
[3.703s]       |                [01;36m[K~~~~~~~~~~~~~~~~~~^~~~~~[m[K
[3.703s] In file included from [01m[K/usr/include/c++/11/memory:77[m[K,
[3.704s]                  from [01m[K/opt/ros/humble/include/rclcpp/rclcpp/rclcpp.hpp:153[m[K,
[3.704s]                  from [01m[K/home/julien/Documents/ros/robot_arm/ros2_ws_robot/src/prog_robot_cpp/src/test.cpp:1[m[K:
[3.704s] [01m[K/usr/include/c++/11/bits/shared_ptr.h:70:5:[m[K [01;36m[Knote: [m[Kcandidate: â€˜[01m[Ktemplate<class _Ch, class _Tr, class _Tp, __gnu_cxx::_Lock_policy _Lp> std::basic_ostream<_Ch, _Tr>& std::operator<<(std::basic_ostream<_Ch, _Tr>&, const std::__shared_ptr<_Tp, _Lp>&)[m[Kâ€™
[3.704s]    70 |     [01;36m[Koperator[m[K<<(std::basic_ostream<_Ch, _Tr>& __os,
[3.704s]       |     [01;36m[K^~~~~~~~[m[K
[3.704s] [01m[K/usr/include/c++/11/bits/shared_ptr.h:70:5:[m[K [01;36m[Knote: [m[K  template argument deduction/substitution failed:
[3.704s] [01m[K/home/julien/Documents/ros/robot_arm/ros2_ws_robot/src/prog_robot_cpp/src/test.cpp:47:18:[m[K [01;36m[Knote: [m[K  â€˜[01m[Ktf2::Matrix3x3[m[Kâ€™ is not derived from â€˜[01m[Kconst std::__shared_ptr<_Tp, _Lp>[m[Kâ€™
[3.704s]    47 |     std::cout << [01;36m[Km[m[K << std::endl;
[3.704s]       |                  [01;36m[K^[m[K
[3.704s] In file included from [01m[K/usr/include/c++/11/bits/basic_string.h:48[m[K,
[3.705s]                  from [01m[K/usr/include/c++/11/string:55[m[K,
[3.705s]                  from [01m[K/usr/include/c++/11/stdexcept:39[m[K,
[3.705s]                  from [01m[K/usr/include/c++/11/system_error:41[m[K,
[3.705s]                  from [01m[K/usr/include/c++/11/mutex:42[m[K,
[3.705s]                  from [01m[K/usr/include/c++/11/future:38[m[K,
[3.705s]                  from [01m[K/opt/ros/humble/include/rclcpp/rclcpp/executors.hpp:18[m[K,
[3.705s]                  from [01m[K/opt/ros/humble/include/rclcpp/rclcpp/rclcpp.hpp:155[m[K,
[3.705s]                  from [01m[K/home/julien/Documents/ros/robot_arm/ros2_ws_robot/src/prog_robot_cpp/src/test.cpp:1[m[K:
[3.705s] [01m[K/usr/include/c++/11/string_view:667:5:[m[K [01;36m[Knote: [m[Kcandidate: â€˜[01m[Ktemplate<class _CharT, class _Traits> std::basic_ostream<_Ch, _Tr>& std::operator<<(std::basic_ostream<_Ch, _Tr>&, std::basic_string_view<_CharT, _Traits>)[m[Kâ€™
[3.705s]   667 |     [01;36m[Koperator[m[K<<(basic_ostream<_CharT, _Traits>& __os,
[3.705s]       |     [01;36m[K^~~~~~~~[m[K
[3.706s] [01m[K/usr/include/c++/11/string_view:667:5:[m[K [01;36m[Knote: [m[K  template argument deduction/substitution failed:
[3.706s] [01m[K/home/julien/Documents/ros/robot_arm/ros2_ws_robot/src/prog_robot_cpp/src/test.cpp:47:18:[m[K [01;36m[Knote: [m[K  â€˜[01m[Ktf2::Matrix3x3[m[Kâ€™ is not derived from â€˜[01m[Kstd::basic_string_view<_CharT, _Traits>[m[Kâ€™
[3.706s]    47 |     std::cout << [01;36m[Km[m[K << std::endl;
[3.706s]       |                  [01;36m[K^[m[K
[3.706s] In file included from [01m[K/usr/include/c++/11/string:55[m[K,
[3.706s]                  from [01m[K/usr/include/c++/11/stdexcept:39[m[K,
[3.706s]                  from [01m[K/usr/include/c++/11/system_error:41[m[K,
[3.706s]                  from [01m[K/usr/include/c++/11/mutex:42[m[K,
[3.706s]                  from [01m[K/usr/include/c++/11/future:38[m[K,
[3.707s]                  from [01m[K/opt/ros/humble/include/rclcpp/rclcpp/executors.hpp:18[m[K,
[3.707s]                  from [01m[K/opt/ros/humble/include/rclcpp/rclcpp/rclcpp.hpp:155[m[K,
[3.707s]                  from [01m[K/home/julien/Documents/ros/robot_arm/ros2_ws_robot/src/prog_robot_cpp/src/test.cpp:1[m[K:
[3.707s] [01m[K/usr/include/c++/11/bits/basic_string.h:6531:5:[m[K [01;36m[Knote: [m[Kcandidate: â€˜[01m[Ktemplate<class _CharT, class _Traits, class _Alloc> std::basic_ostream<_Ch, _Tr>& std::operator<<(std::basic_ostream<_Ch, _Tr>&, const std::__cxx11::basic_string<_CharT, _Traits, _Allocator>&)[m[Kâ€™
[3.707s]  6531 |     [01;36m[Koperator[m[K<<(basic_ostream<_CharT, _Traits>& __os,
[3.707s]       |     [01;36m[K^~~~~~~~[m[K
[3.707s] [01m[K/usr/include/c++/11/bits/basic_string.h:6531:5:[m[K [01;36m[Knote: [m[K  template argument deduction/substitution failed:
[3.707s] [01m[K/home/julien/Documents/ros/robot_arm/ros2_ws_robot/src/prog_robot_cpp/src/test.cpp:47:18:[m[K [01;36m[Knote: [m[K  â€˜[01m[Ktf2::Matrix3x3[m[Kâ€™ is not derived from â€˜[01m[Kconst std::__cxx11::basic_string<_CharT, _Traits, _Allocator>[m[Kâ€™
[3.707s]    47 |     std::cout << [01;36m[Km[m[K << std::endl;
[3.707s]       |                  [01;36m[K^[m[K
[3.708s] In file included from [01m[K/usr/include/c++/11/mutex:42[m[K,
[3.708s]                  from [01m[K/usr/include/c++/11/future:38[m[K,
[3.708s]                  from [01m[K/opt/ros/humble/include/rclcpp/rclcpp/executors.hpp:18[m[K,
[3.708s]                  from [01m[K/opt/ros/humble/include/rclcpp/rclcpp/rclcpp.hpp:155[m[K,
[3.708s]                  from [01m[K/home/julien/Documents/ros/robot_arm/ros2_ws_robot/src/prog_robot_cpp/src/test.cpp:1[m[K:
[3.708s] [01m[K/usr/include/c++/11/system_error:279:5:[m[K [01;36m[Knote: [m[Kcandidate: â€˜[01m[Ktemplate<class _CharT, class _Traits> std::basic_ostream<_Ch, _Tr>& std::operator<<(std::basic_ostream<_Ch, _Tr>&, const std::error_code&)[m[Kâ€™
[3.708s]   279 |     [01;36m[Koperator[m[K<<(basic_ostream<_CharT, _Traits>& __os, const error_code& __e)
[3.708s]       |     [01;36m[K^~~~~~~~[m[K
[3.708s] [01m[K/usr/include/c++/11/system_error:279:5:[m[K [01;36m[Knote: [m[K  template argument deduction/substitution failed:
[3.708s] [01m[K/home/julien/Documents/ros/robot_arm/ros2_ws_robot/src/prog_robot_cpp/src/test.cpp:47:18:[m[K [01;36m[Knote: [m[K  cannot convert â€˜[01m[Km[m[Kâ€™ (type â€˜[01m[Ktf2::Matrix3x3[m[Kâ€™) to type â€˜[01m[Kconst std::error_code&[m[Kâ€™
[3.708s]    47 |     std::cout << [01;36m[Km[m[K << std::endl;
[3.708s]       |                  [01;36m[K^[m[K
[3.708s] In file included from [01m[K/opt/ros/humble/include/rclcpp/rclcpp/executors/multi_threaded_executor.hpp:22[m[K,
[3.709s]                  from [01m[K/opt/ros/humble/include/rclcpp/rclcpp/executors.hpp:21[m[K,
[3.709s]                  from [01m[K/opt/ros/humble/include/rclcpp/rclcpp/rclcpp.hpp:155[m[K,
[3.709s]                  from [01m[K/home/julien/Documents/ros/robot_arm/ros2_ws_robot/src/prog_robot_cpp/src/test.cpp:1[m[K:
[3.709s] [01m[K/usr/include/c++/11/thread:92:5:[m[K [01;36m[Knote: [m[Kcandidate: â€˜[01m[Ktemplate<class _CharT, class _Traits> std::basic_ostream<_Ch, _Tr>& std::operator<<(std::basic_ostream<_Ch, _Tr>&, std::thread::id)[m[Kâ€™
[3.709s]    92 |     [01;36m[Koperator[m[K<<(basic_ostream<_CharT, _Traits>& __out, thread::id __id)
[3.709s]       |     [01;36m[K^~~~~~~~[m[K
[3.709s] [01m[K/usr/include/c++/11/thread:92:5:[m[K [01;36m[Knote: [m[K  template argument deduction/substitution failed:
[3.709s] [01m[K/home/julien/Documents/ros/robot_arm/ros2_ws_robot/src/prog_robot_cpp/src/test.cpp:47:18:[m[K [01;36m[Knote: [m[K  cannot convert â€˜[01m[Km[m[Kâ€™ (type â€˜[01m[Ktf2::Matrix3x3[m[Kâ€™) to type â€˜[01m[Kstd::thread::id[m[Kâ€™
[3.709s]    47 |     std::cout << [01;36m[Km[m[K << std::endl;
[3.709s]       |                  [01;36m[K^[m[K
[3.709s] In file included from [01m[K/usr/include/c++/11/iostream:39[m[K,
[3.709s]                  from [01m[K/opt/ros/humble/include/rclcpp/rclcpp/executor.hpp:22[m[K,
[3.709s]                  from [01m[K/opt/ros/humble/include/rclcpp/rclcpp/executors/multi_threaded_executor.hpp:25[m[K,
[3.709s]                  from [01m[K/opt/ros/humble/include/rclcpp/rclcpp/executors.hpp:21[m[K,
[3.710s]                  from [01m[K/opt/ros/humble/include/rclcpp/rclcpp/rclcpp.hpp:155[m[K,
[3.710s]                  from [01m[K/home/julien/Documents/ros/robot_arm/ros2_ws_robot/src/prog_robot_cpp/src/test.cpp:1[m[K:
[3.710s] [01m[K/usr/include/c++/11/ostream:513:5:[m[K [01;36m[Knote: [m[Kcandidate: â€˜[01m[Ktemplate<class _CharT, class _Traits> std::basic_ostream<_Ch, _Tr>& std::operator<<(std::basic_ostream<_Ch, _Tr>&, _CharT)[m[Kâ€™
[3.710s]   513 |     [01;36m[Koperator[m[K<<(basic_ostream<_CharT, _Traits>& __out, _CharT __c)
[3.710s]       |     [01;36m[K^~~~~~~~[m[K
[3.710s] [01m[K/usr/include/c++/11/ostream:513:5:[m[K [01;36m[Knote: [m[K  template argument deduction/substitution failed:
[3.710s] [01m[K/home/julien/Documents/ros/robot_arm/ros2_ws_robot/src/prog_robot_cpp/src/test.cpp:47:18:[m[K [01;36m[Knote: [m[K  deduced conflicting types for parameter â€˜[01m[K_CharT[m[Kâ€™ (â€˜[01m[Kchar[m[Kâ€™ and â€˜[01m[Ktf2::Matrix3x3[m[Kâ€™)
[3.710s]    47 |     std::cout << [01;36m[Km[m[K << std::endl;
[3.710s]       |                  [01;36m[K^[m[K
[3.710s] In file included from [01m[K/usr/include/c++/11/iostream:39[m[K,
[3.710s]                  from [01m[K/opt/ros/humble/include/rclcpp/rclcpp/executor.hpp:22[m[K,
[3.711s]                  from [01m[K/opt/ros/humble/include/rclcpp/rclcpp/executors/multi_threaded_executor.hpp:25[m[K,
[3.711s]                  from [01m[K/opt/ros/humble/include/rclcpp/rclcpp/executors.hpp:21[m[K,
[3.711s]                  from [01m[K/opt/ros/humble/include/rclcpp/rclcpp/rclcpp.hpp:155[m[K,
[3.711s]                  from [01m[K/home/julien/Documents/ros/robot_arm/ros2_ws_robot/src/prog_robot_cpp/src/test.cpp:1[m[K:
[3.711s] [01m[K/usr/include/c++/11/ostream:518:5:[m[K [01;36m[Knote: [m[Kcandidate: â€˜[01m[Ktemplate<class _CharT, class _Traits> std::basic_ostream<_Ch, _Tr>& std::operator<<(std::basic_ostream<_Ch, _Tr>&, char)[m[Kâ€™
[3.711s]   518 |     [01;36m[Koperator[m[K<<(basic_ostream<_CharT, _Traits>& __out, char __c)
[3.711s]       |     [01;36m[K^~~~~~~~[m[K
[3.711s] [01m[K/usr/include/c++/11/ostream:518:5:[m[K [01;36m[Knote: [m[K  template argument deduction/substitution failed:
[3.711s] [01m[K/home/julien/Documents/ros/robot_arm/ros2_ws_robot/src/prog_robot_cpp/src/test.cpp:47:18:[m[K [01;36m[Knote: [m[K  cannot convert â€˜[01m[Km[m[Kâ€™ (type â€˜[01m[Ktf2::Matrix3x3[m[Kâ€™) to type â€˜[01m[Kchar[m[Kâ€™
[3.711s]    47 |     std::cout << [01;36m[Km[m[K << std::endl;
[3.711s]       |                  [01;36m[K^[m[K
[3.711s] In file included from [01m[K/usr/include/c++/11/iostream:39[m[K,
[3.711s]                  from [01m[K/opt/ros/humble/include/rclcpp/rclcpp/executor.hpp:22[m[K,
[3.712s]                  from [01m[K/opt/ros/humble/include/rclcpp/rclcpp/executors/multi_threaded_executor.hpp:25[m[K,
[3.712s]                  from [01m[K/opt/ros/humble/include/rclcpp/rclcpp/executors.hpp:21[m[K,
[3.712s]                  from [01m[K/opt/ros/humble/include/rclcpp/rclcpp/rclcpp.hpp:155[m[K,
[3.712s]                  from [01m[K/home/julien/Documents/ros/robot_arm/ros2_ws_robot/src/prog_robot_cpp/src/test.cpp:1[m[K:
[3.712s] [01m[K/usr/include/c++/11/ostream:524:5:[m[K [01;36m[Knote: [m[Kcandidate: â€˜[01m[Ktemplate<class _Traits> std::basic_ostream<char, _Traits>& std::operator<<(std::basic_ostream<char, _Traits>&, char)[m[Kâ€™
[3.712s]   524 |     [01;36m[Koperator[m[K<<(basic_ostream<char, _Traits>& __out, char __c)
[3.712s]       |     [01;36m[K^~~~~~~~[m[K
[3.712s] [01m[K/usr/include/c++/11/ostream:524:5:[m[K [01;36m[Knote: [m[K  template argument deduction/substitution failed:
[3.712s] [01m[K/home/julien/Documents/ros/robot_arm/ros2_ws_robot/src/prog_robot_cpp/src/test.cpp:47:18:[m[K [01;36m[Knote: [m[K  cannot convert â€˜[01m[Km[m[Kâ€™ (type â€˜[01m[Ktf2::Matrix3x3[m[Kâ€™) to type â€˜[01m[Kchar[m[Kâ€™
[3.712s]    47 |     std::cout << [01;36m[Km[m[K << std::endl;
[3.712s]       |                  [01;36m[K^[m[K
[3.712s] In file included from [01m[K/usr/include/c++/11/iostream:39[m[K,
[3.713s]                  from [01m[K/opt/ros/humble/include/rclcpp/rclcpp/executor.hpp:22[m[K,
[3.713s]                  from [01m[K/opt/ros/humble/include/rclcpp/rclcpp/executors/multi_threaded_executor.hpp:25[m[K,
[3.713s]                  from [01m[K/opt/ros/humble/include/rclcpp/rclcpp/executors.hpp:21[m[K,
[3.713s]                  from [01m[K/opt/ros/humble/include/rclcpp/rclcpp/rclcpp.hpp:155[m[K,
[3.713s]                  from [01m[K/home/julien/Documents/ros/robot_arm/ros2_ws_robot/src/prog_robot_cpp/src/test.cpp:1[m[K:
[3.713s] [01m[K/usr/include/c++/11/ostream:530:5:[m[K [01;36m[Knote: [m[Kcandidate: â€˜[01m[Ktemplate<class _Traits> std::basic_ostream<char, _Traits>& std::operator<<(std::basic_ostream<char, _Traits>&, signed char)[m[Kâ€™
[3.713s]   530 |     [01;36m[Koperator[m[K<<(basic_ostream<char, _Traits>& __out, signed char __c)
[3.713s]       |     [01;36m[K^~~~~~~~[m[K
[3.713s] [01m[K/usr/include/c++/11/ostream:530:5:[m[K [01;36m[Knote: [m[K  template argument deduction/substitution failed:
[3.713s] [01m[K/home/julien/Documents/ros/robot_arm/ros2_ws_robot/src/prog_robot_cpp/src/test.cpp:47:18:[m[K [01;36m[Knote: [m[K  cannot convert â€˜[01m[Km[m[Kâ€™ (type â€˜[01m[Ktf2::Matrix3x3[m[Kâ€™) to type â€˜[01m[Ksigned char[m[Kâ€™
[3.713s]    47 |     std::cout << [01;36m[Km[m[K << std::endl;
[3.713s]       |                  [01;36m[K^[m[K
[3.713s] In file included from [01m[K/usr/include/c++/11/iostream:39[m[K,
[3.713s]                  from [01m[K/opt/ros/humble/include/rclcpp/rclcpp/executor.hpp:22[m[K,
[3.713s]                  from [01m[K/opt/ros/humble/include/rclcpp/rclcpp/executors/multi_threaded_executor.hpp:25[m[K,
[3.714s]                  from [01m[K/opt/ros/humble/include/rclcpp/rclcpp/executors.hpp:21[m[K,
[3.714s]                  from [01m[K/opt/ros/humble/include/rclcpp/rclcpp/rclcpp.hpp:155[m[K,
[3.714s]                  from [01m[K/home/julien/Documents/ros/robot_arm/ros2_ws_robot/src/prog_robot_cpp/src/test.cpp:1[m[K:
[3.714s] [01m[K/usr/include/c++/11/ostream:535:5:[m[K [01;36m[Knote: [m[Kcandidate: â€˜[01m[Ktemplate<class _Traits> std::basic_ostream<char, _Traits>& std::operator<<(std::basic_ostream<char, _Traits>&, unsigned char)[m[Kâ€™
[3.714s]   535 |     [01;36m[Koperator[m[K<<(basic_ostream<char, _Traits>& __out, unsigned char __c)
[3.714s]       |     [01;36m[K^~~~~~~~[m[K
[3.714s] [01m[K/usr/include/c++/11/ostream:535:5:[m[K [01;36m[Knote: [m[K  template argument deduction/substitution failed:
[3.714s] [01m[K/home/julien/Documents/ros/robot_arm/ros2_ws_robot/src/prog_robot_cpp/src/test.cpp:47:18:[m[K [01;36m[Knote: [m[K  cannot convert â€˜[01m[Km[m[Kâ€™ (type â€˜[01m[Ktf2::Matrix3x3[m[Kâ€™) to type â€˜[01m[Kunsigned char[m[Kâ€™
[3.714s]    47 |     std::cout << [01;36m[Km[m[K << std::endl;
[3.714s]       |                  [01;36m[K^[m[K
[3.714s] In file included from [01m[K/usr/include/c++/11/iostream:39[m[K,
[3.714s]                  from [01m[K/opt/ros/humble/include/rclcpp/rclcpp/executor.hpp:22[m[K,
[3.714s]                  from [01m[K/opt/ros/humble/include/rclcpp/rclcpp/executors/multi_threaded_executor.hpp:25[m[K,
[3.714s]                  from [01m[K/opt/ros/humble/include/rclcpp/rclcpp/executors.hpp:21[m[K,
[3.715s]                  from [01m[K/opt/ros/humble/include/rclcpp/rclcpp/rclcpp.hpp:155[m[K,
[3.715s]                  from [01m[K/home/julien/Documents/ros/robot_arm/ros2_ws_robot/src/prog_robot_cpp/src/test.cpp:1[m[K:
[3.715s] [01m[K/usr/include/c++/11/ostream:594:5:[m[K [01;36m[Knote: [m[Kcandidate: â€˜[01m[Ktemplate<class _CharT, class _Traits> std::basic_ostream<_Ch, _Tr>& std::operator<<(std::basic_ostream<_Ch, _Tr>&, const _CharT*)[m[Kâ€™
[3.715s]   594 |     [01;36m[Koperator[m[K<<(basic_ostream<_CharT, _Traits>& __out, const _CharT* __s)
[3.715s]       |     [01;36m[K^~~~~~~~[m[K
[3.715s] [01m[K/usr/include/c++/11/ostream:594:5:[m[K [01;36m[Knote: [m[K  template argument deduction/substitution failed:
[3.715s] [01m[K/home/julien/Documents/ros/robot_arm/ros2_ws_robot/src/prog_robot_cpp/src/test.cpp:47:18:[m[K [01;36m[Knote: [m[K  mismatched types â€˜[01m[Kconst _CharT*[m[Kâ€™ and â€˜[01m[Ktf2::Matrix3x3[m[Kâ€™
[3.715s]    47 |     std::cout << [01;36m[Km[m[K << std::endl;
[3.715s]       |                  [01;36m[K^[m[K
[3.715s] In file included from [01m[K/usr/include/c++/11/ostream:829[m[K,
[3.715s]                  from [01m[K/usr/include/c++/11/iostream:39[m[K,
[3.715s]                  from [01m[K/opt/ros/humble/include/rclcpp/rclcpp/executor.hpp:22[m[K,
[3.715s]                  from [01m[K/opt/ros/humble/include/rclcpp/rclcpp/executors/multi_threaded_executor.hpp:25[m[K,
[3.715s]                  from [01m[K/opt/ros/humble/include/rclcpp/rclcpp/executors.hpp:21[m[K,
[3.716s]                  from [01m[K/opt/ros/humble/include/rclcpp/rclcpp/rclcpp.hpp:155[m[K,
[3.716s]                  from [01m[K/home/julien/Documents/ros/robot_arm/ros2_ws_robot/src/prog_robot_cpp/src/test.cpp:1[m[K:
[3.716s] [01m[K/usr/include/c++/11/bits/ostream.tcc:321:5:[m[K [01;36m[Knote: [m[Kcandidate: â€˜[01m[Ktemplate<class _CharT, class _Traits> std::basic_ostream<_Ch, _Tr>& std::operator<<(std::basic_ostream<_Ch, _Tr>&, const char*)[m[Kâ€™
[3.716s]   321 |     [01;36m[Koperator[m[K<<(basic_ostream<_CharT, _Traits>& __out, const char* __s)
[3.716s]       |     [01;36m[K^~~~~~~~[m[K
[3.716s] [01m[K/usr/include/c++/11/bits/ostream.tcc:321:5:[m[K [01;36m[Knote: [m[K  template argument deduction/substitution failed:
[3.716s] [01m[K/home/julien/Documents/ros/robot_arm/ros2_ws_robot/src/prog_robot_cpp/src/test.cpp:47:18:[m[K [01;36m[Knote: [m[K  cannot convert â€˜[01m[Km[m[Kâ€™ (type â€˜[01m[Ktf2::Matrix3x3[m[Kâ€™) to type â€˜[01m[Kconst char*[m[Kâ€™
[3.716s]    47 |     std::cout << [01;36m[Km[m[K << std::endl;
[3.716s]       |                  [01;36m[K^[m[K
[3.716s] In file included from [01m[K/usr/include/c++/11/iostream:39[m[K,
[3.716s]                  from [01m[K/opt/ros/humble/include/rclcpp/rclcpp/executor.hpp:22[m[K,
[3.716s]                  from [01m[K/opt/ros/humble/include/rclcpp/rclcpp/executors/multi_threaded_executor.hpp:25[m[K,
[3.716s]                  from [01m[K/opt/ros/humble/include/rclcpp/rclcpp/executors.hpp:21[m[K,
[3.716s]                  from [01m[K/opt/ros/humble/include/rclcpp/rclcpp/rclcpp.hpp:155[m[K,
[3.716s]                  from [01m[K/home/julien/Documents/ros/robot_arm/ros2_ws_robot/src/prog_robot_cpp/src/test.cpp:1[m[K:
[3.717s] [01m[K/usr/include/c++/11/ostream:611:5:[m[K [01;36m[Knote: [m[Kcandidate: â€˜[01m[Ktemplate<class _Traits> std::basic_ostream<char, _Traits>& std::operator<<(std::basic_ostream<char, _Traits>&, const char*)[m[Kâ€™
[3.717s]   611 |     [01;36m[Koperator[m[K<<(basic_ostream<char, _Traits>& __out, const char* __s)
[3.717s]       |     [01;36m[K^~~~~~~~[m[K
[3.717s] [01m[K/usr/include/c++/11/ostream:611:5:[m[K [01;36m[Knote: [m[K  template argument deduction/substitution failed:
[3.717s] [01m[K/home/julien/Documents/ros/robot_arm/ros2_ws_robot/src/prog_robot_cpp/src/test.cpp:47:18:[m[K [01;36m[Knote: [m[K  cannot convert â€˜[01m[Km[m[Kâ€™ (type â€˜[01m[Ktf2::Matrix3x3[m[Kâ€™) to type â€˜[01m[Kconst char*[m[Kâ€™
[3.717s]    47 |     std::cout << [01;36m[Km[m[K << std::endl;
[3.717s]       |                  [01;36m[K^[m[K
[3.717s] In file included from [01m[K/usr/include/c++/11/iostream:39[m[K,
[3.717s]                  from [01m[K/opt/ros/humble/include/rclcpp/rclcpp/executor.hpp:22[m[K,
[3.717s]                  from [01m[K/opt/ros/humble/include/rclcpp/rclcpp/executors/multi_threaded_executor.hpp:25[m[K,
[3.717s]                  from [01m[K/opt/ros/humble/include/rclcpp/rclcpp/executors.hpp:21[m[K,
[3.717s]                  from [01m[K/opt/ros/humble/include/rclcpp/rclcpp/rclcpp.hpp:155[m[K,
[3.717s]                  from [01m[K/home/julien/Documents/ros/robot_arm/ros2_ws_robot/src/prog_robot_cpp/src/test.cpp:1[m[K:
[3.717s] [01m[K/usr/include/c++/11/ostream:624:5:[m[K [01;36m[Knote: [m[Kcandidate: â€˜[01m[Ktemplate<class _Traits> std::basic_ostream<char, _Traits>& std::operator<<(std::basic_ostream<char, _Traits>&, const signed char*)[m[Kâ€™
[3.718s]   624 |     [01;36m[Koperator[m[K<<(basic_ostream<char, _Traits>& __out, const signed char* __s)
[3.718s]       |     [01;36m[K^~~~~~~~[m[K
[3.718s] [01m[K/usr/include/c++/11/ostream:624:5:[m[K [01;36m[Knote: [m[K  template argument deduction/substitution failed:
[3.718s] [01m[K/home/julien/Documents/ros/robot_arm/ros2_ws_robot/src/prog_robot_cpp/src/test.cpp:47:18:[m[K [01;36m[Knote: [m[K  cannot convert â€˜[01m[Km[m[Kâ€™ (type â€˜[01m[Ktf2::Matrix3x3[m[Kâ€™) to type â€˜[01m[Kconst signed char*[m[Kâ€™
[3.718s]    47 |     std::cout << [01;36m[Km[m[K << std::endl;
[3.718s]       |                  [01;36m[K^[m[K
[3.718s] In file included from [01m[K/usr/include/c++/11/iostream:39[m[K,
[3.718s]                  from [01m[K/opt/ros/humble/include/rclcpp/rclcpp/executor.hpp:22[m[K,
[3.718s]                  from [01m[K/opt/ros/humble/include/rclcpp/rclcpp/executors/multi_threaded_executor.hpp:25[m[K,
[3.718s]                  from [01m[K/opt/ros/humble/include/rclcpp/rclcpp/executors.hpp:21[m[K,
[3.718s]                  from [01m[K/opt/ros/humble/include/rclcpp/rclcpp/rclcpp.hpp:155[m[K,
[3.718s]                  from [01m[K/home/julien/Documents/ros/robot_arm/ros2_ws_robot/src/prog_robot_cpp/src/test.cpp:1[m[K:
[3.718s] [01m[K/usr/include/c++/11/ostream:629:5:[m[K [01;36m[Knote: [m[Kcandidate: â€˜[01m[Ktemplate<class _Traits> std::basic_ostream<char, _Traits>& std::operator<<(std::basic_ostream<char, _Traits>&, const unsigned char*)[m[Kâ€™
[3.718s]   629 |     [01;36m[Koperator[m[K<<(basic_ostream<char, _Traits>& __out, const unsigned char* __s)
[3.718s]       |     [01;36m[K^~~~~~~~[m[K
[3.719s] [01m[K/usr/include/c++/11/ostream:629:5:[m[K [01;36m[Knote: [m[K  template argument deduction/substitution failed:
[3.719s] [01m[K/home/julien/Documents/ros/robot_arm/ros2_ws_robot/src/prog_robot_cpp/src/test.cpp:47:18:[m[K [01;36m[Knote: [m[K  cannot convert â€˜[01m[Km[m[Kâ€™ (type â€˜[01m[Ktf2::Matrix3x3[m[Kâ€™) to type â€˜[01m[Kconst unsigned char*[m[Kâ€™
[3.719s]    47 |     std::cout << [01;36m[Km[m[K << std::endl;
[3.719s]       |                  [01;36m[K^[m[K
[3.719s] In file included from [01m[K/usr/include/c++/11/iostream:39[m[K,
[3.719s]                  from [01m[K/opt/ros/humble/include/rclcpp/rclcpp/executor.hpp:22[m[K,
[3.719s]                  from [01m[K/opt/ros/humble/include/rclcpp/rclcpp/executors/multi_threaded_executor.hpp:25[m[K,
[3.719s]                  from [01m[K/opt/ros/humble/include/rclcpp/rclcpp/executors.hpp:21[m[K,
[3.719s]                  from [01m[K/opt/ros/humble/include/rclcpp/rclcpp/rclcpp.hpp:155[m[K,
[3.719s]                  from [01m[K/home/julien/Documents/ros/robot_arm/ros2_ws_robot/src/prog_robot_cpp/src/test.cpp:1[m[K:
[3.719s] [01m[K/usr/include/c++/11/ostream:750:5:[m[K [01;36m[Knote: [m[Kcandidate: â€˜[01m[Ktemplate<class _Ostream, class _Tp> _Ostream&& std::operator<<(_Ostream&&, const _Tp&)[m[Kâ€™
[3.719s]   750 |     [01;36m[Koperator[m[K<<(_Ostream&& __os, const _Tp& __x)
[3.719s]       |     [01;36m[K^~~~~~~~[m[K
[3.719s] [01m[K/usr/include/c++/11/ostream:750:5:[m[K [01;36m[Knote: [m[K  template argument deduction/substitution failed:
[3.719s] /usr/include/c++/11/ostream: In substitution of â€˜[01m[Ktemplate<class _Ostream, class _Tp> _Ostream&& std::operator<<(_Ostream&&, const _Tp&) [with _Ostream = std::basic_ostream<char>&; _Tp = tf2::Matrix3x3][m[Kâ€™:
[3.720s] [01m[K/home/julien/Documents/ros/robot_arm/ros2_ws_robot/src/prog_robot_cpp/src/test.cpp:47:18:[m[K   required from here
[3.720s] [01m[K/usr/include/c++/11/ostream:750:5:[m[K [01;31m[Kerror: [m[Kno type named â€˜[01m[Ktype[m[Kâ€™ in â€˜[01m[Kstruct std::enable_if<false, void>[m[Kâ€™
[3.720s] In file included from [01m[K/opt/ros/humble/include/rosidl_runtime_cpp/rosidl_runtime_cpp/traits.hpp:19[m[K,
[3.720s]                  from [01m[K/home/julien/Documents/ros/microros_ws/install/builtin_interfaces/include/builtin_interfaces/builtin_interfaces/msg/detail/duration__traits.hpp:15[m[K,
[3.721s]                  from [01m[K/home/julien/Documents/ros/microros_ws/install/builtin_interfaces/include/builtin_interfaces/builtin_interfaces/msg/duration.hpp:9[m[K,
[3.721s]                  from [01m[K/opt/ros/humble/include/rclcpp/rclcpp/duration.hpp:20[m[K,
[3.721s]                  from [01m[K/opt/ros/humble/include/rclcpp/rclcpp/qos.hpp:20[m[K,
[3.721s]                  from [01m[K/opt/ros/humble/include/rclcpp/rclcpp/node_interfaces/node_graph_interface.hpp:32[m[K,
[3.721s]                  from [01m[K/opt/ros/humble/include/rclcpp/rclcpp/client.hpp:42[m[K,
[3.721s]                  from [01m[K/opt/ros/humble/include/rclcpp/rclcpp/callback_group.hpp:24[m[K,
[3.721s]                  from [01m[K/opt/ros/humble/include/rclcpp/rclcpp/any_executable.hpp:20[m[K,
[3.721s]                  from [01m[K/opt/ros/humble/include/rclcpp/rclcpp/memory_strategy.hpp:25[m[K,
[3.721s]                  from [01m[K/opt/ros/humble/include/rclcpp/rclcpp/memory_strategies.hpp:18[m[K,
[3.721s]                  from [01m[K/opt/ros/humble/include/rclcpp/rclcpp/executor_options.hpp:20[m[K,
[3.721s]                  from [01m[K/opt/ros/humble/include/rclcpp/rclcpp/executor.hpp:37[m[K,
[3.721s]                  from [01m[K/opt/ros/humble/include/rclcpp/rclcpp/executors/multi_threaded_executor.hpp:25[m[K,
[3.721s]                  from [01m[K/opt/ros/humble/include/rclcpp/rclcpp/executors.hpp:21[m[K,
[3.722s]                  from [01m[K/opt/ros/humble/include/rclcpp/rclcpp/rclcpp.hpp:155[m[K,
[3.722s]                  from [01m[K/home/julien/Documents/ros/robot_arm/ros2_ws_robot/src/prog_robot_cpp/src/test.cpp:1[m[K:
[3.722s] [01m[K/usr/include/c++/11/iomanip:79:5:[m[K [01;36m[Knote: [m[Kcandidate: â€˜[01m[Ktemplate<class _CharT, class _Traits> std::basic_ostream<_Ch, _Tr>& std::operator<<(std::basic_ostream<_Ch, _Tr>&, std::_Resetiosflags)[m[Kâ€™
[3.722s]    79 |     [01;36m[Koperator[m[K<<(basic_ostream<_CharT, _Traits>& __os, _Resetiosflags __f)
[3.722s]       |     [01;36m[K^~~~~~~~[m[K
[3.722s] [01m[K/usr/include/c++/11/iomanip:79:5:[m[K [01;36m[Knote: [m[K  template argument deduction/substitution failed:
[3.722s] [01m[K/home/julien/Documents/ros/robot_arm/ros2_ws_robot/src/prog_robot_cpp/src/test.cpp:47:18:[m[K [01;36m[Knote: [m[K  cannot convert â€˜[01m[Km[m[Kâ€™ (type â€˜[01m[Ktf2::Matrix3x3[m[Kâ€™) to type â€˜[01m[Kstd::_Resetiosflags[m[Kâ€™
[3.722s]    47 |     std::cout << [01;36m[Km[m[K << std::endl;
[3.722s]       |                  [01;36m[K^[m[K
[3.722s] In file included from [01m[K/opt/ros/humble/include/rosidl_runtime_cpp/rosidl_runtime_cpp/traits.hpp:19[m[K,
[3.722s]                  from [01m[K/home/julien/Documents/ros/microros_ws/install/builtin_interfaces/include/builtin_interfaces/builtin_interfaces/msg/detail/duration__traits.hpp:15[m[K,
[3.722s]                  from [01m[K/home/julien/Documents/ros/microros_ws/install/builtin_interfaces/include/builtin_interfaces/builtin_interfaces/msg/duration.hpp:9[m[K,
[3.722s]                  from [01m[K/opt/ros/humble/include/rclcpp/rclcpp/duration.hpp:20[m[K,
[3.722s]                  from [01m[K/opt/ros/humble/include/rclcpp/rclcpp/qos.hpp:20[m[K,
[3.723s]                  from [01m[K/opt/ros/humble/include/rclcpp/rclcpp/node_interfaces/node_graph_interface.hpp:32[m[K,
[3.723s]                  from [01m[K/opt/ros/humble/include/rclcpp/rclcpp/client.hpp:42[m[K,
[3.723s]                  from [01m[K/opt/ros/humble/include/rclcpp/rclcpp/callback_group.hpp:24[m[K,
[3.723s]                  from [01m[K/opt/ros/humble/include/rclcpp/rclcpp/any_executable.hpp:20[m[K,
[3.723s]                  from [01m[K/opt/ros/humble/include/rclcpp/rclcpp/memory_strategy.hpp:25[m[K,
[3.723s]                  from [01m[K/opt/ros/humble/include/rclcpp/rclcpp/memory_strategies.hpp:18[m[K,
[3.723s]                  from [01m[K/opt/ros/humble/include/rclcpp/rclcpp/executor_options.hpp:20[m[K,
[3.723s]                  from [01m[K/opt/ros/humble/include/rclcpp/rclcpp/executor.hpp:37[m[K,
[3.723s]                  from [01m[K/opt/ros/humble/include/rclcpp/rclcpp/executors/multi_threaded_executor.hpp:25[m[K,
[3.723s]                  from [01m[K/opt/ros/humble/include/rclcpp/rclcpp/executors.hpp:21[m[K,
[3.723s]                  from [01m[K/opt/ros/humble/include/rclcpp/rclcpp/rclcpp.hpp:155[m[K,
[3.723s]                  from [01m[K/home/julien/Documents/ros/robot_arm/ros2_ws_robot/src/prog_robot_cpp/src/test.cpp:1[m[K:
[3.723s] [01m[K/usr/include/c++/11/iomanip:109:5:[m[K [01;36m[Knote: [m[Kcandidate: â€˜[01m[Ktemplate<class _CharT, class _Traits> std::basic_ostream<_Ch, _Tr>& std::operator<<(std::basic_ostream<_Ch, _Tr>&, std::_Setiosflags)[m[Kâ€™
[3.723s]   109 |     [01;36m[Koperator[m[K<<(basic_ostream<_CharT, _Traits>& __os, _Setiosflags __f)
[3.723s]       |     [01;36m[K^~~~~~~~[m[K
[3.724s] [01m[K/usr/include/c++/11/iomanip:109:5:[m[K [01;36m[Knote: [m[K  template argument deduction/substitution failed:
[3.724s] [01m[K/home/julien/Documents/ros/robot_arm/ros2_ws_robot/src/prog_robot_cpp/src/test.cpp:47:18:[m[K [01;36m[Knote: [m[K  cannot convert â€˜[01m[Km[m[Kâ€™ (type â€˜[01m[Ktf2::Matrix3x3[m[Kâ€™) to type â€˜[01m[Kstd::_Setiosflags[m[Kâ€™
[3.724s]    47 |     std::cout << [01;36m[Km[m[K << std::endl;
[3.724s]       |                  [01;36m[K^[m[K
[3.724s] In file included from [01m[K/opt/ros/humble/include/rosidl_runtime_cpp/rosidl_runtime_cpp/traits.hpp:19[m[K,
[3.724s]                  from [01m[K/home/julien/Documents/ros/microros_ws/install/builtin_interfaces/include/builtin_interfaces/builtin_interfaces/msg/detail/duration__traits.hpp:15[m[K,
[3.724s]                  from [01m[K/home/julien/Documents/ros/microros_ws/install/builtin_interfaces/include/builtin_interfaces/builtin_interfaces/msg/duration.hpp:9[m[K,
[3.724s]                  from [01m[K/opt/ros/humble/include/rclcpp/rclcpp/duration.hpp:20[m[K,
[3.724s]                  from [01m[K/opt/ros/humble/include/rclcpp/rclcpp/qos.hpp:20[m[K,
[3.724s]                  from [01m[K/opt/ros/humble/include/rclcpp/rclcpp/node_interfaces/node_graph_interface.hpp:32[m[K,
[3.724s]                  from [01m[K/opt/ros/humble/include/rclcpp/rclcpp/client.hpp:42[m[K,
[3.724s]                  from [01m[K/opt/ros/humble/include/rclcpp/rclcpp/callback_group.hpp:24[m[K,
[3.724s]                  from [01m[K/opt/ros/humble/include/rclcpp/rclcpp/any_executable.hpp:20[m[K,
[3.724s]                  from [01m[K/opt/ros/humble/include/rclcpp/rclcpp/memory_strategy.hpp:25[m[K,
[3.725s]                  from [01m[K/opt/ros/humble/include/rclcpp/rclcpp/memory_strategies.hpp:18[m[K,
[3.725s]                  from [01m[K/opt/ros/humble/include/rclcpp/rclcpp/executor_options.hpp:20[m[K,
[3.725s]                  from [01m[K/opt/ros/humble/include/rclcpp/rclcpp/executor.hpp:37[m[K,
[3.725s]                  from [01m[K/opt/ros/humble/include/rclcpp/rclcpp/executors/multi_threaded_executor.hpp:25[m[K,
[3.725s]                  from [01m[K/opt/ros/humble/include/rclcpp/rclcpp/executors.hpp:21[m[K,
[3.725s]                  from [01m[K/opt/ros/humble/include/rclcpp/rclcpp/rclcpp.hpp:155[m[K,
[3.725s]                  from [01m[K/home/julien/Documents/ros/robot_arm/ros2_ws_robot/src/prog_robot_cpp/src/test.cpp:1[m[K:
[3.725s] [01m[K/usr/include/c++/11/iomanip:143:5:[m[K [01;36m[Knote: [m[Kcandidate: â€˜[01m[Ktemplate<class _CharT, class _Traits> std::basic_ostream<_Ch, _Tr>& std::operator<<(std::basic_ostream<_Ch, _Tr>&, std::_Setbase)[m[Kâ€™
[3.725s]   143 |     [01;36m[Koperator[m[K<<(basic_ostream<_CharT, _Traits>& __os, _Setbase __f)
[3.725s]       |     [01;36m[K^~~~~~~~[m[K
[3.725s] [01m[K/usr/include/c++/11/iomanip:143:5:[m[K [01;36m[Knote: [m[K  template argument deduction/substitution failed:
[3.725s] [01m[K/home/julien/Documents/ros/robot_arm/ros2_ws_robot/src/prog_robot_cpp/src/test.cpp:47:18:[m[K [01;36m[Knote: [m[K  cannot convert â€˜[01m[Km[m[Kâ€™ (type â€˜[01m[Ktf2::Matrix3x3[m[Kâ€™) to type â€˜[01m[Kstd::_Setbase[m[Kâ€™
[3.725s]    47 |     std::cout << [01;36m[Km[m[K << std::endl;
[3.726s]       |                  [01;36m[K^[m[K
[3.726s] In file included from [01m[K/opt/ros/humble/include/rosidl_runtime_cpp/rosidl_runtime_cpp/traits.hpp:19[m[K,
[3.726s]                  from [01m[K/home/julien/Documents/ros/microros_ws/install/builtin_interfaces/include/builtin_interfaces/builtin_interfaces/msg/detail/duration__traits.hpp:15[m[K,
[3.726s]                  from [01m[K/home/julien/Documents/ros/microros_ws/install/builtin_interfaces/include/builtin_interfaces/builtin_interfaces/msg/duration.hpp:9[m[K,
[3.726s]                  from [01m[K/opt/ros/humble/include/rclcpp/rclcpp/duration.hpp:20[m[K,
[3.726s]                  from [01m[K/opt/ros/humble/include/rclcpp/rclcpp/qos.hpp:20[m[K,
[3.726s]                  from [01m[K/opt/ros/humble/include/rclcpp/rclcpp/node_interfaces/node_graph_interface.hpp:32[m[K,
[3.726s]                  from [01m[K/opt/ros/humble/include/rclcpp/rclcpp/client.hpp:42[m[K,
[3.726s]                  from [01m[K/opt/ros/humble/include/rclcpp/rclcpp/callback_group.hpp:24[m[K,
[3.726s]                  from [01m[K/opt/ros/humble/include/rclcpp/rclcpp/any_executable.hpp:20[m[K,
[3.726s]                  from [01m[K/opt/ros/humble/include/rclcpp/rclcpp/memory_strategy.hpp:25[m[K,
[3.726s]                  from [01m[K/opt/ros/humble/include/rclcpp/rclcpp/memory_strategies.hpp:18[m[K,
[3.726s]                  from [01m[K/opt/ros/humble/include/rclcpp/rclcpp/executor_options.hpp:20[m[K,
[3.726s]                  from [01m[K/opt/ros/humble/include/rclcpp/rclcpp/executor.hpp:37[m[K,
[3.727s]                  from [01m[K/opt/ros/humble/include/rclcpp/rclcpp/executors/multi_threaded_executor.hpp:25[m[K,
[3.727s]                  from [01m[K/opt/ros/humble/include/rclcpp/rclcpp/executors.hpp:21[m[K,
[3.727s]                  from [01m[K/opt/ros/humble/include/rclcpp/rclcpp/rclcpp.hpp:155[m[K,
[3.727s]                  from [01m[K/home/julien/Documents/ros/robot_arm/ros2_ws_robot/src/prog_robot_cpp/src/test.cpp:1[m[K:
[3.727s] [01m[K/usr/include/c++/11/iomanip:178:5:[m[K [01;36m[Knote: [m[Kcandidate: â€˜[01m[Ktemplate<class _CharT, class _Traits> std::basic_ostream<_Ch, _Tr>& std::operator<<(std::basic_ostream<_Ch, _Tr>&, std::_Setfill<_CharT>)[m[Kâ€™
[3.727s]   178 |     [01;36m[Koperator[m[K<<(basic_ostream<_CharT, _Traits>& __os, _Setfill<_CharT> __f)
[3.727s]       |     [01;36m[K^~~~~~~~[m[K
[3.727s] [01m[K/usr/include/c++/11/iomanip:178:5:[m[K [01;36m[Knote: [m[K  template argument deduction/substitution failed:
[3.727s] [01m[K/home/julien/Documents/ros/robot_arm/ros2_ws_robot/src/prog_robot_cpp/src/test.cpp:47:18:[m[K [01;36m[Knote: [m[K  â€˜[01m[Ktf2::Matrix3x3[m[Kâ€™ is not derived from â€˜[01m[Kstd::_Setfill<_CharT>[m[Kâ€™
[3.727s]    47 |     std::cout << [01;36m[Km[m[K << std::endl;
[3.727s]       |                  [01;36m[K^[m[K
[3.727s] In file included from [01m[K/opt/ros/humble/include/rosidl_runtime_cpp/rosidl_runtime_cpp/traits.hpp:19[m[K,
[3.727s]                  from [01m[K/home/julien/Documents/ros/microros_ws/install/builtin_interfaces/include/builtin_interfaces/builtin_interfaces/msg/detail/duration__traits.hpp:15[m[K,
[3.727s]                  from [01m[K/home/julien/Documents/ros/microros_ws/install/builtin_interfaces/include/builtin_interfaces/builtin_interfaces/msg/duration.hpp:9[m[K,
[3.727s]                  from [01m[K/opt/ros/humble/include/rclcpp/rclcpp/duration.hpp:20[m[K,
[3.728s]                  from [01m[K/opt/ros/humble/include/rclcpp/rclcpp/qos.hpp:20[m[K,
[3.728s]                  from [01m[K/opt/ros/humble/include/rclcpp/rclcpp/node_interfaces/node_graph_interface.hpp:32[m[K,
[3.728s]                  from [01m[K/opt/ros/humble/include/rclcpp/rclcpp/client.hpp:42[m[K,
[3.728s]                  from [01m[K/opt/ros/humble/include/rclcpp/rclcpp/callback_group.hpp:24[m[K,
[3.729s]                  from [01m[K/opt/ros/humble/include/rclcpp/rclcpp/any_executable.hpp:20[m[K,
[3.729s]                  from [01m[K/opt/ros/humble/include/rclcpp/rclcpp/memory_strategy.hpp:25[m[K,
[3.729s]                  from [01m[K/opt/ros/humble/include/rclcpp/rclcpp/memory_strategies.hpp:18[m[K,
[3.729s]                  from [01m[K/opt/ros/humble/include/rclcpp/rclcpp/executor_options.hpp:20[m[K,
[3.729s]                  from [01m[K/opt/ros/humble/include/rclcpp/rclcpp/executor.hpp:37[m[K,
[3.729s]                  from [01m[K/opt/ros/humble/include/rclcpp/rclcpp/executors/multi_threaded_executor.hpp:25[m[K,
[3.729s]                  from [01m[K/opt/ros/humble/include/rclcpp/rclcpp/executors.hpp:21[m[K,
[3.729s]                  from [01m[K/opt/ros/humble/include/rclcpp/rclcpp/rclcpp.hpp:155[m[K,
[3.729s]                  from [01m[K/home/julien/Documents/ros/robot_arm/ros2_ws_robot/src/prog_robot_cpp/src/test.cpp:1[m[K:
[3.729s] [01m[K/usr/include/c++/11/iomanip:208:5:[m[K [01;36m[Knote: [m[Kcandidate: â€˜[01m[Ktemplate<class _CharT, class _Traits> std::basic_ostream<_Ch, _Tr>& std::operator<<(std::basic_ostream<_Ch, _Tr>&, std::_Setprecision)[m[Kâ€™
[3.729s]   208 |     [01;36m[Koperator[m[K<<(basic_ostream<_CharT, _Traits>& __os, _Setprecision __f)
[3.729s]       |     [01;36m[K^~~~~~~~[m[K
[3.729s] [01m[K/usr/include/c++/11/iomanip:208:5:[m[K [01;36m[Knote: [m[K  template argument deduction/substitution failed:
[3.729s] [01m[K/home/julien/Documents/ros/robot_arm/ros2_ws_robot/src/prog_robot_cpp/src/test.cpp:47:18:[m[K [01;36m[Knote: [m[K  cannot convert â€˜[01m[Km[m[Kâ€™ (type â€˜[01m[Ktf2::Matrix3x3[m[Kâ€™) to type â€˜[01m[Kstd::_Setprecision[m[Kâ€™
[3.730s]    47 |     std::cout << [01;36m[Km[m[K << std::endl;
[3.730s]       |                  [01;36m[K^[m[K
[3.730s] In file included from [01m[K/opt/ros/humble/include/rosidl_runtime_cpp/rosidl_runtime_cpp/traits.hpp:19[m[K,
[3.730s]                  from [01m[K/home/julien/Documents/ros/microros_ws/install/builtin_interfaces/include/builtin_interfaces/builtin_interfaces/msg/detail/duration__traits.hpp:15[m[K,
[3.730s]                  from [01m[K/home/julien/Documents/ros/microros_ws/install/builtin_interfaces/include/builtin_interfaces/builtin_interfaces/msg/duration.hpp:9[m[K,
[3.730s]                  from [01m[K/opt/ros/humble/include/rclcpp/rclcpp/duration.hpp:20[m[K,
[3.730s]                  from [01m[K/opt/ros/humble/include/rclcpp/rclcpp/qos.hpp:20[m[K,
[3.730s]                  from [01m[K/opt/ros/humble/include/rclcpp/rclcpp/node_interfaces/node_graph_interface.hpp:32[m[K,
[3.730s]                  from [01m[K/opt/ros/humble/include/rclcpp/rclcpp/client.hpp:42[m[K,
[3.730s]                  from [01m[K/opt/ros/humble/include/rclcpp/rclcpp/callback_group.hpp:24[m[K,
[3.730s]                  from [01m[K/opt/ros/humble/include/rclcpp/rclcpp/any_executable.hpp:20[m[K,
[3.730s]                  from [01m[K/opt/ros/humble/include/rclcpp/rclcpp/memory_strategy.hpp:25[m[K,
[3.730s]                  from [01m[K/opt/ros/humble/include/rclcpp/rclcpp/memory_strategies.hpp:18[m[K,
[3.730s]                  from [01m[K/opt/ros/humble/include/rclcpp/rclcpp/executor_options.hpp:20[m[K,
[3.730s]                  from [01m[K/opt/ros/humble/include/rclcpp/rclcpp/executor.hpp:37[m[K,
[3.731s]                  from [01m[K/opt/ros/humble/include/rclcpp/rclcpp/executors/multi_threaded_executor.hpp:25[m[K,
[3.731s]                  from [01m[K/opt/ros/humble/include/rclcpp/rclcpp/executors.hpp:21[m[K,
[3.731s]                  from [01m[K/opt/ros/humble/include/rclcpp/rclcpp/rclcpp.hpp:155[m[K,
[3.731s]                  from [01m[K/home/julien/Documents/ros/robot_arm/ros2_ws_robot/src/prog_robot_cpp/src/test.cpp:1[m[K:
[3.731s] [01m[K/usr/include/c++/11/iomanip:238:5:[m[K [01;36m[Knote: [m[Kcandidate: â€˜[01m[Ktemplate<class _CharT, class _Traits> std::basic_ostream<_Ch, _Tr>& std::operator<<(std::basic_ostream<_Ch, _Tr>&, std::_Setw)[m[Kâ€™
[3.731s]   238 |     [01;36m[Koperator[m[K<<(basic_ostream<_CharT, _Traits>& __os, _Setw __f)
[3.731s]       |     [01;36m[K^~~~~~~~[m[K
[3.731s] [01m[K/usr/include/c++/11/iomanip:238:5:[m[K [01;36m[Knote: [m[K  template argument deduction/substitution failed:
[3.731s] [01m[K/home/julien/Documents/ros/robot_arm/ros2_ws_robot/src/prog_robot_cpp/src/test.cpp:47:18:[m[K [01;36m[Knote: [m[K  cannot convert â€˜[01m[Km[m[Kâ€™ (type â€˜[01m[Ktf2::Matrix3x3[m[Kâ€™) to type â€˜[01m[Kstd::_Setw[m[Kâ€™
[3.731s]    47 |     std::cout << [01;36m[Km[m[K << std::endl;
[3.731s]       |                  [01;36m[K^[m[K
[3.731s] In file included from [01m[K/opt/ros/humble/include/rosidl_runtime_cpp/rosidl_runtime_cpp/traits.hpp:19[m[K,
[3.731s]                  from [01m[K/home/julien/Documents/ros/microros_ws/install/builtin_interfaces/include/builtin_interfaces/builtin_interfaces/msg/detail/duration__traits.hpp:15[m[K,
[3.731s]                  from [01m[K/home/julien/Documents/ros/microros_ws/install/builtin_interfaces/include/builtin_interfaces/builtin_interfaces/msg/duration.hpp:9[m[K,
[3.731s]                  from [01m[K/opt/ros/humble/include/rclcpp/rclcpp/duration.hpp:20[m[K,
[3.732s]                  from [01m[K/opt/ros/humble/include/rclcpp/rclcpp/qos.hpp:20[m[K,
[3.732s]                  from [01m[K/opt/ros/humble/include/rclcpp/rclcpp/node_interfaces/node_graph_interface.hpp:32[m[K,
[3.732s]                  from [01m[K/opt/ros/humble/include/rclcpp/rclcpp/client.hpp:42[m[K,
[3.732s]                  from [01m[K/opt/ros/humble/include/rclcpp/rclcpp/callback_group.hpp:24[m[K,
[3.732s]                  from [01m[K/opt/ros/humble/include/rclcpp/rclcpp/any_executable.hpp:20[m[K,
[3.732s]                  from [01m[K/opt/ros/humble/include/rclcpp/rclcpp/memory_strategy.hpp:25[m[K,
[3.732s]                  from [01m[K/opt/ros/humble/include/rclcpp/rclcpp/memory_strategies.hpp:18[m[K,
[3.732s]                  from [01m[K/opt/ros/humble/include/rclcpp/rclcpp/executor_options.hpp:20[m[K,
[3.732s]                  from [01m[K/opt/ros/humble/include/rclcpp/rclcpp/executor.hpp:37[m[K,
[3.732s]                  from [01m[K/opt/ros/humble/include/rclcpp/rclcpp/executors/multi_threaded_executor.hpp:25[m[K,
[3.732s]                  from [01m[K/opt/ros/humble/include/rclcpp/rclcpp/executors.hpp:21[m[K,
[3.732s]                  from [01m[K/opt/ros/humble/include/rclcpp/rclcpp/rclcpp.hpp:155[m[K,
[3.732s]                  from [01m[K/home/julien/Documents/ros/robot_arm/ros2_ws_robot/src/prog_robot_cpp/src/test.cpp:1[m[K:
[3.732s] [01m[K/usr/include/c++/11/iomanip:311:5:[m[K [01;36m[Knote: [m[Kcandidate: â€˜[01m[Ktemplate<class _CharT, class _Traits, class _MoneyT> std::basic_ostream<_Ch, _Tr>& std::operator<<(std::basic_ostream<_Ch, _Tr>&, std::_Put_money<_MoneyT>)[m[Kâ€™
[3.733s]   311 |     [01;36m[Koperator[m[K<<(basic_ostream<_CharT, _Traits>& __os, _Put_money<_MoneyT> __f)
[3.733s]       |     [01;36m[K^~~~~~~~[m[K
[3.733s] [01m[K/usr/include/c++/11/iomanip:311:5:[m[K [01;36m[Knote: [m[K  template argument deduction/substitution failed:
[3.733s] [01m[K/home/julien/Documents/ros/robot_arm/ros2_ws_robot/src/prog_robot_cpp/src/test.cpp:47:18:[m[K [01;36m[Knote: [m[K  â€˜[01m[Ktf2::Matrix3x3[m[Kâ€™ is not derived from â€˜[01m[Kstd::_Put_money<_MoneyT>[m[Kâ€™
[3.733s]    47 |     std::cout << [01;36m[Km[m[K << std::endl;
[3.733s]       |                  [01;36m[K^[m[K
[3.733s] In file included from [01m[K/opt/ros/humble/include/rosidl_runtime_cpp/rosidl_runtime_cpp/traits.hpp:19[m[K,
[3.733s]                  from [01m[K/home/julien/Documents/ros/microros_ws/install/builtin_interfaces/include/builtin_interfaces/builtin_interfaces/msg/detail/duration__traits.hpp:15[m[K,
[3.733s]                  from [01m[K/home/julien/Documents/ros/microros_ws/install/builtin_interfaces/include/builtin_interfaces/builtin_interfaces/msg/duration.hpp:9[m[K,
[3.733s]                  from [01m[K/opt/ros/humble/include/rclcpp/rclcpp/duration.hpp:20[m[K,
[3.733s]                  from [01m[K/opt/ros/humble/include/rclcpp/rclcpp/qos.hpp:20[m[K,
[3.733s]                  from [01m[K/opt/ros/humble/include/rclcpp/rclcpp/node_interfaces/node_graph_interface.hpp:32[m[K,
[3.733s]                  from [01m[K/opt/ros/humble/include/rclcpp/rclcpp/client.hpp:42[m[K,
[3.733s]                  from [01m[K/opt/ros/humble/include/rclcpp/rclcpp/callback_group.hpp:24[m[K,
[3.734s]                  from [01m[K/opt/ros/humble/include/rclcpp/rclcpp/any_executable.hpp:20[m[K,
[3.734s]                  from [01m[K/opt/ros/humble/include/rclcpp/rclcpp/memory_strategy.hpp:25[m[K,
[3.734s]                  from [01m[K/opt/ros/humble/include/rclcpp/rclcpp/memory_strategies.hpp:18[m[K,
[3.734s]                  from [01m[K/opt/ros/humble/include/rclcpp/rclcpp/executor_options.hpp:20[m[K,
[3.734s]                  from [01m[K/opt/ros/humble/include/rclcpp/rclcpp/executor.hpp:37[m[K,
[3.734s]                  from [01m[K/opt/ros/humble/include/rclcpp/rclcpp/executors/multi_threaded_executor.hpp:25[m[K,
[3.734s]                  from [01m[K/opt/ros/humble/include/rclcpp/rclcpp/executors.hpp:21[m[K,
[3.734s]                  from [01m[K/opt/ros/humble/include/rclcpp/rclcpp/rclcpp.hpp:155[m[K,
[3.734s]                  from [01m[K/home/julien/Documents/ros/robot_arm/ros2_ws_robot/src/prog_robot_cpp/src/test.cpp:1[m[K:
[3.734s] [01m[K/usr/include/c++/11/iomanip:363:5:[m[K [01;36m[Knote: [m[Kcandidate: â€˜[01m[Ktemplate<class _CharT, class _Traits> std::basic_ostream<_Ch, _Tr>& std::operator<<(std::basic_ostream<_Ch, _Tr>&, std::_Put_time<_CharT>)[m[Kâ€™
[3.734s]   363 |     [01;36m[Koperator[m[K<<(basic_ostream<_CharT, _Traits>& __os, _Put_time<_CharT> __f)
[3.734s]       |     [01;36m[K^~~~~~~~[m[K
[3.734s] [01m[K/usr/include/c++/11/iomanip:363:5:[m[K [01;36m[Knote: [m[K  template argument deduction/substitution failed:
[3.734s] [01m[K/home/julien/Documents/ros/robot_arm/ros2_ws_robot/src/prog_robot_cpp/src/test.cpp:47:18:[m[K [01;36m[Knote: [m[K  â€˜[01m[Ktf2::Matrix3x3[m[Kâ€™ is not derived from â€˜[01m[Kstd::_Put_time<_CharT>[m[Kâ€™
[3.734s]    47 |     std::cout << [01;36m[Km[m[K << std::endl;
[3.735s]       |                  [01;36m[K^[m[K
[3.735s] In file included from [01m[K/usr/include/eigen3/Eigen/Core:50[m[K,
[3.735s]                  from [01m[K/usr/include/eigen3/Eigen/Geometry:11[m[K,
[3.735s]                  from [01m[K/home/julien/Documents/ros/robot_arm/ros2_ws_robot/src/prog_robot_cpp/src/test.cpp:5[m[K:
[3.735s] [01m[K/usr/include/c++/11/complex:555:5:[m[K [01;36m[Knote: [m[Kcandidate: â€˜[01m[Ktemplate<class _Tp, class _CharT, class _Traits> std::basic_ostream<_CharT, _Traits>& std::operator<<(std::basic_ostream<_CharT, _Traits>&, const std::complex<_Tp>&)[m[Kâ€™
[3.735s]   555 |     [01;36m[Koperator[m[K<<(basic_ostream<_CharT, _Traits>& __os, const complex<_Tp>& __x)
[3.735s]       |     [01;36m[K^~~~~~~~[m[K
[3.735s] [01m[K/usr/include/c++/11/complex:555:5:[m[K [01;36m[Knote: [m[K  template argument deduction/substitution failed:
[3.735s] [01m[K/home/julien/Documents/ros/robot_arm/ros2_ws_robot/src/prog_robot_cpp/src/test.cpp:47:18:[m[K [01;36m[Knote: [m[K  â€˜[01m[Ktf2::Matrix3x3[m[Kâ€™ is not derived from â€˜[01m[Kconst std::complex<_Tp>[m[Kâ€™
[3.735s]    47 |     std::cout << [01;36m[Km[m[K << std::endl;
[3.735s]       |                  [01;36m[K^[m[K
[3.735s] In file included from [01m[K/usr/include/eigen3/Eigen/Core:81[m[K,
[3.735s]                  from [01m[K/usr/include/eigen3/Eigen/Geometry:11[m[K,
[3.735s]                  from [01m[K/home/julien/Documents/ros/robot_arm/ros2_ws_robot/src/prog_robot_cpp/src/test.cpp:5[m[K:
[3.735s] [01m[K/usr/include/c++/11/cstddef:125:5:[m[K [01;36m[Knote: [m[Kcandidate: â€˜[01m[Ktemplate<class _IntegerType> constexpr std::__byte_op_t<_IntegerType> std::operator<<(std::byte, _IntegerType)[m[Kâ€™
[3.736s]   125 |     [01;36m[Koperator[m[K<<(byte __b, _IntegerType __shift) noexcept
[3.736s]       |     [01;36m[K^~~~~~~~[m[K
[3.736s] [01m[K/usr/include/c++/11/cstddef:125:5:[m[K [01;36m[Knote: [m[K  template argument deduction/substitution failed:
[3.736s] [01m[K/home/julien/Documents/ros/robot_arm/ros2_ws_robot/src/prog_robot_cpp/src/test.cpp:47:10:[m[K [01;36m[Knote: [m[K  cannot convert â€˜[01m[Kstd::cout[m[Kâ€™ (type â€˜[01m[Kstd::ostream[m[Kâ€™ {aka â€˜[01m[Kstd::basic_ostream<char>[m[Kâ€™}) to type â€˜[01m[Kstd::byte[m[Kâ€™
[3.737s]    47 |     [01;36m[Kstd::cout[m[K << m << std::endl;
[3.737s]       |     [01;36m[K~~~~~^~~~[m[K
[3.923s] In file included from [01m[K/opt/ros/humble/include/tf2/tf2/convert.h:41[m[K,
[3.923s]                  from [01m[K/opt/ros/humble/include/tf2_ros/tf2_ros/buffer_interface.h:43[m[K,
[3.923s]                  from [01m[K/opt/ros/humble/include/tf2_ros/tf2_ros/buffer.h:42[m[K,
[3.923s]                  from [01m[K/home/julien/Documents/ros/robot_arm/ros2_ws_robot/src/prog_robot_cpp/src/test.cpp:3[m[K:
[3.923s] /opt/ros/humble/include/tf2/tf2/impl/convert.h: In instantiation of â€˜[01m[Kstatic void tf2::impl::Converter<IS_MESSAGE_A, IS_MESSAGE_B>::convert(const A&, B&) [with A = tf2::Quaternion; B = geometry_msgs::msg::Quaternion_<std::allocator<void> >; bool IS_MESSAGE_A = false; bool IS_MESSAGE_B = true][m[Kâ€™:
[3.923s] [01m[K/opt/ros/humble/include/tf2/tf2/convert.h:151:60:[m[K   required from â€˜[01m[Kvoid tf2::convert(const A&, B&) [with A = tf2::Quaternion; B = geometry_msgs::msg::Quaternion_<std::allocator<void> >][m[Kâ€™
[3.923s] [01m[K/home/julien/Documents/ros/robot_arm/ros2_ws_robot/src/prog_robot_cpp/src/test.cpp:42:17:[m[K   required from here
[3.923s] [01m[K/opt/ros/humble/include/tf2/tf2/impl/convert.h:67:12:[m[K [01;31m[Kerror: [m[Kno matching function for call to â€˜[01m[KtoMsg(const tf2::Quaternion&)[m[Kâ€™
[3.923s]    67 |   b = [01;31m[KtoMsg(a)[m[K;
[3.923s]       |       [01;31m[K~~~~~^~~[m[K
[3.923s] In file included from [01m[K/opt/ros/humble/include/tf2_ros/tf2_ros/buffer_interface.h:43[m[K,
[3.924s]                  from [01m[K/opt/ros/humble/include/tf2_ros/tf2_ros/buffer.h:42[m[K,
[3.924s]                  from [01m[K/home/julien/Documents/ros/robot_arm/ros2_ws_robot/src/prog_robot_cpp/src/test.cpp:3[m[K:
[3.924s] [01m[K/opt/ros/humble/include/tf2/tf2/convert.h:129:3:[m[K [01;36m[Knote: [m[Kcandidate: â€˜[01m[Ktemplate<class A, class B> B tf2::toMsg(const A&)[m[Kâ€™
[3.924s]   129 | B [01;36m[KtoMsg[m[K(const A & a);
[3.924s]       |   [01;36m[K^~~~~[m[K
[3.924s] [01m[K/opt/ros/humble/include/tf2/tf2/convert.h:129:3:[m[K [01;36m[Knote: [m[K  template argument deduction/substitution failed:
[3.924s] In file included from [01m[K/opt/ros/humble/include/tf2/tf2/convert.h:41[m[K,
[3.924s]                  from [01m[K/opt/ros/humble/include/tf2_ros/tf2_ros/buffer_interface.h:43[m[K,
[3.924s]                  from [01m[K/opt/ros/humble/include/tf2_ros/tf2_ros/buffer.h:42[m[K,
[3.924s]                  from [01m[K/home/julien/Documents/ros/robot_arm/ros2_ws_robot/src/prog_robot_cpp/src/test.cpp:3[m[K:
[3.924s] [01m[K/opt/ros/humble/include/tf2/tf2/impl/convert.h:67:12:[m[K [01;36m[Knote: [m[K  couldnâ€™t deduce template parameter â€˜[01m[KB[m[Kâ€™
[3.924s]    67 |   b = [01;36m[KtoMsg(a)[m[K;
[3.924s]       |       [01;36m[K~~~~~^~~[m[K
[4.248s] gmake[2]: *** [CMakeFiles/transformation_matrix_calculator.dir/build.make:76: CMakeFiles/transformation_matrix_calculator.dir/src/test.cpp.o] Error 1
[4.249s] gmake[1]: *** [CMakeFiles/Makefile2:197: CMakeFiles/transformation_matrix_calculator.dir/all] Error 2
[4.249s] gmake: *** [Makefile:146: all] Error 2
[4.252s] Invoked command in '/home/julien/Documents/ros/robot_arm/ros2_ws_robot/build/prog_robot_cpp' returned '2': CMAKE_PREFIX_PATH=${CMAKE_PREFIX_PATH}:/home/julien/Documents/ros/ws_ros2/install/simple_pub_sub:/home/julien/Documents/ros/ws_ros2/install/py_pubsub:/home/julien/Documents/ros/microros_ws/install/sensor_msgs_py:/home/julien/Documents/ros/ws_moveit2/install/moveit_configs_utils:/home/julien/Documents/ros/ws_moveit2/install/launch_param_builder:/home/julien/Documents/ros/robot_arm/ros2_ws_robot/install/tictactoe:/home/julien/Documents/ros/robot_arm/ros2_ws_robot/install/prog_robot:/opt/ros/humble /usr/bin/cmake --build /home/julien/Documents/ros/robot_arm/ros2_ws_robot/build/prog_robot_cpp -- -j4 -l4
