[0.501s] Invoking command in '/home/julien/Documents/ros/robot_arm/ros2_ws_robot/build/prog_robot_cpp': CMAKE_PREFIX_PATH=${CMAKE_PREFIX_PATH}:/home/julien/Documents/ros/ws_ros2/install/simple_pub_sub:/home/julien/Documents/ros/ws_ros2/install/py_pubsub:/home/julien/Documents/ros/microros_ws/install/sensor_msgs_py:/home/julien/Documents/ros/ws_moveit2/install/moveit_configs_utils:/home/julien/Documents/ros/ws_moveit2/install/launch_param_builder:/home/julien/Documents/ros/robot_arm/ros2_ws_robot/install/tictactoe:/home/julien/Documents/ros/robot_arm/ros2_ws_robot/install/prog_robot:/opt/ros/humble /usr/bin/cmake --build /home/julien/Documents/ros/robot_arm/ros2_ws_robot/build/prog_robot_cpp -- -j4 -l4
[0.676s] [35m[1mConsolidate compiler generated dependencies of target move[0m
[0.730s] [ 20%] Built target hello_moveit
[0.754s] [ 30%] [32mBuilding CXX object CMakeFiles/move.dir/src/move.cpp.o[0m
[0.772s] [ 50%] Built target transformation_matrix_calculator
[0.782s] [ 70%] Built target scene
[0.818s] [ 90%] Built target frame_effector
[10.338s] [01m[K/home/julien/Documents/ros/robot_arm/ros2_ws_robot/src/prog_robot_cpp/src/move.cpp:[m[K In member function â€˜[01m[Kvoid Move::pose_callback(std_msgs::msg::Float32MultiArray)[m[Kâ€™:
[10.338s] [01m[K/home/julien/Documents/ros/robot_arm/ros2_ws_robot/src/prog_robot_cpp/src/move.cpp:104:49:[m[K [01;31m[Kerror: [m[Kâ€˜[01m[KTF_link6_effector_final[m[Kâ€™ was not declared in this scope
[10.338s]   104 |     auto const target_pose = [this, pos = msg0, [01;31m[KTF_link6_effector_final[m[K] {
[10.338s]       |                                                 [01;31m[K^~~~~~~~~~~~~~~~~~~~~~~[m[K
[10.338s] [01m[K/home/julien/Documents/ros/robot_arm/ros2_ws_robot/src/prog_robot_cpp/src/move.cpp:[m[K In lambda function:
[10.339s] [01m[K/home/julien/Documents/ros/robot_arm/ros2_ws_robot/src/prog_robot_cpp/src/move.cpp:121:64:[m[K [01;31m[Kerror: [m[Kâ€˜[01m[KTF_link6_effector_final[m[Kâ€™ is not captured
[10.339s]   121 |         Eigen::Matrix4d TF_base_link6 = TF_base_effector_final*[01;31m[KTF_link6_effector_final[m[K.inverse();
[10.339s]       |                                                                [01;31m[K^~~~~~~~~~~~~~~~~~~~~~~[m[K
[10.339s] [01m[K/home/julien/Documents/ros/robot_arm/ros2_ws_robot/src/prog_robot_cpp/src/move.cpp:104:72:[m[K [01;36m[Knote: [m[Kthe lambda has no capture-default
[10.339s]   104 |     auto const target_pose = [this, pos = msg0, TF_link6_effector_final[01;36m[K][m[K {
[10.339s]       |                                                                        [01;36m[K^[m[K
[10.339s] [01m[K/home/julien/Documents/ros/robot_arm/ros2_ws_robot/src/prog_robot_cpp/src/move.cpp:104:49:[m[K [01;36m[Knote: [m[Kâ€˜[01m[K<typeprefixerror>TF_link6_effector_final[m[Kâ€™ declared here
[10.339s]   104 |     auto const target_pose = [this, pos = msg0, [01;36m[KTF_link6_effector_final[m[K] {
[10.339s]       |                                                 [01;36m[K^~~~~~~~~~~~~~~~~~~~~~~[m[K
[10.340s] [01m[K/home/julien/Documents/ros/robot_arm/ros2_ws_robot/src/prog_robot_cpp/src/move.cpp:[m[K In member function â€˜[01m[Kvoid Move::timer_callback()[m[Kâ€™:
[10.340s] [01m[K/home/julien/Documents/ros/robot_arm/ros2_ws_robot/src/prog_robot_cpp/src/move.cpp:145:7:[m[K [01;31m[Kerror: [m[Kexpected â€˜[01m[K([m[Kâ€™ before â€˜[01m[K{[m[Kâ€™ token
[10.340s]   145 |     if[01;31m[K{[m[K!all_poses.empty()}{
[10.340s]       |       [01;31m[K^[m[K
[10.341s]       |       [32m[K([m[K
[14.702s] gmake[2]: *** [CMakeFiles/move.dir/build.make:76: CMakeFiles/move.dir/src/move.cpp.o] Error 1
[14.702s] gmake[1]: *** [CMakeFiles/Makefile2:171: CMakeFiles/move.dir/all] Error 2
[14.703s] gmake: *** [Makefile:146: all] Error 2
[14.706s] Invoked command in '/home/julien/Documents/ros/robot_arm/ros2_ws_robot/build/prog_robot_cpp' returned '2': CMAKE_PREFIX_PATH=${CMAKE_PREFIX_PATH}:/home/julien/Documents/ros/ws_ros2/install/simple_pub_sub:/home/julien/Documents/ros/ws_ros2/install/py_pubsub:/home/julien/Documents/ros/microros_ws/install/sensor_msgs_py:/home/julien/Documents/ros/ws_moveit2/install/moveit_configs_utils:/home/julien/Documents/ros/ws_moveit2/install/launch_param_builder:/home/julien/Documents/ros/robot_arm/ros2_ws_robot/install/tictactoe:/home/julien/Documents/ros/robot_arm/ros2_ws_robot/install/prog_robot:/opt/ros/humble /usr/bin/cmake --build /home/julien/Documents/ros/robot_arm/ros2_ws_robot/build/prog_robot_cpp -- -j4 -l4
