Start testing: Apr 16 16:00 CEST
----------------------------------------------------------
1/4 Testing: flake8
1/4 Test: flake8
Command: "/usr/bin/python3.10" "-u" "/opt/ros/humble/share/ament_cmake_test/cmake/run_test.py" "/home/julien/Documents/ros/robot_arm/build/Robot_description/test_results/Robot_description/flake8.xunit.xml" "--package-name" "Robot_description" "--output-file" "/home/julien/Documents/ros/robot_arm/build/Robot_description/ament_flake8/flake8.txt" "--command" "/opt/ros/humble/bin/ament_flake8" "--xunit-file" "/home/julien/Documents/ros/robot_arm/build/Robot_description/test_results/Robot_description/flake8.xunit.xml"
Directory: /home/julien/Documents/ros/robot_arm/src/Robot_description
"flake8" start time: Apr 16 16:00 CEST
Output:
----------------------------------------------------------
-- run_test.py: invoking following command in '/home/julien/Documents/ros/robot_arm/src/Robot_description':
 - /opt/ros/humble/bin/ament_flake8 --xunit-file /home/julien/Documents/ros/robot_arm/build/Robot_description/test_results/Robot_description/flake8.xunit.xml
 
^
def generate_launch_description():
^
 
^
  # Set the path to this package.
  ^
  pkg_share = FindPackageShare(package='Robot_description').find('Robot_description')
  ^
 
^
  # Set the path to the RViz configuration settings
  ^
  default_rviz_config_path = os.path.join(pkg_share, 'rviz/config.rviz')
  ^
 
^
  # Set the path to the URDF file
  ^
  default_urdf_model_path = os.path.join(pkg_share, 'urdf/Robot.xacro')
  ^
 
^
  ########### YOU DO NOT NEED TO CHANGE ANYTHING BELOW THIS LINE ##############  
  ^
  ########### YOU DO NOT NEED TO CHANGE ANYTHING BELOW THIS LINE ##############  
  ^
  ########### YOU DO NOT NEED TO CHANGE ANYTHING BELOW THIS LINE ##############  
                                                                               ^
  # Launch configuration variables specific to simulation
  ^
  gui = LaunchConfiguration('gui')
  ^
  urdf_model = LaunchConfiguration('urdf_model')
  ^
  rviz_config_file = LaunchConfiguration('rviz_config_file')
  ^
  use_robot_state_pub = LaunchConfiguration('use_robot_state_pub')
  ^
  use_rviz = LaunchConfiguration('use_rviz')
  ^
  use_sim_time = LaunchConfiguration('use_sim_time')
  ^
 
^
  # Declare the launch arguments  
  ^
  # Declare the launch arguments  
                                ^
  declare_urdf_model_path_cmd = DeclareLaunchArgument(
  ^
    name='urdf_model', 
                      ^
    default_value=default_urdf_model_path, 
                                          ^
     
^
  declare_rviz_config_file_cmd = DeclareLaunchArgument(
  ^
     
^
  declare_use_joint_state_publisher_cmd = DeclareLaunchArgument(
  ^
   
^
  declare_use_robot_state_pub_cmd = DeclareLaunchArgument(
  ^
 
^
  declare_use_rviz_cmd = DeclareLaunchArgument(
  ^
     
^
  declare_use_sim_time_cmd = DeclareLaunchArgument(
  ^
    
^
  # Specify the actions
  ^
 
^
  # Publish the joint state values for the non-fixed joints in the URDF file.
  ^
  start_joint_state_publisher_cmd = Node(
  ^
 
^
  # A GUI to manipulate the joint state values
  ^
  start_joint_state_publisher_gui_node = Node(
  ^
 
^
  # Subscribe to the joint states of the robot, and publish the 3D pose of each link.
  ^
  start_robot_state_publisher_cmd = Node(
  ^
    parameters=[{'use_sim_time': use_sim_time, 
                                              ^
    'robot_description': Command(['xacro ', urdf_model])}],
    ^
 
^
  # Launch RViz
  ^
  start_rviz_cmd = Node(
  ^
   
^
  # Create the launch description and populate
  ^
  ld = LaunchDescription()
  ^
 
^
  # Declare the launch options
  ^
  ld.add_action(declare_urdf_model_path_cmd)
  ^
  ld.add_action(declare_rviz_config_file_cmd)
  ^
  ld.add_action(declare_use_joint_state_publisher_cmd)
  ^
  ld.add_action(declare_use_robot_state_pub_cmd)  
  ^
  ld.add_action(declare_use_robot_state_pub_cmd)  
                                                ^
  ld.add_action(declare_use_rviz_cmd) 
  ^
  ld.add_action(declare_use_rviz_cmd) 
                                     ^
  ld.add_action(declare_use_sim_time_cmd)
  ^
 
^
  # Add any actions
  ^
  ld.add_action(start_joint_state_publisher_cmd)
  ^
  ld.add_action(start_joint_state_publisher_gui_node)
  ^
  ld.add_action(start_robot_state_publisher_cmd)
  ^
  ld.add_action(start_rviz_cmd)
  ^
 
^
  return ld  ^
  return ld           ^
31    E111 indentation is not a multiple of 4
14    E114 indentation is not a multiple of 4 (comment)
1     E128 continuation line under-indented for visual indent
1     E266 too many leading '#' for block comment
1     E302 expected 2 blank lines, found 1
7     W291 trailing whitespace
1     W292 no newline at end of file
20    W293 blank line contains whitespace

./launch/visualize.launch.py:8:1: W293 blank line contains whitespace

./launch/visualize.launch.py:9:1: E302 expected 2 blank lines, found 1

./launch/visualize.launch.py:10:1: W293 blank line contains whitespace

./launch/visualize.launch.py:11:3: E114 indentation is not a multiple of 4 (comment)

./launch/visualize.launch.py:12:3: E111 indentation is not a multiple of 4

./launch/visualize.launch.py:13:1: W293 blank line contains whitespace

./launch/visualize.launch.py:14:3: E114 indentation is not a multiple of 4 (comment)

./launch/visualize.launch.py:15:3: E111 indentation is not a multiple of 4

./launch/visualize.launch.py:16:1: W293 blank line contains whitespace

./launch/visualize.launch.py:17:3: E114 indentation is not a multiple of 4 (comment)

./launch/visualize.launch.py:18:3: E111 indentation is not a multiple of 4

./launch/visualize.launch.py:19:1: W293 blank line contains whitespace

./launch/visualize.launch.py:20:3: E114 indentation is not a multiple of 4 (comment)

./launch/visualize.launch.py:20:3: E266 too many leading '#' for block comment

./launch/visualize.launch.py:20:80: W291 trailing whitespace

./launch/visualize.launch.py:21:3: E114 indentation is not a multiple of 4 (comment)

./launch/visualize.launch.py:22:3: E111 indentation is not a multiple of 4

./launch/visualize.launch.py:23:3: E111 indentation is not a multiple of 4

./launch/visualize.launch.py:24:3: E111 indentation is not a multiple of 4

./launch/visualize.launch.py:25:3: E111 indentation is not a multiple of 4

./launch/visualize.launch.py:26:3: E111 indentation is not a multiple of 4

./launch/visualize.launch.py:27:3: E111 indentation is not a multiple of 4

./launch/visualize.launch.py:28:1: W293 blank line contains whitespace

./launch/visualize.launch.py:29:3: E114 indentation is not a multiple of 4 (comment)

./launch/visualize.launch.py:29:33: W291 trailing whitespace

./launch/visualize.launch.py:30:3: E111 indentation is not a multiple of 4

./launch/visualize.launch.py:31:23: W291 trailing whitespace

./launch/visualize.launch.py:32:43: W291 trailing whitespace

./launch/visualize.launch.py:34:1: W293 blank line contains whitespace

./launch/visualize.launch.py:35:3: E111 indentation is not a multiple of 4

./launch/visualize.launch.py:39:1: W293 blank line contains whitespace

./launch/visualize.launch.py:40:3: E111 indentation is not a multiple of 4

./launch/visualize.launch.py:44:1: W293 blank line contains whitespace

./launch/visualize.launch.py:45:3: E111 indentation is not a multiple of 4

./launch/visualize.launch.py:49:1: W293 blank line contains whitespace

./launch/visualize.launch.py:50:3: E111 indentation is not a multiple of 4

./launch/visualize.launch.py:54:1: W293 blank line contains whitespace

./launch/visualize.launch.py:55:3: E111 indentation is not a multiple of 4

./launch/visualize.launch.py:59:1: W293 blank line contains whitespace

./launch/visualize.launch.py:60:3: E114 indentation is not a multiple of 4 (comment)

./launch/visualize.launch.py:61:1: W293 blank line contains whitespace

./launch/visualize.launch.py:62:3: E114 indentation is not a multiple of 4 (comment)

./launch/visualize.launch.py:63:3: E111 indentation is not a multiple of 4

./launch/visualize.launch.py:68:1: W293 blank line contains whitespace

./launch/visualize.launch.py:69:3: E114 indentation is not a multiple of 4 (comment)

./launch/visualize.launch.py:70:3: E111 indentation is not a multiple of 4

./launch/visualize.launch.py:75:1: W293 blank line contains whitespace

./launch/visualize.launch.py:76:3: E114 indentation is not a multiple of 4 (comment)

./launch/visualize.launch.py:77:3: E111 indentation is not a multiple of 4

./launch/visualize.launch.py:81:47: W291 trailing whitespace

./launch/visualize.launch.py:82:5: E128 continuation line under-indented for visual indent

./launch/visualize.launch.py:84:1: W293 blank line contains whitespace

./launch/visualize.launch.py:85:3: E114 indentation is not a multiple of 4 (comment)

./launch/visualize.launch.py:86:3: E111 indentation is not a multiple of 4

./launch/visualize.launch.py:94:1: W293 blank line contains whitespace

./launch/visualize.launch.py:95:3: E114 indentation is not a multiple of 4 (comment)

./launch/visualize.launch.py:96:3: E111 indentation is not a multiple of 4

./launch/visualize.launch.py:97:1: W293 blank line contains whitespace

./launch/visualize.launch.py:98:3: E114 indentation is not a multiple of 4 (comment)

./launch/visualize.launch.py:99:3: E111 indentation is not a multiple of 4

./launch/visualize.launch.py:100:3: E111 indentation is not a multiple of 4

./launch/visualize.launch.py:101:3: E111 indentation is not a multiple of 4

./launch/visualize.launch.py:102:3: E111 indentation is not a multiple of 4

./launch/visualize.launch.py:102:49: W291 trailing whitespace

./launch/visualize.launch.py:103:3: E111 indentation is not a multiple of 4

./launch/visualize.launch.py:103:38: W291 trailing whitespace

./launch/visualize.launch.py:104:3: E111 indentation is not a multiple of 4

./launch/visualize.launch.py:105:1: W293 blank line contains whitespace

./launch/visualize.launch.py:106:3: E114 indentation is not a multiple of 4 (comment)

./launch/visualize.launch.py:107:3: E111 indentation is not a multiple of 4

./launch/visualize.launch.py:108:3: E111 indentation is not a multiple of 4

./launch/visualize.launch.py:109:3: E111 indentation is not a multiple of 4

./launch/visualize.launch.py:110:3: E111 indentation is not a multiple of 4

./launch/visualize.launch.py:111:1: W293 blank line contains whitespace

./launch/visualize.launch.py:112:3: E111 indentation is not a multiple of 4

./launch/visualize.launch.py:112:12: W292 no newline at end of file


1 files checked
76 errors

'E'-type errors: 48
'W'-type errors: 28

Checked files:

* ./launch/visualize.launch.py
-- run_test.py: return code 1
-- run_test.py: verify result file '/home/julien/Documents/ros/robot_arm/build/Robot_description/test_results/Robot_description/flake8.xunit.xml'
<end of output>
Test time =   0.33 sec
----------------------------------------------------------
Test Failed.
"flake8" end time: Apr 16 16:00 CEST
"flake8" time elapsed: 00:00:00
----------------------------------------------------------

2/4 Testing: lint_cmake
2/4 Test: lint_cmake
Command: "/usr/bin/python3.10" "-u" "/opt/ros/humble/share/ament_cmake_test/cmake/run_test.py" "/home/julien/Documents/ros/robot_arm/build/Robot_description/test_results/Robot_description/lint_cmake.xunit.xml" "--package-name" "Robot_description" "--output-file" "/home/julien/Documents/ros/robot_arm/build/Robot_description/ament_lint_cmake/lint_cmake.txt" "--command" "/opt/ros/humble/bin/ament_lint_cmake" "--xunit-file" "/home/julien/Documents/ros/robot_arm/build/Robot_description/test_results/Robot_description/lint_cmake.xunit.xml"
Directory: /home/julien/Documents/ros/robot_arm/src/Robot_description
"lint_cmake" start time: Apr 16 16:00 CEST
Output:
----------------------------------------------------------
-- run_test.py: invoking following command in '/home/julien/Documents/ros/robot_arm/src/Robot_description':
 - /opt/ros/humble/bin/ament_lint_cmake --xunit-file /home/julien/Documents/ros/robot_arm/build/Robot_description/test_results/Robot_description/lint_cmake.xunit.xml
CMakeLists.txt:16: Tab found; please use spaces [whitespace/tabs]
CMakeLists.txt:17: Tab found; please use spaces [whitespace/tabs]
CMakeLists.txt:18: Tab found; please use spaces [whitespace/tabs]
CMakeLists.txt:19: Tab found; please use spaces [whitespace/tabs]


4 errors
-- run_test.py: return code 1
-- run_test.py: verify result file '/home/julien/Documents/ros/robot_arm/build/Robot_description/test_results/Robot_description/lint_cmake.xunit.xml'
<end of output>
Test time =   0.19 sec
----------------------------------------------------------
Test Failed.
"lint_cmake" end time: Apr 16 16:00 CEST
"lint_cmake" time elapsed: 00:00:00
----------------------------------------------------------

3/4 Testing: pep257
3/4 Test: pep257
Command: "/usr/bin/python3.10" "-u" "/opt/ros/humble/share/ament_cmake_test/cmake/run_test.py" "/home/julien/Documents/ros/robot_arm/build/Robot_description/test_results/Robot_description/pep257.xunit.xml" "--package-name" "Robot_description" "--output-file" "/home/julien/Documents/ros/robot_arm/build/Robot_description/ament_pep257/pep257.txt" "--command" "/opt/ros/humble/bin/ament_pep257" "--xunit-file" "/home/julien/Documents/ros/robot_arm/build/Robot_description/test_results/Robot_description/pep257.xunit.xml"
Directory: /home/julien/Documents/ros/robot_arm/src/Robot_description
"pep257" start time: Apr 16 16:00 CEST
Output:
----------------------------------------------------------
-- run_test.py: invoking following command in '/home/julien/Documents/ros/robot_arm/src/Robot_description':
 - /opt/ros/humble/bin/ament_pep257 --xunit-file /home/julien/Documents/ros/robot_arm/build/Robot_description/test_results/Robot_description/pep257.xunit.xml
checking ./launch/visualize.launch.py
No problems found
-- run_test.py: return code 0
-- run_test.py: verify result file '/home/julien/Documents/ros/robot_arm/build/Robot_description/test_results/Robot_description/pep257.xunit.xml'
<end of output>
Test time =   0.26 sec
----------------------------------------------------------
Test Passed.
"pep257" end time: Apr 16 16:00 CEST
"pep257" time elapsed: 00:00:00
----------------------------------------------------------

4/4 Testing: xmllint
4/4 Test: xmllint
Command: "/usr/bin/python3.10" "-u" "/opt/ros/humble/share/ament_cmake_test/cmake/run_test.py" "/home/julien/Documents/ros/robot_arm/build/Robot_description/test_results/Robot_description/xmllint.xunit.xml" "--package-name" "Robot_description" "--output-file" "/home/julien/Documents/ros/robot_arm/build/Robot_description/ament_xmllint/xmllint.txt" "--command" "/opt/ros/humble/bin/ament_xmllint" "--xunit-file" "/home/julien/Documents/ros/robot_arm/build/Robot_description/test_results/Robot_description/xmllint.xunit.xml"
Directory: /home/julien/Documents/ros/robot_arm/src/Robot_description
"xmllint" start time: Apr 16 16:00 CEST
Output:
----------------------------------------------------------
-- run_test.py: invoking following command in '/home/julien/Documents/ros/robot_arm/src/Robot_description':
 - /opt/ros/humble/bin/ament_xmllint --xunit-file /home/julien/Documents/ros/robot_arm/build/Robot_description/test_results/Robot_description/xmllint.xunit.xml
File 'package.xml' is invalid:
/home/julien/Documents/ros/robot_arm/src/Robot_description/package.xml:4: element name: Schemas validity error : Element 'name': [facet 'pattern'] The value 'Robot_description' is not accepted by the pattern '[a-z](_?[a-z0-9]+)*'.
/home/julien/Documents/ros/robot_arm/src/Robot_description/package.xml fails to validate

1 files are invalid
-- run_test.py: return code 1
-- run_test.py: verify result file '/home/julien/Documents/ros/robot_arm/build/Robot_description/test_results/Robot_description/xmllint.xunit.xml'
<end of output>
Test time =   0.54 sec
----------------------------------------------------------
Test Failed.
"xmllint" end time: Apr 16 16:00 CEST
"xmllint" time elapsed: 00:00:00
----------------------------------------------------------

End testing: Apr 16 16:00 CEST

flake8 =   0.33 sec*proc

lint_cmake =   0.19 sec*proc

linter =   1.32 sec*proc

pep257 =   0.26 sec*proc

xmllint =   0.54 sec*proc

