[01m[K/home/julien/Documents/ros/robot_arm/ros2_ws_robot/src/prog_robot_cpp/src/move.cpp:[m[K In constructor â€˜[01m[KMove::Move()[m[Kâ€™:
[01m[K/home/julien/Documents/ros/robot_arm/ros2_ws_robot/src/prog_robot_cpp/src/move.cpp:45:5:[m[K [01;31m[Kerror: [m[Kexpected identifier before â€˜[01m[K{[m[Kâ€™ token
   45 |     [01;31m[K{[m[K
      |     [01;31m[K^[m[K
[01m[K/home/julien/Documents/ros/robot_arm/ros2_ws_robot/src/prog_robot_cpp/src/move.cpp:[m[K In member function â€˜[01m[Kvoid Move::pose_callback(std_msgs::msg::Float32MultiArray)[m[Kâ€™:
[01m[K/home/julien/Documents/ros/robot_arm/ros2_ws_robot/src/prog_robot_cpp/src/move.cpp:89:20:[m[K [01;31m[Kerror: [m[Kreturn-statement with a value, in function returning â€˜[01m[Kvoid[m[Kâ€™ [[01;31m[K]8;;https://gcc.gnu.org/onlinedocs/gcc/Warning-Options.html#index-fpermissive-fpermissive]8;;[m[K]
   89 |             return [01;31m[K1[m[K;
      |                    [01;31m[K^[m[K
[01m[K/home/julien/Documents/ros/robot_arm/ros2_ws_robot/src/prog_robot_cpp/src/move.cpp:98:20:[m[K [01;31m[Kerror: [m[Kreturn-statement with a value, in function returning â€˜[01m[Kvoid[m[Kâ€™ [[01;31m[K]8;;https://gcc.gnu.org/onlinedocs/gcc/Warning-Options.html#index-fpermissive-fpermissive]8;;[m[K]
   98 |             return [01;31m[K1[m[K;
      |                    [01;31m[K^[m[K
In file included from [01m[K/opt/ros/humble/include/tf2/tf2/convert.h:41[m[K,
                 from [01m[K/opt/ros/humble/include/tf2_ros/tf2_ros/buffer_interface.h:43[m[K,
                 from [01m[K/opt/ros/humble/include/tf2_ros/tf2_ros/buffer.h:42[m[K,
                 from [01m[K/home/julien/Documents/ros/ws_moveit2/install/moveit_ros_planning_interface/include/moveit/move_group_interface/move_group_interface.h:62[m[K,
                 from [01m[K/home/julien/Documents/ros/robot_arm/ros2_ws_robot/src/prog_robot_cpp/src/move.cpp:4[m[K:
/opt/ros/humble/include/tf2/tf2/impl/convert.h: In instantiation of â€˜[01m[Kstatic void tf2::impl::Converter<IS_MESSAGE_A, IS_MESSAGE_B>::convert(const A&, B&) [with A = tf2::Transform; B = Eigen::Transform<double, 3, 2>; bool IS_MESSAGE_A = false; bool IS_MESSAGE_B = false][m[Kâ€™:
[01m[K/opt/ros/humble/include/tf2/tf2/convert.h:151:60:[m[K   required from â€˜[01m[Kvoid tf2::convert(const A&, B&) [with A = tf2::Transform; B = Eigen::Transform<double, 3, 2>][m[Kâ€™
[01m[K/home/julien/Documents/ros/robot_arm/ros2_ws_robot/src/prog_robot_cpp/src/move.cpp:107:21:[m[K   required from here
[01m[K/opt/ros/humble/include/tf2/tf2/impl/convert.h:74:16:[m[K [01;31m[Kerror: [m[Kno matching function for call to â€˜[01m[KtoMsg(const tf2::Transform&)[m[Kâ€™
   74 |   fromMsg([01;31m[KtoMsg(a)[m[K, b);
      |           [01;31m[K~~~~~^~~[m[K
In file included from [01m[K/opt/ros/humble/include/tf2_ros/tf2_ros/buffer_interface.h:43[m[K,
                 from [01m[K/opt/ros/humble/include/tf2_ros/tf2_ros/buffer.h:42[m[K,
                 from [01m[K/home/julien/Documents/ros/ws_moveit2/install/moveit_ros_planning_interface/include/moveit/move_group_interface/move_group_interface.h:62[m[K,
                 from [01m[K/home/julien/Documents/ros/robot_arm/ros2_ws_robot/src/prog_robot_cpp/src/move.cpp:4[m[K:
[01m[K/opt/ros/humble/include/tf2/tf2/convert.h:129:3:[m[K [01;36m[Knote: [m[Kcandidate: â€˜[01m[Ktemplate<class A, class B> B tf2::toMsg(const A&)[m[Kâ€™
  129 | B [01;36m[KtoMsg[m[K(const A & a);
      |   [01;36m[K^~~~~[m[K
[01m[K/opt/ros/humble/include/tf2/tf2/convert.h:129:3:[m[K [01;36m[Knote: [m[K  template argument deduction/substitution failed:
In file included from [01m[K/opt/ros/humble/include/tf2/tf2/convert.h:41[m[K,
                 from [01m[K/opt/ros/humble/include/tf2_ros/tf2_ros/buffer_interface.h:43[m[K,
                 from [01m[K/opt/ros/humble/include/tf2_ros/tf2_ros/buffer.h:42[m[K,
                 from [01m[K/home/julien/Documents/ros/ws_moveit2/install/moveit_ros_planning_interface/include/moveit/move_group_interface/move_group_interface.h:62[m[K,
                 from [01m[K/home/julien/Documents/ros/robot_arm/ros2_ws_robot/src/prog_robot_cpp/src/move.cpp:4[m[K:
[01m[K/opt/ros/humble/include/tf2/tf2/impl/convert.h:74:16:[m[K [01;36m[Knote: [m[K  couldnâ€™t deduce template parameter â€˜[01m[KB[m[Kâ€™
   74 |   fromMsg([01;36m[KtoMsg(a)[m[K, b);
      |           [01;36m[K~~~~~^~~[m[K
[01m[K/opt/ros/humble/include/tf2/tf2/impl/convert.h:74:10:[m[K [01;31m[Kerror: [m[Kâ€˜[01m[KfromMsg[m[Kâ€™ was not declared in this scope, and no declarations were found by argument-dependent lookup at the point of instantiation [[01;31m[K]8;;https://gcc.gnu.org/onlinedocs/gcc/Warning-Options.html#index-fpermissive-fpermissive]8;;[m[K]
   74 |   [01;31m[KfromMsg(toMsg(a), b)[m[K;
      |   [01;31m[K~~~~~~~^~~~~~~~~~~~~[m[K
In file included from [01m[K/opt/ros/humble/include/tf2_ros/tf2_ros/buffer_interface.h:43[m[K,
                 from [01m[K/opt/ros/humble/include/tf2_ros/tf2_ros/buffer.h:42[m[K,
                 from [01m[K/home/julien/Documents/ros/ws_moveit2/install/moveit_ros_planning_interface/include/moveit/move_group_interface/move_group_interface.h:62[m[K,
                 from [01m[K/home/julien/Documents/ros/robot_arm/ros2_ws_robot/src/prog_robot_cpp/src/move.cpp:4[m[K:
[01m[K/opt/ros/humble/include/tf2/tf2/convert.h:138:6:[m[K [01;36m[Knote: [m[Kâ€˜[01m[Ktemplate<class A, class B> void tf2::fromMsg(const A&, B&)[m[Kâ€™ declared here, later in the translation unit
  138 | void [01;36m[KfromMsg[m[K(const A &, B & b);
      |      [01;36m[K^~~~~~~[m[K
gmake[2]: *** [CMakeFiles/move.dir/build.make:76: CMakeFiles/move.dir/src/move.cpp.o] Error 1
gmake[1]: *** [CMakeFiles/Makefile2:169: CMakeFiles/move.dir/all] Error 2
gmake: *** [Makefile:146: all] Error 2
